ARM GAS  C:\Users\npat025\AppData\Local\Temp\cc5vrHhY.s 			page 1


   1              		.syntax unified
   2              		.cpu cortex-m0
   3              		.fpu softvfp
   4              		.eabi_attribute 20, 1
   5              		.eabi_attribute 21, 1
   6              		.eabi_attribute 23, 3
   7              		.eabi_attribute 24, 1
   8              		.eabi_attribute 25, 1
   9              		.eabi_attribute 26, 1
  10              		.eabi_attribute 30, 6
  11              		.eabi_attribute 34, 0
  12              		.eabi_attribute 18, 4
  13              		.thumb
  14              		.syntax unified
  15              		.file	"cyfitter_cfg.c"
  16              		.text
  17              	.Ltext0:
  18              		.cfi_sections	.debug_frame
  19              		.section	.text.CYMEMZERO,"ax",%progbits
  20              		.align	2
  21              		.code	16
  22              		.thumb_func
  23              		.type	CYMEMZERO, %function
  24              	CYMEMZERO:
  25              	.LFB0:
  26              		.file 1 "Generated_Source\\PSoC4\\cyfitter_cfg.c"
   1:Generated_Source\PSoC4/cyfitter_cfg.c **** 
   2:Generated_Source\PSoC4/cyfitter_cfg.c **** /*******************************************************************************
   3:Generated_Source\PSoC4/cyfitter_cfg.c **** * File Name: cyfitter_cfg.c
   4:Generated_Source\PSoC4/cyfitter_cfg.c **** * 
   5:Generated_Source\PSoC4/cyfitter_cfg.c **** * PSoC Creator  4.4
   6:Generated_Source\PSoC4/cyfitter_cfg.c **** *
   7:Generated_Source\PSoC4/cyfitter_cfg.c **** * Description:
   8:Generated_Source\PSoC4/cyfitter_cfg.c **** * This file contains device initialization code.
   9:Generated_Source\PSoC4/cyfitter_cfg.c **** * Except for the user defined sections in CyClockStartupError(), this file should not be modified.
  10:Generated_Source\PSoC4/cyfitter_cfg.c **** * This file is automatically generated by PSoC Creator.
  11:Generated_Source\PSoC4/cyfitter_cfg.c **** *
  12:Generated_Source\PSoC4/cyfitter_cfg.c **** ********************************************************************************
  13:Generated_Source\PSoC4/cyfitter_cfg.c **** * Copyright (c) 2007-2020 Cypress Semiconductor.  All rights reserved.
  14:Generated_Source\PSoC4/cyfitter_cfg.c **** * You may use this file only in accordance with the license, terms, conditions, 
  15:Generated_Source\PSoC4/cyfitter_cfg.c **** * disclaimers, and limitations in the end user license agreement accompanying 
  16:Generated_Source\PSoC4/cyfitter_cfg.c **** * the software package with which this file was provided.
  17:Generated_Source\PSoC4/cyfitter_cfg.c **** ********************************************************************************/
  18:Generated_Source\PSoC4/cyfitter_cfg.c **** 
  19:Generated_Source\PSoC4/cyfitter_cfg.c **** #include <string.h>
  20:Generated_Source\PSoC4/cyfitter_cfg.c **** #include "cytypes.h"
  21:Generated_Source\PSoC4/cyfitter_cfg.c **** #include "cydevice_trm.h"
  22:Generated_Source\PSoC4/cyfitter_cfg.c **** #include "cyfitter.h"
  23:Generated_Source\PSoC4/cyfitter_cfg.c **** #include "CyLib.h"
  24:Generated_Source\PSoC4/cyfitter_cfg.c **** #include "cyfitter_cfg.h"
  25:Generated_Source\PSoC4/cyfitter_cfg.c **** 
  26:Generated_Source\PSoC4/cyfitter_cfg.c **** 
  27:Generated_Source\PSoC4/cyfitter_cfg.c **** #if defined(__GNUC__) || defined(__ARMCC_VERSION)
  28:Generated_Source\PSoC4/cyfitter_cfg.c ****     #define CYPACKED 
  29:Generated_Source\PSoC4/cyfitter_cfg.c ****     #define CYPACKED_ATTR __attribute__ ((packed))
  30:Generated_Source\PSoC4/cyfitter_cfg.c ****     #define CYALIGNED __attribute__ ((aligned))
  31:Generated_Source\PSoC4/cyfitter_cfg.c ****     #define CY_CFG_UNUSED __attribute__ ((unused))
ARM GAS  C:\Users\npat025\AppData\Local\Temp\cc5vrHhY.s 			page 2


  32:Generated_Source\PSoC4/cyfitter_cfg.c ****     #ifndef CY_CFG_SECTION
  33:Generated_Source\PSoC4/cyfitter_cfg.c ****         #define CY_CFG_SECTION __attribute__ ((section(".psocinit")))
  34:Generated_Source\PSoC4/cyfitter_cfg.c ****     #endif
  35:Generated_Source\PSoC4/cyfitter_cfg.c ****     
  36:Generated_Source\PSoC4/cyfitter_cfg.c ****     #if defined(__ARMCC_VERSION)
  37:Generated_Source\PSoC4/cyfitter_cfg.c ****         #define CY_CFG_MEMORY_BARRIER() __memory_changed()
  38:Generated_Source\PSoC4/cyfitter_cfg.c ****     #else
  39:Generated_Source\PSoC4/cyfitter_cfg.c ****         #define CY_CFG_MEMORY_BARRIER() __sync_synchronize()
  40:Generated_Source\PSoC4/cyfitter_cfg.c ****     #endif
  41:Generated_Source\PSoC4/cyfitter_cfg.c ****     
  42:Generated_Source\PSoC4/cyfitter_cfg.c **** #elif defined(__ICCARM__)
  43:Generated_Source\PSoC4/cyfitter_cfg.c ****     #include <intrinsics.h>
  44:Generated_Source\PSoC4/cyfitter_cfg.c **** 
  45:Generated_Source\PSoC4/cyfitter_cfg.c ****     #define CYPACKED __packed
  46:Generated_Source\PSoC4/cyfitter_cfg.c ****     #define CYPACKED_ATTR 
  47:Generated_Source\PSoC4/cyfitter_cfg.c ****     #define CYALIGNED _Pragma("data_alignment=4")
  48:Generated_Source\PSoC4/cyfitter_cfg.c ****     #define CY_CFG_UNUSED _Pragma("diag_suppress=Pe177")
  49:Generated_Source\PSoC4/cyfitter_cfg.c ****     #define CY_CFG_SECTION _Pragma("location=\".psocinit\"")
  50:Generated_Source\PSoC4/cyfitter_cfg.c ****     
  51:Generated_Source\PSoC4/cyfitter_cfg.c ****     #define CY_CFG_MEMORY_BARRIER() __DMB()
  52:Generated_Source\PSoC4/cyfitter_cfg.c ****     
  53:Generated_Source\PSoC4/cyfitter_cfg.c **** #else
  54:Generated_Source\PSoC4/cyfitter_cfg.c ****     #error Unsupported toolchain
  55:Generated_Source\PSoC4/cyfitter_cfg.c **** #endif
  56:Generated_Source\PSoC4/cyfitter_cfg.c **** 
  57:Generated_Source\PSoC4/cyfitter_cfg.c **** #ifndef CYCODE
  58:Generated_Source\PSoC4/cyfitter_cfg.c ****     #define CYCODE
  59:Generated_Source\PSoC4/cyfitter_cfg.c **** #endif
  60:Generated_Source\PSoC4/cyfitter_cfg.c **** #ifndef CYDATA
  61:Generated_Source\PSoC4/cyfitter_cfg.c ****     #define CYDATA
  62:Generated_Source\PSoC4/cyfitter_cfg.c **** #endif
  63:Generated_Source\PSoC4/cyfitter_cfg.c **** #ifndef CYFAR
  64:Generated_Source\PSoC4/cyfitter_cfg.c ****     #define CYFAR
  65:Generated_Source\PSoC4/cyfitter_cfg.c **** #endif
  66:Generated_Source\PSoC4/cyfitter_cfg.c **** #ifndef CYXDATA
  67:Generated_Source\PSoC4/cyfitter_cfg.c ****     #define CYXDATA
  68:Generated_Source\PSoC4/cyfitter_cfg.c **** #endif
  69:Generated_Source\PSoC4/cyfitter_cfg.c **** 
  70:Generated_Source\PSoC4/cyfitter_cfg.c **** 
  71:Generated_Source\PSoC4/cyfitter_cfg.c **** CY_CFG_UNUSED
  72:Generated_Source\PSoC4/cyfitter_cfg.c **** static void CYMEMZERO(void *s, size_t n);
  73:Generated_Source\PSoC4/cyfitter_cfg.c **** CY_CFG_UNUSED
  74:Generated_Source\PSoC4/cyfitter_cfg.c **** static void CYMEMZERO(void *s, size_t n)
  75:Generated_Source\PSoC4/cyfitter_cfg.c **** {
  27              		.loc 1 75 0
  28              		.cfi_startproc
  29              		@ args = 0, pretend = 0, frame = 8
  30              		@ frame_needed = 1, uses_anonymous_args = 0
  31 0000 80B5     		push	{r7, lr}
  32              		.cfi_def_cfa_offset 8
  33              		.cfi_offset 7, -8
  34              		.cfi_offset 14, -4
  35 0002 82B0     		sub	sp, sp, #8
  36              		.cfi_def_cfa_offset 16
  37 0004 00AF     		add	r7, sp, #0
  38              		.cfi_def_cfa_register 7
  39 0006 7860     		str	r0, [r7, #4]
ARM GAS  C:\Users\npat025\AppData\Local\Temp\cc5vrHhY.s 			page 3


  40 0008 3960     		str	r1, [r7]
  76:Generated_Source\PSoC4/cyfitter_cfg.c **** 	(void)memset(s, 0, n);
  41              		.loc 1 76 0
  42 000a 3A68     		ldr	r2, [r7]
  43 000c 7B68     		ldr	r3, [r7, #4]
  44 000e 0021     		movs	r1, #0
  45 0010 1800     		movs	r0, r3
  46 0012 FFF7FEFF 		bl	memset
  77:Generated_Source\PSoC4/cyfitter_cfg.c **** }
  47              		.loc 1 77 0
  48 0016 C046     		nop
  49 0018 BD46     		mov	sp, r7
  50 001a 02B0     		add	sp, sp, #8
  51              		@ sp needed
  52 001c 80BD     		pop	{r7, pc}
  53              		.cfi_endproc
  54              	.LFE0:
  55              		.size	CYMEMZERO, .-CYMEMZERO
  56 001e C046     		.section	.text.CYCONFIGCPY,"ax",%progbits
  57              		.align	2
  58              		.code	16
  59              		.thumb_func
  60              		.type	CYCONFIGCPY, %function
  61              	CYCONFIGCPY:
  62              	.LFB1:
  78:Generated_Source\PSoC4/cyfitter_cfg.c **** CY_CFG_UNUSED
  79:Generated_Source\PSoC4/cyfitter_cfg.c **** static void CYCONFIGCPY(void *dest, const void *src, size_t n);
  80:Generated_Source\PSoC4/cyfitter_cfg.c **** CY_CFG_UNUSED
  81:Generated_Source\PSoC4/cyfitter_cfg.c **** static void CYCONFIGCPY(void *dest, const void *src, size_t n)
  82:Generated_Source\PSoC4/cyfitter_cfg.c **** {
  63              		.loc 1 82 0
  64              		.cfi_startproc
  65              		@ args = 0, pretend = 0, frame = 16
  66              		@ frame_needed = 1, uses_anonymous_args = 0
  67 0000 80B5     		push	{r7, lr}
  68              		.cfi_def_cfa_offset 8
  69              		.cfi_offset 7, -8
  70              		.cfi_offset 14, -4
  71 0002 84B0     		sub	sp, sp, #16
  72              		.cfi_def_cfa_offset 24
  73 0004 00AF     		add	r7, sp, #0
  74              		.cfi_def_cfa_register 7
  75 0006 F860     		str	r0, [r7, #12]
  76 0008 B960     		str	r1, [r7, #8]
  77 000a 7A60     		str	r2, [r7, #4]
  83:Generated_Source\PSoC4/cyfitter_cfg.c **** 	(void)memcpy(dest, src, n);
  78              		.loc 1 83 0
  79 000c 7A68     		ldr	r2, [r7, #4]
  80 000e B968     		ldr	r1, [r7, #8]
  81 0010 FB68     		ldr	r3, [r7, #12]
  82 0012 1800     		movs	r0, r3
  83 0014 FFF7FEFF 		bl	memcpy
  84:Generated_Source\PSoC4/cyfitter_cfg.c **** }
  84              		.loc 1 84 0
  85 0018 C046     		nop
  86 001a BD46     		mov	sp, r7
  87 001c 04B0     		add	sp, sp, #16
ARM GAS  C:\Users\npat025\AppData\Local\Temp\cc5vrHhY.s 			page 4


  88              		@ sp needed
  89 001e 80BD     		pop	{r7, pc}
  90              		.cfi_endproc
  91              	.LFE1:
  92              		.size	CYCONFIGCPY, .-CYCONFIGCPY
  93              		.section	.text.CYCONFIGCPYCODE,"ax",%progbits
  94              		.align	2
  95              		.code	16
  96              		.thumb_func
  97              		.type	CYCONFIGCPYCODE, %function
  98              	CYCONFIGCPYCODE:
  99              	.LFB2:
  85:Generated_Source\PSoC4/cyfitter_cfg.c **** CY_CFG_UNUSED
  86:Generated_Source\PSoC4/cyfitter_cfg.c **** static void CYCONFIGCPYCODE(void *dest, const void *src, size_t n);
  87:Generated_Source\PSoC4/cyfitter_cfg.c **** CY_CFG_UNUSED
  88:Generated_Source\PSoC4/cyfitter_cfg.c **** static void CYCONFIGCPYCODE(void *dest, const void *src, size_t n)
  89:Generated_Source\PSoC4/cyfitter_cfg.c **** {
 100              		.loc 1 89 0
 101              		.cfi_startproc
 102              		@ args = 0, pretend = 0, frame = 16
 103              		@ frame_needed = 1, uses_anonymous_args = 0
 104 0000 80B5     		push	{r7, lr}
 105              		.cfi_def_cfa_offset 8
 106              		.cfi_offset 7, -8
 107              		.cfi_offset 14, -4
 108 0002 84B0     		sub	sp, sp, #16
 109              		.cfi_def_cfa_offset 24
 110 0004 00AF     		add	r7, sp, #0
 111              		.cfi_def_cfa_register 7
 112 0006 F860     		str	r0, [r7, #12]
 113 0008 B960     		str	r1, [r7, #8]
 114 000a 7A60     		str	r2, [r7, #4]
  90:Generated_Source\PSoC4/cyfitter_cfg.c **** 	(void)memcpy(dest, src, n);
 115              		.loc 1 90 0
 116 000c 7A68     		ldr	r2, [r7, #4]
 117 000e B968     		ldr	r1, [r7, #8]
 118 0010 FB68     		ldr	r3, [r7, #12]
 119 0012 1800     		movs	r0, r3
 120 0014 FFF7FEFF 		bl	memcpy
  91:Generated_Source\PSoC4/cyfitter_cfg.c **** }
 121              		.loc 1 91 0
 122 0018 C046     		nop
 123 001a BD46     		mov	sp, r7
 124 001c 04B0     		add	sp, sp, #16
 125              		@ sp needed
 126 001e 80BD     		pop	{r7, pc}
 127              		.cfi_endproc
 128              	.LFE2:
 129              		.size	CYCONFIGCPYCODE, .-CYCONFIGCPYCODE
 130              		.section	.text.cfg_write_bytes32,"ax",%progbits
 131              		.align	2
 132              		.code	16
 133              		.thumb_func
 134              		.type	cfg_write_bytes32, %function
 135              	cfg_write_bytes32:
 136              	.LFB3:
  92:Generated_Source\PSoC4/cyfitter_cfg.c **** 
ARM GAS  C:\Users\npat025\AppData\Local\Temp\cc5vrHhY.s 			page 5


  93:Generated_Source\PSoC4/cyfitter_cfg.c **** 
  94:Generated_Source\PSoC4/cyfitter_cfg.c **** 
  95:Generated_Source\PSoC4/cyfitter_cfg.c **** 
  96:Generated_Source\PSoC4/cyfitter_cfg.c **** /* Clock startup error codes                                                   */
  97:Generated_Source\PSoC4/cyfitter_cfg.c **** #define CYCLOCKSTART_NO_ERROR    0u
  98:Generated_Source\PSoC4/cyfitter_cfg.c **** #define CYCLOCKSTART_XTAL_ERROR  1u
  99:Generated_Source\PSoC4/cyfitter_cfg.c **** #define CYCLOCKSTART_32KHZ_ERROR 2u
 100:Generated_Source\PSoC4/cyfitter_cfg.c **** #define CYCLOCKSTART_PLL_ERROR   3u
 101:Generated_Source\PSoC4/cyfitter_cfg.c **** #define CYCLOCKSTART_FLL_ERROR   4u
 102:Generated_Source\PSoC4/cyfitter_cfg.c **** #define CYCLOCKSTART_WCO_ERROR   5u
 103:Generated_Source\PSoC4/cyfitter_cfg.c **** 
 104:Generated_Source\PSoC4/cyfitter_cfg.c **** 
 105:Generated_Source\PSoC4/cyfitter_cfg.c **** #ifdef CY_NEED_CYCLOCKSTARTUPERROR
 106:Generated_Source\PSoC4/cyfitter_cfg.c **** /*******************************************************************************
 107:Generated_Source\PSoC4/cyfitter_cfg.c **** * Function Name: CyClockStartupError
 108:Generated_Source\PSoC4/cyfitter_cfg.c **** ********************************************************************************
 109:Generated_Source\PSoC4/cyfitter_cfg.c **** * Summary:
 110:Generated_Source\PSoC4/cyfitter_cfg.c **** *  If an error is encountered during clock configuration (crystal startup error,
 111:Generated_Source\PSoC4/cyfitter_cfg.c **** *  PLL lock error, etc.), the system will end up here.  Unless reimplemented by
 112:Generated_Source\PSoC4/cyfitter_cfg.c **** *  the customer, this function will stop in an infinite loop.
 113:Generated_Source\PSoC4/cyfitter_cfg.c **** *
 114:Generated_Source\PSoC4/cyfitter_cfg.c **** * Parameters:
 115:Generated_Source\PSoC4/cyfitter_cfg.c **** *   void
 116:Generated_Source\PSoC4/cyfitter_cfg.c **** *
 117:Generated_Source\PSoC4/cyfitter_cfg.c **** * Return:
 118:Generated_Source\PSoC4/cyfitter_cfg.c **** *   void
 119:Generated_Source\PSoC4/cyfitter_cfg.c **** *
 120:Generated_Source\PSoC4/cyfitter_cfg.c **** *******************************************************************************/
 121:Generated_Source\PSoC4/cyfitter_cfg.c **** CY_CFG_UNUSED
 122:Generated_Source\PSoC4/cyfitter_cfg.c **** static void CyClockStartupError(uint8 errorCode);
 123:Generated_Source\PSoC4/cyfitter_cfg.c **** CY_CFG_UNUSED
 124:Generated_Source\PSoC4/cyfitter_cfg.c **** static void CyClockStartupError(uint8 errorCode)
 125:Generated_Source\PSoC4/cyfitter_cfg.c **** {
 126:Generated_Source\PSoC4/cyfitter_cfg.c ****     /* To remove the compiler warning if errorCode not used.                */
 127:Generated_Source\PSoC4/cyfitter_cfg.c ****     errorCode = errorCode;
 128:Generated_Source\PSoC4/cyfitter_cfg.c **** 
 129:Generated_Source\PSoC4/cyfitter_cfg.c ****     /* If we have a clock startup error (bad MHz crystal, PLL lock, etc.),  */
 130:Generated_Source\PSoC4/cyfitter_cfg.c ****     /* we will end up here to allow the customer to implement something to  */
 131:Generated_Source\PSoC4/cyfitter_cfg.c ****     /* deal with the clock condition.                                       */
 132:Generated_Source\PSoC4/cyfitter_cfg.c **** 
 133:Generated_Source\PSoC4/cyfitter_cfg.c **** #ifdef CY_CFG_CLOCK_STARTUP_ERROR_CALLBACK
 134:Generated_Source\PSoC4/cyfitter_cfg.c ****     CY_CFG_Clock_Startup_ErrorCallback();
 135:Generated_Source\PSoC4/cyfitter_cfg.c **** #else
 136:Generated_Source\PSoC4/cyfitter_cfg.c ****     /*  If not using CY_CFG_CLOCK_STARTUP_ERROR_CALLBACK, place your clock startup code here. */
 137:Generated_Source\PSoC4/cyfitter_cfg.c ****     /* `#START CyClockStartupError` */
 138:Generated_Source\PSoC4/cyfitter_cfg.c **** 
 139:Generated_Source\PSoC4/cyfitter_cfg.c **** 
 140:Generated_Source\PSoC4/cyfitter_cfg.c **** 
 141:Generated_Source\PSoC4/cyfitter_cfg.c ****     /* `#END` */
 142:Generated_Source\PSoC4/cyfitter_cfg.c **** 
 143:Generated_Source\PSoC4/cyfitter_cfg.c ****     while(1) {}
 144:Generated_Source\PSoC4/cyfitter_cfg.c **** #endif /* CY_CFG_CLOCK_STARTUP_ERROR_CALLBACK */
 145:Generated_Source\PSoC4/cyfitter_cfg.c **** }
 146:Generated_Source\PSoC4/cyfitter_cfg.c **** #endif
 147:Generated_Source\PSoC4/cyfitter_cfg.c **** 
 148:Generated_Source\PSoC4/cyfitter_cfg.c **** #define CY_CFG_BASE_ADDR_COUNT 3u
 149:Generated_Source\PSoC4/cyfitter_cfg.c **** CYPACKED typedef struct
ARM GAS  C:\Users\npat025\AppData\Local\Temp\cc5vrHhY.s 			page 6


 150:Generated_Source\PSoC4/cyfitter_cfg.c **** {
 151:Generated_Source\PSoC4/cyfitter_cfg.c **** 	uint8 offset;
 152:Generated_Source\PSoC4/cyfitter_cfg.c **** 	uint8 value;
 153:Generated_Source\PSoC4/cyfitter_cfg.c **** } CYPACKED_ATTR cy_cfg_addrvalue_t;
 154:Generated_Source\PSoC4/cyfitter_cfg.c **** 
 155:Generated_Source\PSoC4/cyfitter_cfg.c **** 
 156:Generated_Source\PSoC4/cyfitter_cfg.c **** 
 157:Generated_Source\PSoC4/cyfitter_cfg.c **** /*******************************************************************************
 158:Generated_Source\PSoC4/cyfitter_cfg.c **** * Function Name: cfg_write_bytes32
 159:Generated_Source\PSoC4/cyfitter_cfg.c **** ********************************************************************************
 160:Generated_Source\PSoC4/cyfitter_cfg.c **** * Summary:
 161:Generated_Source\PSoC4/cyfitter_cfg.c **** *  This function is used for setting up the chip configuration areas that
 162:Generated_Source\PSoC4/cyfitter_cfg.c **** *  contain relatively sparse data.
 163:Generated_Source\PSoC4/cyfitter_cfg.c **** *
 164:Generated_Source\PSoC4/cyfitter_cfg.c **** * Parameters:
 165:Generated_Source\PSoC4/cyfitter_cfg.c **** *   void
 166:Generated_Source\PSoC4/cyfitter_cfg.c **** *
 167:Generated_Source\PSoC4/cyfitter_cfg.c **** * Return:
 168:Generated_Source\PSoC4/cyfitter_cfg.c **** *   void
 169:Generated_Source\PSoC4/cyfitter_cfg.c **** *
 170:Generated_Source\PSoC4/cyfitter_cfg.c **** *******************************************************************************/
 171:Generated_Source\PSoC4/cyfitter_cfg.c **** static void cfg_write_bytes32(const uint32 addr_table[], const cy_cfg_addrvalue_t data_table[]);
 172:Generated_Source\PSoC4/cyfitter_cfg.c **** static void cfg_write_bytes32(const uint32 addr_table[], const cy_cfg_addrvalue_t data_table[])
 173:Generated_Source\PSoC4/cyfitter_cfg.c **** {
 137              		.loc 1 173 0
 138              		.cfi_startproc
 139              		@ args = 0, pretend = 0, frame = 24
 140              		@ frame_needed = 1, uses_anonymous_args = 0
 141 0000 80B5     		push	{r7, lr}
 142              		.cfi_def_cfa_offset 8
 143              		.cfi_offset 7, -8
 144              		.cfi_offset 14, -4
 145 0002 86B0     		sub	sp, sp, #24
 146              		.cfi_def_cfa_offset 32
 147 0004 00AF     		add	r7, sp, #0
 148              		.cfi_def_cfa_register 7
 149 0006 7860     		str	r0, [r7, #4]
 150 0008 3960     		str	r1, [r7]
 174:Generated_Source\PSoC4/cyfitter_cfg.c **** 	/* For 32-bit little-endian architectures */
 175:Generated_Source\PSoC4/cyfitter_cfg.c **** 	uint32 i, j = 0u;
 151              		.loc 1 175 0
 152 000a 0023     		movs	r3, #0
 153 000c 3B61     		str	r3, [r7, #16]
 176:Generated_Source\PSoC4/cyfitter_cfg.c **** 	for (i = 0u; i < CY_CFG_BASE_ADDR_COUNT; i++)
 154              		.loc 1 176 0
 155 000e 0023     		movs	r3, #0
 156 0010 7B61     		str	r3, [r7, #20]
 157 0012 2FE0     		b	.L5
 158              	.L8:
 159              	.LBB2:
 177:Generated_Source\PSoC4/cyfitter_cfg.c **** 	{
 178:Generated_Source\PSoC4/cyfitter_cfg.c **** 		uint32 baseAddr = addr_table[i];
 160              		.loc 1 178 0
 161 0014 7B69     		ldr	r3, [r7, #20]
 162 0016 9B00     		lsls	r3, r3, #2
 163 0018 7A68     		ldr	r2, [r7, #4]
 164 001a D318     		adds	r3, r2, r3
ARM GAS  C:\Users\npat025\AppData\Local\Temp\cc5vrHhY.s 			page 7


 165 001c 1B68     		ldr	r3, [r3]
 166 001e BB60     		str	r3, [r7, #8]
 179:Generated_Source\PSoC4/cyfitter_cfg.c **** 		uint8 count = (uint8)baseAddr;
 167              		.loc 1 179 0
 168 0020 0F23     		movs	r3, #15
 169 0022 FB18     		adds	r3, r7, r3
 170 0024 BA68     		ldr	r2, [r7, #8]
 171 0026 1A70     		strb	r2, [r3]
 180:Generated_Source\PSoC4/cyfitter_cfg.c **** 		baseAddr &= 0xFFFFFF00u;
 172              		.loc 1 180 0
 173 0028 BB68     		ldr	r3, [r7, #8]
 174 002a FF22     		movs	r2, #255
 175 002c 9343     		bics	r3, r2
 176 002e BB60     		str	r3, [r7, #8]
 181:Generated_Source\PSoC4/cyfitter_cfg.c **** 		while (count != 0u)
 177              		.loc 1 181 0
 178 0030 18E0     		b	.L6
 179              	.L7:
 182:Generated_Source\PSoC4/cyfitter_cfg.c **** 		{
 183:Generated_Source\PSoC4/cyfitter_cfg.c **** 			CY_SET_REG8((void *)(baseAddr + data_table[j].offset), data_table[j].value);
 180              		.loc 1 183 0
 181 0032 3B69     		ldr	r3, [r7, #16]
 182 0034 5B00     		lsls	r3, r3, #1
 183 0036 3A68     		ldr	r2, [r7]
 184 0038 D318     		adds	r3, r2, r3
 185 003a 1B78     		ldrb	r3, [r3]
 186 003c 1A00     		movs	r2, r3
 187 003e BB68     		ldr	r3, [r7, #8]
 188 0040 D318     		adds	r3, r2, r3
 189 0042 1900     		movs	r1, r3
 190 0044 3B69     		ldr	r3, [r7, #16]
 191 0046 5B00     		lsls	r3, r3, #1
 192 0048 3A68     		ldr	r2, [r7]
 193 004a D318     		adds	r3, r2, r3
 194 004c 5B78     		ldrb	r3, [r3, #1]
 195 004e 0B70     		strb	r3, [r1]
 184:Generated_Source\PSoC4/cyfitter_cfg.c **** 			j++;
 196              		.loc 1 184 0
 197 0050 3B69     		ldr	r3, [r7, #16]
 198 0052 0133     		adds	r3, r3, #1
 199 0054 3B61     		str	r3, [r7, #16]
 185:Generated_Source\PSoC4/cyfitter_cfg.c **** 			count--;
 200              		.loc 1 185 0
 201 0056 0F23     		movs	r3, #15
 202 0058 FB18     		adds	r3, r7, r3
 203 005a 1A78     		ldrb	r2, [r3]
 204 005c 0F23     		movs	r3, #15
 205 005e FB18     		adds	r3, r7, r3
 206 0060 013A     		subs	r2, r2, #1
 207 0062 1A70     		strb	r2, [r3]
 208              	.L6:
 181:Generated_Source\PSoC4/cyfitter_cfg.c **** 		{
 209              		.loc 1 181 0
 210 0064 0F23     		movs	r3, #15
 211 0066 FB18     		adds	r3, r7, r3
 212 0068 1B78     		ldrb	r3, [r3]
 213 006a 002B     		cmp	r3, #0
ARM GAS  C:\Users\npat025\AppData\Local\Temp\cc5vrHhY.s 			page 8


 214 006c E1D1     		bne	.L7
 215              	.LBE2:
 176:Generated_Source\PSoC4/cyfitter_cfg.c **** 	{
 216              		.loc 1 176 0 discriminator 2
 217 006e 7B69     		ldr	r3, [r7, #20]
 218 0070 0133     		adds	r3, r3, #1
 219 0072 7B61     		str	r3, [r7, #20]
 220              	.L5:
 176:Generated_Source\PSoC4/cyfitter_cfg.c **** 	{
 221              		.loc 1 176 0 is_stmt 0 discriminator 1
 222 0074 7B69     		ldr	r3, [r7, #20]
 223 0076 022B     		cmp	r3, #2
 224 0078 CCD9     		bls	.L8
 186:Generated_Source\PSoC4/cyfitter_cfg.c **** 		}
 187:Generated_Source\PSoC4/cyfitter_cfg.c **** 	}
 188:Generated_Source\PSoC4/cyfitter_cfg.c **** }
 225              		.loc 1 188 0 is_stmt 1
 226 007a C046     		nop
 227 007c BD46     		mov	sp, r7
 228 007e 06B0     		add	sp, sp, #24
 229              		@ sp needed
 230 0080 80BD     		pop	{r7, pc}
 231              		.cfi_endproc
 232              	.LFE3:
 233              		.size	cfg_write_bytes32, .-cfg_write_bytes32
 234 0082 C046     		.section	.psocinit,"ax",%progbits
 235              		.align	2
 236              		.code	16
 237              		.thumb_func
 238              		.type	ClockSetup, %function
 239              	ClockSetup:
 240              	.LFB4:
 189:Generated_Source\PSoC4/cyfitter_cfg.c **** 
 190:Generated_Source\PSoC4/cyfitter_cfg.c **** 
 191:Generated_Source\PSoC4/cyfitter_cfg.c **** /*******************************************************************************
 192:Generated_Source\PSoC4/cyfitter_cfg.c **** * Function Name: ClockSetup
 193:Generated_Source\PSoC4/cyfitter_cfg.c **** ********************************************************************************
 194:Generated_Source\PSoC4/cyfitter_cfg.c **** *
 195:Generated_Source\PSoC4/cyfitter_cfg.c **** * Summary:
 196:Generated_Source\PSoC4/cyfitter_cfg.c **** *   Performs the initialization of all of the clocks in the device based on the
 197:Generated_Source\PSoC4/cyfitter_cfg.c **** *   settings in the Clock tab of the DWR.  This includes enabling the requested
 198:Generated_Source\PSoC4/cyfitter_cfg.c **** *   clocks and setting the necessary dividers to produce the desired frequency. 
 199:Generated_Source\PSoC4/cyfitter_cfg.c **** *
 200:Generated_Source\PSoC4/cyfitter_cfg.c **** * Parameters:
 201:Generated_Source\PSoC4/cyfitter_cfg.c **** *   void
 202:Generated_Source\PSoC4/cyfitter_cfg.c **** *
 203:Generated_Source\PSoC4/cyfitter_cfg.c **** * Return:
 204:Generated_Source\PSoC4/cyfitter_cfg.c **** *   void
 205:Generated_Source\PSoC4/cyfitter_cfg.c **** *
 206:Generated_Source\PSoC4/cyfitter_cfg.c **** *******************************************************************************/
 207:Generated_Source\PSoC4/cyfitter_cfg.c **** static void ClockSetup(void);
 208:Generated_Source\PSoC4/cyfitter_cfg.c **** CY_CFG_SECTION
 209:Generated_Source\PSoC4/cyfitter_cfg.c **** static void ClockSetup(void)
 210:Generated_Source\PSoC4/cyfitter_cfg.c **** {
 241              		.loc 1 210 0
 242              		.cfi_startproc
 243              		@ args = 0, pretend = 0, frame = 0
ARM GAS  C:\Users\npat025\AppData\Local\Temp\cc5vrHhY.s 			page 9


 244              		@ frame_needed = 1, uses_anonymous_args = 0
 245 0000 80B5     		push	{r7, lr}
 246              		.cfi_def_cfa_offset 8
 247              		.cfi_offset 7, -8
 248              		.cfi_offset 14, -4
 249 0002 00AF     		add	r7, sp, #0
 250              		.cfi_def_cfa_register 7
 211:Generated_Source\PSoC4/cyfitter_cfg.c **** 	/* Enable HALF_EN before trimming for the flash accelerator. */
 212:Generated_Source\PSoC4/cyfitter_cfg.c **** 	CY_SET_REG32((void CYXDATA *)(CYREG_CLK_SELECT), (CY_GET_REG32((void *)CYREG_CLK_SELECT) | 0x00040
 251              		.loc 1 212 0
 252 0004 124B     		ldr	r3, .L10
 253 0006 124A     		ldr	r2, .L10
 254 0008 1268     		ldr	r2, [r2]
 255 000a 8021     		movs	r1, #128
 256 000c C902     		lsls	r1, r1, #11
 257 000e 0A43     		orrs	r2, r1
 258 0010 1A60     		str	r2, [r3]
 213:Generated_Source\PSoC4/cyfitter_cfg.c **** 
 214:Generated_Source\PSoC4/cyfitter_cfg.c **** 	/* Setup and trim IMO based on desired frequency. */
 215:Generated_Source\PSoC4/cyfitter_cfg.c **** 	CySysClkWriteImoFreq(3u);
 259              		.loc 1 215 0
 260 0012 0320     		movs	r0, #3
 261 0014 FFF7FEFF 		bl	CySysClkWriteImoFreq
 216:Generated_Source\PSoC4/cyfitter_cfg.c **** 
 217:Generated_Source\PSoC4/cyfitter_cfg.c **** 	/* Disable HALF_EN since it is not required at this IMO frequency. */
 218:Generated_Source\PSoC4/cyfitter_cfg.c **** 	CY_SET_REG32((void CYXDATA *)(CYREG_CLK_SELECT), (CY_GET_REG32((void *)CYREG_CLK_SELECT) & 0xFFFBF
 262              		.loc 1 218 0
 263 0018 0D4B     		ldr	r3, .L10
 264 001a 0D4A     		ldr	r2, .L10
 265 001c 1268     		ldr	r2, [r2]
 266 001e 0D49     		ldr	r1, .L10+4
 267 0020 0A40     		ands	r2, r1
 268 0022 1A60     		str	r2, [r3]
 219:Generated_Source\PSoC4/cyfitter_cfg.c **** 	/* CYDEV_CLK_ILO_CONFIG Starting address: CYDEV_CLK_ILO_CONFIG */
 220:Generated_Source\PSoC4/cyfitter_cfg.c **** 	CY_SET_REG32((void *)(CYREG_CLK_ILO_CONFIG), 0x80000006u);
 269              		.loc 1 220 0
 270 0024 0C4B     		ldr	r3, .L10+8
 271 0026 0D4A     		ldr	r2, .L10+12
 272 0028 1A60     		str	r2, [r3]
 221:Generated_Source\PSoC4/cyfitter_cfg.c **** 
 222:Generated_Source\PSoC4/cyfitter_cfg.c **** 
 223:Generated_Source\PSoC4/cyfitter_cfg.c **** 	/* CYDEV_CLK_SELECT00 Starting address: CYDEV_CLK_SELECT00 */
 224:Generated_Source\PSoC4/cyfitter_cfg.c **** 	CY_SET_REG32((void *)(CYREG_CLK_SELECT08), 0x00000010u);
 273              		.loc 1 224 0
 274 002a 0D4B     		ldr	r3, .L10+16
 275 002c 1022     		movs	r2, #16
 276 002e 1A60     		str	r2, [r3]
 225:Generated_Source\PSoC4/cyfitter_cfg.c **** 
 226:Generated_Source\PSoC4/cyfitter_cfg.c **** 	/* CYDEV_CLK_IMO_CONFIG Starting address: CYDEV_CLK_IMO_CONFIG */
 227:Generated_Source\PSoC4/cyfitter_cfg.c **** 	CY_SET_REG32((void *)(CYREG_CLK_IMO_CONFIG), 0x80000000u);
 277              		.loc 1 227 0
 278 0030 0C4B     		ldr	r3, .L10+20
 279 0032 8022     		movs	r2, #128
 280 0034 1206     		lsls	r2, r2, #24
 281 0036 1A60     		str	r2, [r3]
 228:Generated_Source\PSoC4/cyfitter_cfg.c **** 
 229:Generated_Source\PSoC4/cyfitter_cfg.c **** 	/* CYDEV_CLK_SELECT Starting address: CYDEV_CLK_SELECT */
ARM GAS  C:\Users\npat025\AppData\Local\Temp\cc5vrHhY.s 			page 10


 230:Generated_Source\PSoC4/cyfitter_cfg.c **** 	CY_SET_REG32((void *)(CYREG_CLK_SELECT), 0x00000000u);
 282              		.loc 1 230 0
 283 0038 054B     		ldr	r3, .L10
 284 003a 0022     		movs	r2, #0
 285 003c 1A60     		str	r2, [r3]
 231:Generated_Source\PSoC4/cyfitter_cfg.c **** 
 232:Generated_Source\PSoC4/cyfitter_cfg.c **** 	/* CYDEV_CLK_DIVIDER_A00 Starting address: CYDEV_CLK_DIVIDER_A00 */
 233:Generated_Source\PSoC4/cyfitter_cfg.c **** 	CY_SET_REG32((void *)(CYREG_CLK_DIVIDER_A00), 0x80000BB7u);
 286              		.loc 1 233 0
 287 003e 0A4B     		ldr	r3, .L10+24
 288 0040 0A4A     		ldr	r2, .L10+28
 289 0042 1A60     		str	r2, [r3]
 234:Generated_Source\PSoC4/cyfitter_cfg.c **** 
 235:Generated_Source\PSoC4/cyfitter_cfg.c **** 	CY_SET_REG32((void *)(CYREG_WDT_CONFIG), 0x00000000u);
 290              		.loc 1 235 0
 291 0044 0A4B     		ldr	r3, .L10+32
 292 0046 0022     		movs	r2, #0
 293 0048 1A60     		str	r2, [r3]
 236:Generated_Source\PSoC4/cyfitter_cfg.c **** }
 294              		.loc 1 236 0
 295 004a C046     		nop
 296 004c BD46     		mov	sp, r7
 297              		@ sp needed
 298 004e 80BD     		pop	{r7, pc}
 299              	.L11:
 300              		.align	2
 301              	.L10:
 302 0050 00010B40 		.word	1074462976
 303 0054 FFFFFBFF 		.word	-262145
 304 0058 04010B40 		.word	1074462980
 305 005c 06000080 		.word	-2147483642
 306 0060 20020240 		.word	1073873440
 307 0064 08010B40 		.word	1074462984
 308 0068 00000240 		.word	1073872896
 309 006c B70B0080 		.word	-2147480649
 310 0070 0C020B40 		.word	1074463244
 311              		.cfi_endproc
 312              	.LFE4:
 313              		.size	ClockSetup, .-ClockSetup
 314              		.section	.text.AnalogSetDefault,"ax",%progbits
 315              		.align	2
 316              		.code	16
 317              		.thumb_func
 318              		.type	AnalogSetDefault, %function
 319              	AnalogSetDefault:
 320              	.LFB5:
 237:Generated_Source\PSoC4/cyfitter_cfg.c **** 
 238:Generated_Source\PSoC4/cyfitter_cfg.c **** 
 239:Generated_Source\PSoC4/cyfitter_cfg.c **** /* Analog API Functions */
 240:Generated_Source\PSoC4/cyfitter_cfg.c **** 
 241:Generated_Source\PSoC4/cyfitter_cfg.c **** 
 242:Generated_Source\PSoC4/cyfitter_cfg.c **** /*******************************************************************************
 243:Generated_Source\PSoC4/cyfitter_cfg.c **** * Function Name: AnalogSetDefault
 244:Generated_Source\PSoC4/cyfitter_cfg.c **** ********************************************************************************
 245:Generated_Source\PSoC4/cyfitter_cfg.c **** *
 246:Generated_Source\PSoC4/cyfitter_cfg.c **** * Summary:
 247:Generated_Source\PSoC4/cyfitter_cfg.c **** *  Sets up the analog portions of the chip to default values based on chip
ARM GAS  C:\Users\npat025\AppData\Local\Temp\cc5vrHhY.s 			page 11


 248:Generated_Source\PSoC4/cyfitter_cfg.c **** *  configuration options from the project.
 249:Generated_Source\PSoC4/cyfitter_cfg.c **** *
 250:Generated_Source\PSoC4/cyfitter_cfg.c **** * Parameters:
 251:Generated_Source\PSoC4/cyfitter_cfg.c **** *  void
 252:Generated_Source\PSoC4/cyfitter_cfg.c **** *
 253:Generated_Source\PSoC4/cyfitter_cfg.c **** * Return:
 254:Generated_Source\PSoC4/cyfitter_cfg.c **** *  void
 255:Generated_Source\PSoC4/cyfitter_cfg.c **** *
 256:Generated_Source\PSoC4/cyfitter_cfg.c **** *******************************************************************************/
 257:Generated_Source\PSoC4/cyfitter_cfg.c **** static void AnalogSetDefault(void);
 258:Generated_Source\PSoC4/cyfitter_cfg.c **** static void AnalogSetDefault(void)
 259:Generated_Source\PSoC4/cyfitter_cfg.c **** {
 321              		.loc 1 259 0
 322              		.cfi_startproc
 323              		@ args = 0, pretend = 0, frame = 0
 324              		@ frame_needed = 1, uses_anonymous_args = 0
 325 0000 80B5     		push	{r7, lr}
 326              		.cfi_def_cfa_offset 8
 327              		.cfi_offset 7, -8
 328              		.cfi_offset 14, -4
 329 0002 00AF     		add	r7, sp, #0
 330              		.cfi_def_cfa_register 7
 260:Generated_Source\PSoC4/cyfitter_cfg.c **** }
 331              		.loc 1 260 0
 332 0004 C046     		nop
 333 0006 BD46     		mov	sp, r7
 334              		@ sp needed
 335 0008 80BD     		pop	{r7, pc}
 336              		.cfi_endproc
 337              	.LFE5:
 338              		.size	AnalogSetDefault, .-AnalogSetDefault
 339 000a C046     		.section	.psocinit
 340              		.align	2
 341              		.global	cyfitter_cfg
 342              		.code	16
 343              		.thumb_func
 344              		.type	cyfitter_cfg, %function
 345              	cyfitter_cfg:
 346              	.LFB6:
 261:Generated_Source\PSoC4/cyfitter_cfg.c **** 
 262:Generated_Source\PSoC4/cyfitter_cfg.c **** 
 263:Generated_Source\PSoC4/cyfitter_cfg.c **** 
 264:Generated_Source\PSoC4/cyfitter_cfg.c **** 
 265:Generated_Source\PSoC4/cyfitter_cfg.c **** /*******************************************************************************
 266:Generated_Source\PSoC4/cyfitter_cfg.c **** * Function Name: cyfitter_cfg
 267:Generated_Source\PSoC4/cyfitter_cfg.c **** ********************************************************************************
 268:Generated_Source\PSoC4/cyfitter_cfg.c **** * Summary:
 269:Generated_Source\PSoC4/cyfitter_cfg.c **** *  This function is called by the start-up code for the selected device. It
 270:Generated_Source\PSoC4/cyfitter_cfg.c **** *  performs all of the necessary device configuration based on the design
 271:Generated_Source\PSoC4/cyfitter_cfg.c **** *  settings.  This includes settings from the Design Wide Resources (DWR) such
 272:Generated_Source\PSoC4/cyfitter_cfg.c **** *  as Clocks and Pins as well as any component configuration that is necessary.
 273:Generated_Source\PSoC4/cyfitter_cfg.c **** *
 274:Generated_Source\PSoC4/cyfitter_cfg.c **** * Parameters:
 275:Generated_Source\PSoC4/cyfitter_cfg.c **** *   void
 276:Generated_Source\PSoC4/cyfitter_cfg.c **** *
 277:Generated_Source\PSoC4/cyfitter_cfg.c **** * Return:
 278:Generated_Source\PSoC4/cyfitter_cfg.c **** *   void
ARM GAS  C:\Users\npat025\AppData\Local\Temp\cc5vrHhY.s 			page 12


 279:Generated_Source\PSoC4/cyfitter_cfg.c **** *
 280:Generated_Source\PSoC4/cyfitter_cfg.c **** *******************************************************************************/
 281:Generated_Source\PSoC4/cyfitter_cfg.c **** CY_CFG_SECTION
 282:Generated_Source\PSoC4/cyfitter_cfg.c **** void cyfitter_cfg(void)
 283:Generated_Source\PSoC4/cyfitter_cfg.c **** {
 347              		.loc 1 283 0
 348              		.cfi_startproc
 349              		@ args = 0, pretend = 0, frame = 8
 350              		@ frame_needed = 1, uses_anonymous_args = 0
 351 0074 80B5     		push	{r7, lr}
 352              		.cfi_def_cfa_offset 8
 353              		.cfi_offset 7, -8
 354              		.cfi_offset 14, -4
 355 0076 82B0     		sub	sp, sp, #8
 356              		.cfi_def_cfa_offset 16
 357 0078 00AF     		add	r7, sp, #0
 358              		.cfi_def_cfa_register 7
 284:Generated_Source\PSoC4/cyfitter_cfg.c **** 	/* Disable interrupts by default. Let user enable if/when they want. */
 285:Generated_Source\PSoC4/cyfitter_cfg.c **** 	CyGlobalIntDisable;
 359              		.loc 1 285 0
 360              		.syntax divided
 361              	@ 285 "Generated_Source\PSoC4\cyfitter_cfg.c" 1
 362 007a 72B6     		CPSID   i
 363              	@ 0 "" 2
 364              		.thumb
 365              		.syntax unified
 366              	.LBB3:
 286:Generated_Source\PSoC4/cyfitter_cfg.c **** 
 287:Generated_Source\PSoC4/cyfitter_cfg.c **** 	{
 288:Generated_Source\PSoC4/cyfitter_cfg.c **** 		static const uint32 CYCODE cy_cfg_addr_table[] = {
 289:Generated_Source\PSoC4/cyfitter_cfg.c **** 			0x400F3301u, /* Base address: 0x400F3300 Count: 1 */
 290:Generated_Source\PSoC4/cyfitter_cfg.c **** 			0x400F4103u, /* Base address: 0x400F4100 Count: 3 */
 291:Generated_Source\PSoC4/cyfitter_cfg.c **** 			0x400F4304u, /* Base address: 0x400F4300 Count: 4 */
 292:Generated_Source\PSoC4/cyfitter_cfg.c **** 		};
 293:Generated_Source\PSoC4/cyfitter_cfg.c **** 
 294:Generated_Source\PSoC4/cyfitter_cfg.c **** 		static const cy_cfg_addrvalue_t CYCODE cy_cfg_data_table[] = {
 295:Generated_Source\PSoC4/cyfitter_cfg.c **** 			{0xE6u, 0x10u},
 296:Generated_Source\PSoC4/cyfitter_cfg.c **** 			{0x62u, 0x04u},
 297:Generated_Source\PSoC4/cyfitter_cfg.c **** 			{0x8Eu, 0x04u},
 298:Generated_Source\PSoC4/cyfitter_cfg.c **** 			{0xD8u, 0x40u},
 299:Generated_Source\PSoC4/cyfitter_cfg.c **** 			{0x18u, 0x80u},
 300:Generated_Source\PSoC4/cyfitter_cfg.c **** 			{0x8Cu, 0x40u},
 301:Generated_Source\PSoC4/cyfitter_cfg.c **** 			{0xC6u, 0x08u},
 302:Generated_Source\PSoC4/cyfitter_cfg.c **** 			{0xE6u, 0x08u},
 303:Generated_Source\PSoC4/cyfitter_cfg.c **** 		};
 304:Generated_Source\PSoC4/cyfitter_cfg.c **** 
 305:Generated_Source\PSoC4/cyfitter_cfg.c **** 
 306:Generated_Source\PSoC4/cyfitter_cfg.c **** 
 307:Generated_Source\PSoC4/cyfitter_cfg.c **** 		CYPACKED typedef struct {
 308:Generated_Source\PSoC4/cyfitter_cfg.c **** 			void CYFAR *address;
 309:Generated_Source\PSoC4/cyfitter_cfg.c **** 			uint16 size;
 310:Generated_Source\PSoC4/cyfitter_cfg.c **** 		} CYPACKED_ATTR cfg_memset_t;
 311:Generated_Source\PSoC4/cyfitter_cfg.c **** 
 312:Generated_Source\PSoC4/cyfitter_cfg.c **** 		static const cfg_memset_t CYCODE cfg_memset_list[] = {
 313:Generated_Source\PSoC4/cyfitter_cfg.c **** 			/* address, size */
 314:Generated_Source\PSoC4/cyfitter_cfg.c **** 			{(void CYFAR *)(CYDEV_UDB_P0_U0_BASE), 1024u},
 315:Generated_Source\PSoC4/cyfitter_cfg.c **** 			{(void CYFAR *)(CYDEV_UDB_DSI0_BASE), 1024u},
ARM GAS  C:\Users\npat025\AppData\Local\Temp\cc5vrHhY.s 			page 13


 316:Generated_Source\PSoC4/cyfitter_cfg.c **** 		};
 317:Generated_Source\PSoC4/cyfitter_cfg.c **** 
 318:Generated_Source\PSoC4/cyfitter_cfg.c **** 		uint8 CYDATA i;
 319:Generated_Source\PSoC4/cyfitter_cfg.c **** 
 320:Generated_Source\PSoC4/cyfitter_cfg.c **** 		/* Zero out critical memory blocks before beginning configuration */
 321:Generated_Source\PSoC4/cyfitter_cfg.c **** 		for (i = 0u; i < (sizeof(cfg_memset_list)/sizeof(cfg_memset_list[0])); i++)
 367              		.loc 1 321 0
 368 007c FB1D     		adds	r3, r7, #7
 369 007e 0022     		movs	r2, #0
 370 0080 1A70     		strb	r2, [r3]
 371 0082 22E0     		b	.L14
 372              	.L15:
 373              	.LBB4:
 322:Generated_Source\PSoC4/cyfitter_cfg.c **** 		{
 323:Generated_Source\PSoC4/cyfitter_cfg.c **** 			const cfg_memset_t CYCODE * CYDATA ms = &cfg_memset_list[i];
 374              		.loc 1 323 0 discriminator 3
 375 0084 FB1D     		adds	r3, r7, #7
 376 0086 1A78     		ldrb	r2, [r3]
 377 0088 1300     		movs	r3, r2
 378 008a 5B00     		lsls	r3, r3, #1
 379 008c 9B18     		adds	r3, r3, r2
 380 008e 5B00     		lsls	r3, r3, #1
 381 0090 2C4A     		ldr	r2, .L16
 382 0092 9B18     		adds	r3, r3, r2
 383 0094 3B60     		str	r3, [r7]
 324:Generated_Source\PSoC4/cyfitter_cfg.c **** 			CYMEMZERO(ms->address, (size_t)(uint32)(ms->size));
 384              		.loc 1 324 0 discriminator 3
 385 0096 3B68     		ldr	r3, [r7]
 386 0098 1A78     		ldrb	r2, [r3]
 387 009a 5978     		ldrb	r1, [r3, #1]
 388 009c 0902     		lsls	r1, r1, #8
 389 009e 0A43     		orrs	r2, r1
 390 00a0 9978     		ldrb	r1, [r3, #2]
 391 00a2 0904     		lsls	r1, r1, #16
 392 00a4 0A43     		orrs	r2, r1
 393 00a6 DB78     		ldrb	r3, [r3, #3]
 394 00a8 1B06     		lsls	r3, r3, #24
 395 00aa 1343     		orrs	r3, r2
 396 00ac 1800     		movs	r0, r3
 397 00ae 3B68     		ldr	r3, [r7]
 398 00b0 1A79     		ldrb	r2, [r3, #4]
 399 00b2 5B79     		ldrb	r3, [r3, #5]
 400 00b4 1B02     		lsls	r3, r3, #8
 401 00b6 1343     		orrs	r3, r2
 402 00b8 9BB2     		uxth	r3, r3
 403 00ba 1900     		movs	r1, r3
 404 00bc FFF7FEFF 		bl	CYMEMZERO
 405              	.LBE4:
 321:Generated_Source\PSoC4/cyfitter_cfg.c **** 		{
 406              		.loc 1 321 0 discriminator 3
 407 00c0 FB1D     		adds	r3, r7, #7
 408 00c2 1A78     		ldrb	r2, [r3]
 409 00c4 FB1D     		adds	r3, r7, #7
 410 00c6 0132     		adds	r2, r2, #1
 411 00c8 1A70     		strb	r2, [r3]
 412              	.L14:
 321:Generated_Source\PSoC4/cyfitter_cfg.c **** 		{
ARM GAS  C:\Users\npat025\AppData\Local\Temp\cc5vrHhY.s 			page 14


 413              		.loc 1 321 0 is_stmt 0 discriminator 1
 414 00ca FB1D     		adds	r3, r7, #7
 415 00cc 1B78     		ldrb	r3, [r3]
 416 00ce 012B     		cmp	r3, #1
 417 00d0 D8D9     		bls	.L15
 325:Generated_Source\PSoC4/cyfitter_cfg.c **** 		}
 326:Generated_Source\PSoC4/cyfitter_cfg.c **** 
 327:Generated_Source\PSoC4/cyfitter_cfg.c **** 		cfg_write_bytes32(cy_cfg_addr_table, cy_cfg_data_table);
 418              		.loc 1 327 0 is_stmt 1
 419 00d2 1D4A     		ldr	r2, .L16+4
 420 00d4 1D4B     		ldr	r3, .L16+8
 421 00d6 1100     		movs	r1, r2
 422 00d8 1800     		movs	r0, r3
 423 00da FFF7FEFF 		bl	cfg_write_bytes32
 328:Generated_Source\PSoC4/cyfitter_cfg.c **** 
 329:Generated_Source\PSoC4/cyfitter_cfg.c **** 		/* HSIOM Starting address: CYDEV_HSIOM_BASE */
 330:Generated_Source\PSoC4/cyfitter_cfg.c **** 		CY_SET_REG32((void *)(CYREG_HSIOM_PORT_SEL1), 0x03000000u);
 424              		.loc 1 330 0
 425 00de 1C4B     		ldr	r3, .L16+12
 426 00e0 C022     		movs	r2, #192
 427 00e2 9204     		lsls	r2, r2, #18
 428 00e4 1A60     		str	r2, [r3]
 331:Generated_Source\PSoC4/cyfitter_cfg.c **** 		CY_SET_REG32((void *)(CYREG_HSIOM_PORT_SEL3), 0x0000EE00u);
 429              		.loc 1 331 0
 430 00e6 1B4B     		ldr	r3, .L16+16
 431 00e8 EE22     		movs	r2, #238
 432 00ea 1202     		lsls	r2, r2, #8
 433 00ec 1A60     		str	r2, [r3]
 332:Generated_Source\PSoC4/cyfitter_cfg.c **** 
 333:Generated_Source\PSoC4/cyfitter_cfg.c **** 		/* UDB_PA_1 Starting address: CYDEV_UDB_PA1_BASE */
 334:Generated_Source\PSoC4/cyfitter_cfg.c **** 		CY_SET_REG32((void *)(CYDEV_UDB_PA1_BASE), 0x00990000u);
 434              		.loc 1 334 0
 435 00ee 1A4B     		ldr	r3, .L16+20
 436 00f0 9922     		movs	r2, #153
 437 00f2 1204     		lsls	r2, r2, #16
 438 00f4 1A60     		str	r2, [r3]
 335:Generated_Source\PSoC4/cyfitter_cfg.c **** 		CY_SET_REG32((void *)(CYREG_UDB_PA1_CFG8), 0x20000000u);
 439              		.loc 1 335 0
 440 00f6 194B     		ldr	r3, .L16+24
 441 00f8 8022     		movs	r2, #128
 442 00fa 9205     		lsls	r2, r2, #22
 443 00fc 1A60     		str	r2, [r3]
 336:Generated_Source\PSoC4/cyfitter_cfg.c **** 
 337:Generated_Source\PSoC4/cyfitter_cfg.c **** 		/* UDB_PA_3 Starting address: CYDEV_UDB_PA3_BASE */
 338:Generated_Source\PSoC4/cyfitter_cfg.c **** 		CY_SET_REG32((void *)(CYDEV_UDB_PA3_BASE), 0x00990000u);
 444              		.loc 1 338 0
 445 00fe 184B     		ldr	r3, .L16+28
 446 0100 9922     		movs	r2, #153
 447 0102 1204     		lsls	r2, r2, #16
 448 0104 1A60     		str	r2, [r3]
 339:Generated_Source\PSoC4/cyfitter_cfg.c **** 
 340:Generated_Source\PSoC4/cyfitter_cfg.c **** 		/* TCPWM_CNT0 Starting address: CYDEV_TCPWM_CNT0_TR_CTRL0 */
 341:Generated_Source\PSoC4/cyfitter_cfg.c **** 		CY_SET_REG32((void *)(CYREG_TCPWM_CNT0_TR_CTRL0), 0x00010010u);
 449              		.loc 1 341 0
 450 0106 174B     		ldr	r3, .L16+32
 451 0108 174A     		ldr	r2, .L16+36
 452 010a 1A60     		str	r2, [r3]
ARM GAS  C:\Users\npat025\AppData\Local\Temp\cc5vrHhY.s 			page 15


 342:Generated_Source\PSoC4/cyfitter_cfg.c **** 
 343:Generated_Source\PSoC4/cyfitter_cfg.c **** 		/* Enable digital routing */
 344:Generated_Source\PSoC4/cyfitter_cfg.c **** 		CY_SET_XTND_REG8((void *)CYREG_UDB_UDBIF_BANK_CTL, (uint8)(CY_GET_XTND_REG8((void *)CYREG_UDB_UDB
 453              		.loc 1 344 0
 454 010c 174A     		ldr	r2, .L16+40
 455 010e 174B     		ldr	r3, .L16+40
 456 0110 1B78     		ldrb	r3, [r3]
 457 0112 DBB2     		uxtb	r3, r3
 458 0114 0621     		movs	r1, #6
 459 0116 0B43     		orrs	r3, r1
 460 0118 DBB2     		uxtb	r3, r3
 461 011a 1370     		strb	r3, [r2]
 462              	.LBE3:
 345:Generated_Source\PSoC4/cyfitter_cfg.c **** 	}
 346:Generated_Source\PSoC4/cyfitter_cfg.c **** 
 347:Generated_Source\PSoC4/cyfitter_cfg.c **** 	/* Perform second pass device configuration. These items must be configured in specific order afte
 348:Generated_Source\PSoC4/cyfitter_cfg.c **** 	/* IOPINS0_1 Starting address: CYDEV_PRT1_BASE */
 349:Generated_Source\PSoC4/cyfitter_cfg.c **** 	CY_SET_REG32((void *)(CYDEV_PRT1_BASE), 0x00000040u);
 463              		.loc 1 349 0
 464 011c 144B     		ldr	r3, .L16+44
 465 011e 4022     		movs	r2, #64
 466 0120 1A60     		str	r2, [r3]
 350:Generated_Source\PSoC4/cyfitter_cfg.c **** 	CY_SET_REG32((void *)(CYREG_PRT1_PC), 0x00180000u);
 467              		.loc 1 350 0
 468 0122 144B     		ldr	r3, .L16+48
 469 0124 C022     		movs	r2, #192
 470 0126 5203     		lsls	r2, r2, #13
 471 0128 1A60     		str	r2, [r3]
 351:Generated_Source\PSoC4/cyfitter_cfg.c **** 
 352:Generated_Source\PSoC4/cyfitter_cfg.c **** 	/* IOPINS0_3 Starting address: CYDEV_PRT3_BASE */
 353:Generated_Source\PSoC4/cyfitter_cfg.c **** 	CY_SET_REG32((void *)(CYREG_PRT3_PC), 0x00000D80u);
 472              		.loc 1 353 0
 473 012a 134B     		ldr	r3, .L16+52
 474 012c D822     		movs	r2, #216
 475 012e 1201     		lsls	r2, r2, #4
 476 0130 1A60     		str	r2, [r3]
 354:Generated_Source\PSoC4/cyfitter_cfg.c **** 
 355:Generated_Source\PSoC4/cyfitter_cfg.c **** 
 356:Generated_Source\PSoC4/cyfitter_cfg.c **** 	/* Setup clocks based on selections from Clock DWR */
 357:Generated_Source\PSoC4/cyfitter_cfg.c **** 	ClockSetup();
 477              		.loc 1 357 0
 478 0132 FFF765FF 		bl	ClockSetup
 358:Generated_Source\PSoC4/cyfitter_cfg.c **** 
 359:Generated_Source\PSoC4/cyfitter_cfg.c **** 	/* Perform basic analog initialization to defaults */
 360:Generated_Source\PSoC4/cyfitter_cfg.c **** 	AnalogSetDefault();
 479              		.loc 1 360 0
 480 0136 FFF7FEFF 		bl	AnalogSetDefault
 361:Generated_Source\PSoC4/cyfitter_cfg.c **** 
 362:Generated_Source\PSoC4/cyfitter_cfg.c **** }
 481              		.loc 1 362 0
 482 013a C046     		nop
 483 013c BD46     		mov	sp, r7
 484 013e 02B0     		add	sp, sp, #8
 485              		@ sp needed
 486 0140 80BD     		pop	{r7, pc}
 487              	.L17:
 488 0142 C046     		.align	2
ARM GAS  C:\Users\npat025\AppData\Local\Temp\cc5vrHhY.s 			page 16


 489              	.L16:
 490 0144 00000000 		.word	cfg_memset_list.4870
 491 0148 18000000 		.word	cy_cfg_data_table.4865
 492 014c 0C000000 		.word	cy_cfg_addr_table.4864
 493 0150 04000140 		.word	1073807364
 494 0154 0C000140 		.word	1073807372
 495 0158 10500F40 		.word	1074745360
 496 015c 18500F40 		.word	1074745368
 497 0160 30500F40 		.word	1074745392
 498 0164 20010540 		.word	1074069792
 499 0168 10000100 		.word	65552
 500 016c 00700F40 		.word	1074753536
 501 0170 00010440 		.word	1074004224
 502 0174 08010440 		.word	1074004232
 503 0178 08030440 		.word	1074004744
 504              		.cfi_endproc
 505              	.LFE6:
 506              		.size	cyfitter_cfg, .-cyfitter_cfg
 507              		.section	.rodata
 508              		.align	2
 509              		.type	cfg_memset_list.4870, %object
 510              		.size	cfg_memset_list.4870, 12
 511              	cfg_memset_list.4870:
 512 0000 00300F40 		.word	1074737152
 513 0004 0004     		.short	1024
 514 0006 00400F40 		.4byte	1074741248
 515 000a 0004     		.short	1024
 516              		.align	2
 517              		.type	cy_cfg_addr_table.4864, %object
 518              		.size	cy_cfg_addr_table.4864, 12
 519              	cy_cfg_addr_table.4864:
 520 000c 01330F40 		.word	1074737921
 521 0010 03410F40 		.word	1074741507
 522 0014 04430F40 		.word	1074742020
 523              		.align	2
 524              		.type	cy_cfg_data_table.4865, %object
 525              		.size	cy_cfg_data_table.4865, 16
 526              	cy_cfg_data_table.4865:
 527 0018 E6       		.byte	-26
 528 0019 10       		.byte	16
 529 001a 62       		.byte	98
 530 001b 04       		.byte	4
 531 001c 8E       		.byte	-114
 532 001d 04       		.byte	4
 533 001e D8       		.byte	-40
 534 001f 40       		.byte	64
 535 0020 18       		.byte	24
 536 0021 80       		.byte	-128
 537 0022 8C       		.byte	-116
 538 0023 40       		.byte	64
 539 0024 C6       		.byte	-58
 540 0025 08       		.byte	8
 541 0026 E6       		.byte	-26
 542 0027 08       		.byte	8
 543              		.text
 544              	.Letext0:
 545              		.file 2 "c:\\program files (x86)\\cypress\\psoc creator\\4.4\\psoc creator\\import\\gnu\\arm\\5.4.
ARM GAS  C:\Users\npat025\AppData\Local\Temp\cc5vrHhY.s 			page 17


 546              		.file 3 "Generated_Source\\PSoC4\\cytypes.h"
 547              		.section	.debug_info,"",%progbits
 548              	.Ldebug_info0:
 549 0000 5A030000 		.4byte	0x35a
 550 0004 0400     		.2byte	0x4
 551 0006 00000000 		.4byte	.Ldebug_abbrev0
 552 000a 04       		.byte	0x4
 553 000b 01       		.uleb128 0x1
 554 000c 12010000 		.4byte	.LASF40
 555 0010 0C       		.byte	0xc
 556 0011 AE020000 		.4byte	.LASF41
 557 0015 96000000 		.4byte	.LASF42
 558 0019 00000000 		.4byte	.Ldebug_ranges0+0
 559 001d 00000000 		.4byte	0
 560 0021 00000000 		.4byte	.Ldebug_line0
 561 0025 02       		.uleb128 0x2
 562 0026 04       		.byte	0x4
 563 0027 05       		.byte	0x5
 564 0028 696E7400 		.ascii	"int\000"
 565 002c 03       		.uleb128 0x3
 566 002d 06000000 		.4byte	.LASF12
 567 0031 02       		.byte	0x2
 568 0032 D8       		.byte	0xd8
 569 0033 37000000 		.4byte	0x37
 570 0037 04       		.uleb128 0x4
 571 0038 04       		.byte	0x4
 572 0039 07       		.byte	0x7
 573 003a F8010000 		.4byte	.LASF0
 574 003e 04       		.uleb128 0x4
 575 003f 08       		.byte	0x8
 576 0040 05       		.byte	0x5
 577 0041 56020000 		.4byte	.LASF1
 578 0045 04       		.uleb128 0x4
 579 0046 08       		.byte	0x8
 580 0047 04       		.byte	0x4
 581 0048 96020000 		.4byte	.LASF2
 582 004c 04       		.uleb128 0x4
 583 004d 01       		.byte	0x1
 584 004e 06       		.byte	0x6
 585 004f A2020000 		.4byte	.LASF3
 586 0053 04       		.uleb128 0x4
 587 0054 01       		.byte	0x1
 588 0055 08       		.byte	0x8
 589 0056 A0010000 		.4byte	.LASF4
 590 005a 04       		.uleb128 0x4
 591 005b 02       		.byte	0x2
 592 005c 05       		.byte	0x5
 593 005d 83020000 		.4byte	.LASF5
 594 0061 04       		.uleb128 0x4
 595 0062 02       		.byte	0x2
 596 0063 07       		.byte	0x7
 597 0064 43020000 		.4byte	.LASF6
 598 0068 04       		.uleb128 0x4
 599 0069 04       		.byte	0x4
 600 006a 05       		.byte	0x5
 601 006b 8D020000 		.4byte	.LASF7
 602 006f 04       		.uleb128 0x4
ARM GAS  C:\Users\npat025\AppData\Local\Temp\cc5vrHhY.s 			page 18


 603 0070 04       		.byte	0x4
 604 0071 07       		.byte	0x7
 605 0072 7E000000 		.4byte	.LASF8
 606 0076 04       		.uleb128 0x4
 607 0077 08       		.byte	0x8
 608 0078 07       		.byte	0x7
 609 0079 0D020000 		.4byte	.LASF9
 610 007d 04       		.uleb128 0x4
 611 007e 04       		.byte	0x4
 612 007f 07       		.byte	0x7
 613 0080 3A020000 		.4byte	.LASF10
 614 0084 05       		.uleb128 0x5
 615 0085 04       		.byte	0x4
 616 0086 04       		.uleb128 0x4
 617 0087 01       		.byte	0x1
 618 0088 08       		.byte	0x8
 619 0089 64020000 		.4byte	.LASF11
 620 008d 06       		.uleb128 0x6
 621 008e 90000000 		.4byte	.LASF13
 622 0092 03       		.byte	0x3
 623 0093 FC01     		.2byte	0x1fc
 624 0095 53000000 		.4byte	0x53
 625 0099 06       		.uleb128 0x6
 626 009a DF010000 		.4byte	.LASF14
 627 009e 03       		.byte	0x3
 628 009f FD01     		.2byte	0x1fd
 629 00a1 61000000 		.4byte	0x61
 630 00a5 06       		.uleb128 0x6
 631 00a6 F1010000 		.4byte	.LASF15
 632 00aa 03       		.byte	0x3
 633 00ab FE01     		.2byte	0x1fe
 634 00ad 6F000000 		.4byte	0x6f
 635 00b1 04       		.uleb128 0x4
 636 00b2 04       		.byte	0x4
 637 00b3 04       		.byte	0x4
 638 00b4 59000000 		.4byte	.LASF16
 639 00b8 04       		.uleb128 0x4
 640 00b9 08       		.byte	0x8
 641 00ba 04       		.byte	0x4
 642 00bb AE010000 		.4byte	.LASF17
 643 00bf 06       		.uleb128 0x6
 644 00c0 79000000 		.4byte	.LASF18
 645 00c4 03       		.byte	0x3
 646 00c5 A602     		.2byte	0x2a6
 647 00c7 CB000000 		.4byte	0xcb
 648 00cb 07       		.uleb128 0x7
 649 00cc 8D000000 		.4byte	0x8d
 650 00d0 06       		.uleb128 0x6
 651 00d1 00000000 		.4byte	.LASF19
 652 00d5 03       		.byte	0x3
 653 00d6 A802     		.2byte	0x2a8
 654 00d8 DC000000 		.4byte	0xdc
 655 00dc 07       		.uleb128 0x7
 656 00dd A5000000 		.4byte	0xa5
 657 00e1 08       		.uleb128 0x8
 658 00e2 02       		.byte	0x2
 659 00e3 01       		.byte	0x1
ARM GAS  C:\Users\npat025\AppData\Local\Temp\cc5vrHhY.s 			page 19


 660 00e4 95       		.byte	0x95
 661 00e5 02010000 		.4byte	0x102
 662 00e9 09       		.uleb128 0x9
 663 00ea 7C020000 		.4byte	.LASF20
 664 00ee 01       		.byte	0x1
 665 00ef 97       		.byte	0x97
 666 00f0 8D000000 		.4byte	0x8d
 667 00f4 00       		.byte	0
 668 00f5 09       		.uleb128 0x9
 669 00f6 1E000000 		.4byte	.LASF21
 670 00fa 01       		.byte	0x1
 671 00fb 98       		.byte	0x98
 672 00fc 8D000000 		.4byte	0x8d
 673 0100 01       		.byte	0x1
 674 0101 00       		.byte	0
 675 0102 03       		.uleb128 0x3
 676 0103 69020000 		.4byte	.LASF22
 677 0107 01       		.byte	0x1
 678 0108 99       		.byte	0x99
 679 0109 E1000000 		.4byte	0xe1
 680 010d 0A       		.uleb128 0xa
 681 010e 08010000 		.4byte	.LASF23
 682 0112 01       		.byte	0x1
 683 0113 4A       		.byte	0x4a
 684 0114 00000000 		.4byte	.LFB0
 685 0118 1E000000 		.4byte	.LFE0-.LFB0
 686 011c 01       		.uleb128 0x1
 687 011d 9C       		.byte	0x9c
 688 011e 3B010000 		.4byte	0x13b
 689 0122 0B       		.uleb128 0xb
 690 0123 7300     		.ascii	"s\000"
 691 0125 01       		.byte	0x1
 692 0126 4A       		.byte	0x4a
 693 0127 84000000 		.4byte	0x84
 694 012b 02       		.uleb128 0x2
 695 012c 91       		.byte	0x91
 696 012d 74       		.sleb128 -12
 697 012e 0B       		.uleb128 0xb
 698 012f 6E00     		.ascii	"n\000"
 699 0131 01       		.byte	0x1
 700 0132 4A       		.byte	0x4a
 701 0133 2C000000 		.4byte	0x2c
 702 0137 02       		.uleb128 0x2
 703 0138 91       		.byte	0x91
 704 0139 70       		.sleb128 -16
 705 013a 00       		.byte	0
 706 013b 0A       		.uleb128 0xa
 707 013c E4020000 		.4byte	.LASF24
 708 0140 01       		.byte	0x1
 709 0141 51       		.byte	0x51
 710 0142 00000000 		.4byte	.LFB1
 711 0146 20000000 		.4byte	.LFE1-.LFB1
 712 014a 01       		.uleb128 0x1
 713 014b 9C       		.byte	0x9c
 714 014c 79010000 		.4byte	0x179
 715 0150 0C       		.uleb128 0xc
 716 0151 5F000000 		.4byte	.LASF25
ARM GAS  C:\Users\npat025\AppData\Local\Temp\cc5vrHhY.s 			page 20


 717 0155 01       		.byte	0x1
 718 0156 51       		.byte	0x51
 719 0157 84000000 		.4byte	0x84
 720 015b 02       		.uleb128 0x2
 721 015c 91       		.byte	0x91
 722 015d 74       		.sleb128 -12
 723 015e 0B       		.uleb128 0xb
 724 015f 73726300 		.ascii	"src\000"
 725 0163 01       		.byte	0x1
 726 0164 51       		.byte	0x51
 727 0165 79010000 		.4byte	0x179
 728 0169 02       		.uleb128 0x2
 729 016a 91       		.byte	0x91
 730 016b 70       		.sleb128 -16
 731 016c 0B       		.uleb128 0xb
 732 016d 6E00     		.ascii	"n\000"
 733 016f 01       		.byte	0x1
 734 0170 51       		.byte	0x51
 735 0171 2C000000 		.4byte	0x2c
 736 0175 02       		.uleb128 0x2
 737 0176 91       		.byte	0x91
 738 0177 6C       		.sleb128 -20
 739 0178 00       		.byte	0
 740 0179 0D       		.uleb128 0xd
 741 017a 04       		.byte	0x4
 742 017b 7F010000 		.4byte	0x17f
 743 017f 0E       		.uleb128 0xe
 744 0180 0A       		.uleb128 0xa
 745 0181 D4020000 		.4byte	.LASF26
 746 0185 01       		.byte	0x1
 747 0186 58       		.byte	0x58
 748 0187 00000000 		.4byte	.LFB2
 749 018b 20000000 		.4byte	.LFE2-.LFB2
 750 018f 01       		.uleb128 0x1
 751 0190 9C       		.byte	0x9c
 752 0191 BE010000 		.4byte	0x1be
 753 0195 0C       		.uleb128 0xc
 754 0196 5F000000 		.4byte	.LASF25
 755 019a 01       		.byte	0x1
 756 019b 58       		.byte	0x58
 757 019c 84000000 		.4byte	0x84
 758 01a0 02       		.uleb128 0x2
 759 01a1 91       		.byte	0x91
 760 01a2 74       		.sleb128 -12
 761 01a3 0B       		.uleb128 0xb
 762 01a4 73726300 		.ascii	"src\000"
 763 01a8 01       		.byte	0x1
 764 01a9 58       		.byte	0x58
 765 01aa 79010000 		.4byte	0x179
 766 01ae 02       		.uleb128 0x2
 767 01af 91       		.byte	0x91
 768 01b0 70       		.sleb128 -16
 769 01b1 0B       		.uleb128 0xb
 770 01b2 6E00     		.ascii	"n\000"
 771 01b4 01       		.byte	0x1
 772 01b5 58       		.byte	0x58
 773 01b6 2C000000 		.4byte	0x2c
ARM GAS  C:\Users\npat025\AppData\Local\Temp\cc5vrHhY.s 			page 21


 774 01ba 02       		.uleb128 0x2
 775 01bb 91       		.byte	0x91
 776 01bc 6C       		.sleb128 -20
 777 01bd 00       		.byte	0
 778 01be 0F       		.uleb128 0xf
 779 01bf B5010000 		.4byte	.LASF27
 780 01c3 01       		.byte	0x1
 781 01c4 AC       		.byte	0xac
 782 01c5 00000000 		.4byte	.LFB3
 783 01c9 82000000 		.4byte	.LFE3-.LFB3
 784 01cd 01       		.uleb128 0x1
 785 01ce 9C       		.byte	0x9c
 786 01cf 2E020000 		.4byte	0x22e
 787 01d3 0C       		.uleb128 0xc
 788 01d4 D4010000 		.4byte	.LASF28
 789 01d8 01       		.byte	0x1
 790 01d9 AC       		.byte	0xac
 791 01da 2E020000 		.4byte	0x22e
 792 01de 02       		.uleb128 0x2
 793 01df 91       		.byte	0x91
 794 01e0 64       		.sleb128 -28
 795 01e1 0C       		.uleb128 0xc
 796 01e2 E6010000 		.4byte	.LASF29
 797 01e6 01       		.byte	0x1
 798 01e7 AC       		.byte	0xac
 799 01e8 39020000 		.4byte	0x239
 800 01ec 02       		.uleb128 0x2
 801 01ed 91       		.byte	0x91
 802 01ee 60       		.sleb128 -32
 803 01ef 10       		.uleb128 0x10
 804 01f0 6900     		.ascii	"i\000"
 805 01f2 01       		.byte	0x1
 806 01f3 AF       		.byte	0xaf
 807 01f4 A5000000 		.4byte	0xa5
 808 01f8 02       		.uleb128 0x2
 809 01f9 91       		.byte	0x91
 810 01fa 74       		.sleb128 -12
 811 01fb 10       		.uleb128 0x10
 812 01fc 6A00     		.ascii	"j\000"
 813 01fe 01       		.byte	0x1
 814 01ff AF       		.byte	0xaf
 815 0200 A5000000 		.4byte	0xa5
 816 0204 02       		.uleb128 0x2
 817 0205 91       		.byte	0x91
 818 0206 70       		.sleb128 -16
 819 0207 11       		.uleb128 0x11
 820 0208 14000000 		.4byte	.LBB2
 821 020c 5A000000 		.4byte	.LBE2-.LBB2
 822 0210 12       		.uleb128 0x12
 823 0211 31020000 		.4byte	.LASF30
 824 0215 01       		.byte	0x1
 825 0216 B2       		.byte	0xb2
 826 0217 A5000000 		.4byte	0xa5
 827 021b 02       		.uleb128 0x2
 828 021c 91       		.byte	0x91
 829 021d 68       		.sleb128 -24
 830 021e 12       		.uleb128 0x12
ARM GAS  C:\Users\npat025\AppData\Local\Temp\cc5vrHhY.s 			page 22


 831 021f 24000000 		.4byte	.LASF31
 832 0223 01       		.byte	0x1
 833 0224 B3       		.byte	0xb3
 834 0225 8D000000 		.4byte	0x8d
 835 0229 02       		.uleb128 0x2
 836 022a 91       		.byte	0x91
 837 022b 6F       		.sleb128 -17
 838 022c 00       		.byte	0
 839 022d 00       		.byte	0
 840 022e 0D       		.uleb128 0xd
 841 022f 04       		.byte	0x4
 842 0230 34020000 		.4byte	0x234
 843 0234 13       		.uleb128 0x13
 844 0235 A5000000 		.4byte	0xa5
 845 0239 0D       		.uleb128 0xd
 846 023a 04       		.byte	0x4
 847 023b 3F020000 		.4byte	0x23f
 848 023f 13       		.uleb128 0x13
 849 0240 02010000 		.4byte	0x102
 850 0244 14       		.uleb128 0x14
 851 0245 2A000000 		.4byte	.LASF32
 852 0249 01       		.byte	0x1
 853 024a D1       		.byte	0xd1
 854 024b 00000000 		.4byte	.LFB4
 855 024f 74000000 		.4byte	.LFE4-.LFB4
 856 0253 01       		.uleb128 0x1
 857 0254 9C       		.byte	0x9c
 858 0255 15       		.uleb128 0x15
 859 0256 0D000000 		.4byte	.LASF33
 860 025a 01       		.byte	0x1
 861 025b 0201     		.2byte	0x102
 862 025d 00000000 		.4byte	.LFB5
 863 0261 0A000000 		.4byte	.LFE5-.LFB5
 864 0265 01       		.uleb128 0x1
 865 0266 9C       		.byte	0x9c
 866 0267 16       		.uleb128 0x16
 867 0268 C7010000 		.4byte	.LASF43
 868 026c 01       		.byte	0x1
 869 026d 1A01     		.2byte	0x11a
 870 026f 74000000 		.4byte	.LFB6
 871 0273 08010000 		.4byte	.LFE6-.LFB6
 872 0277 01       		.uleb128 0x1
 873 0278 9C       		.byte	0x9c
 874 0279 33030000 		.4byte	0x333
 875 027d 11       		.uleb128 0x11
 876 027e 7C000000 		.4byte	.LBB3
 877 0282 A0000000 		.4byte	.LBE3-.LBB3
 878 0286 17       		.uleb128 0x17
 879 0287 35000000 		.4byte	.LASF34
 880 028b 01       		.byte	0x1
 881 028c 2001     		.2byte	0x120
 882 028e 43030000 		.4byte	0x343
 883 0292 05       		.uleb128 0x5
 884 0293 03       		.byte	0x3
 885 0294 0C000000 		.4byte	cy_cfg_addr_table.4864
 886 0298 17       		.uleb128 0x17
 887 0299 47000000 		.4byte	.LASF35
ARM GAS  C:\Users\npat025\AppData\Local\Temp\cc5vrHhY.s 			page 23


 888 029d 01       		.byte	0x1
 889 029e 2601     		.2byte	0x126
 890 02a0 58030000 		.4byte	0x358
 891 02a4 05       		.uleb128 0x5
 892 02a5 03       		.byte	0x3
 893 02a6 18000000 		.4byte	cy_cfg_data_table.4865
 894 02aa 18       		.uleb128 0x18
 895 02ab 06       		.byte	0x6
 896 02ac 01       		.byte	0x1
 897 02ad 3301     		.2byte	0x133
 898 02af CE020000 		.4byte	0x2ce
 899 02b3 19       		.uleb128 0x19
 900 02b4 05020000 		.4byte	.LASF36
 901 02b8 01       		.byte	0x1
 902 02b9 3401     		.2byte	0x134
 903 02bb 84000000 		.4byte	0x84
 904 02bf 00       		.byte	0
 905 02c0 19       		.uleb128 0x19
 906 02c1 74000000 		.4byte	.LASF37
 907 02c5 01       		.byte	0x1
 908 02c6 3501     		.2byte	0x135
 909 02c8 99000000 		.4byte	0x99
 910 02cc 04       		.byte	0x4
 911 02cd 00       		.byte	0
 912 02ce 06       		.uleb128 0x6
 913 02cf 24020000 		.4byte	.LASF38
 914 02d3 01       		.byte	0x1
 915 02d4 3601     		.2byte	0x136
 916 02d6 AA020000 		.4byte	0x2aa
 917 02da 1A       		.uleb128 0x1a
 918 02db EA020000 		.4byte	0x2ea
 919 02df EA020000 		.4byte	0x2ea
 920 02e3 1B       		.uleb128 0x1b
 921 02e4 7D000000 		.4byte	0x7d
 922 02e8 01       		.byte	0x1
 923 02e9 00       		.byte	0
 924 02ea 13       		.uleb128 0x13
 925 02eb CE020000 		.4byte	0x2ce
 926 02ef 17       		.uleb128 0x17
 927 02f0 64000000 		.4byte	.LASF39
 928 02f4 01       		.byte	0x1
 929 02f5 3801     		.2byte	0x138
 930 02f7 01030000 		.4byte	0x301
 931 02fb 05       		.uleb128 0x5
 932 02fc 03       		.byte	0x3
 933 02fd 00000000 		.4byte	cfg_memset_list.4870
 934 0301 13       		.uleb128 0x13
 935 0302 DA020000 		.4byte	0x2da
 936 0306 1C       		.uleb128 0x1c
 937 0307 6900     		.ascii	"i\000"
 938 0309 01       		.byte	0x1
 939 030a 3E01     		.2byte	0x13e
 940 030c 8D000000 		.4byte	0x8d
 941 0310 02       		.uleb128 0x2
 942 0311 91       		.byte	0x91
 943 0312 77       		.sleb128 -9
 944 0313 11       		.uleb128 0x11
ARM GAS  C:\Users\npat025\AppData\Local\Temp\cc5vrHhY.s 			page 24


 945 0314 84000000 		.4byte	.LBB4
 946 0318 3C000000 		.4byte	.LBE4-.LBB4
 947 031c 1C       		.uleb128 0x1c
 948 031d 6D7300   		.ascii	"ms\000"
 949 0320 01       		.byte	0x1
 950 0321 4301     		.2byte	0x143
 951 0323 2A030000 		.4byte	0x32a
 952 0327 02       		.uleb128 0x2
 953 0328 91       		.byte	0x91
 954 0329 70       		.sleb128 -16
 955 032a 0D       		.uleb128 0xd
 956 032b 04       		.byte	0x4
 957 032c EA020000 		.4byte	0x2ea
 958 0330 00       		.byte	0
 959 0331 00       		.byte	0
 960 0332 00       		.byte	0
 961 0333 1A       		.uleb128 0x1a
 962 0334 34020000 		.4byte	0x234
 963 0338 43030000 		.4byte	0x343
 964 033c 1B       		.uleb128 0x1b
 965 033d 7D000000 		.4byte	0x7d
 966 0341 02       		.byte	0x2
 967 0342 00       		.byte	0
 968 0343 13       		.uleb128 0x13
 969 0344 33030000 		.4byte	0x333
 970 0348 1A       		.uleb128 0x1a
 971 0349 3F020000 		.4byte	0x23f
 972 034d 58030000 		.4byte	0x358
 973 0351 1B       		.uleb128 0x1b
 974 0352 7D000000 		.4byte	0x7d
 975 0356 07       		.byte	0x7
 976 0357 00       		.byte	0
 977 0358 13       		.uleb128 0x13
 978 0359 48030000 		.4byte	0x348
 979 035d 00       		.byte	0
 980              		.section	.debug_abbrev,"",%progbits
 981              	.Ldebug_abbrev0:
 982 0000 01       		.uleb128 0x1
 983 0001 11       		.uleb128 0x11
 984 0002 01       		.byte	0x1
 985 0003 25       		.uleb128 0x25
 986 0004 0E       		.uleb128 0xe
 987 0005 13       		.uleb128 0x13
 988 0006 0B       		.uleb128 0xb
 989 0007 03       		.uleb128 0x3
 990 0008 0E       		.uleb128 0xe
 991 0009 1B       		.uleb128 0x1b
 992 000a 0E       		.uleb128 0xe
 993 000b 55       		.uleb128 0x55
 994 000c 17       		.uleb128 0x17
 995 000d 11       		.uleb128 0x11
 996 000e 01       		.uleb128 0x1
 997 000f 10       		.uleb128 0x10
 998 0010 17       		.uleb128 0x17
 999 0011 00       		.byte	0
 1000 0012 00       		.byte	0
 1001 0013 02       		.uleb128 0x2
ARM GAS  C:\Users\npat025\AppData\Local\Temp\cc5vrHhY.s 			page 25


 1002 0014 24       		.uleb128 0x24
 1003 0015 00       		.byte	0
 1004 0016 0B       		.uleb128 0xb
 1005 0017 0B       		.uleb128 0xb
 1006 0018 3E       		.uleb128 0x3e
 1007 0019 0B       		.uleb128 0xb
 1008 001a 03       		.uleb128 0x3
 1009 001b 08       		.uleb128 0x8
 1010 001c 00       		.byte	0
 1011 001d 00       		.byte	0
 1012 001e 03       		.uleb128 0x3
 1013 001f 16       		.uleb128 0x16
 1014 0020 00       		.byte	0
 1015 0021 03       		.uleb128 0x3
 1016 0022 0E       		.uleb128 0xe
 1017 0023 3A       		.uleb128 0x3a
 1018 0024 0B       		.uleb128 0xb
 1019 0025 3B       		.uleb128 0x3b
 1020 0026 0B       		.uleb128 0xb
 1021 0027 49       		.uleb128 0x49
 1022 0028 13       		.uleb128 0x13
 1023 0029 00       		.byte	0
 1024 002a 00       		.byte	0
 1025 002b 04       		.uleb128 0x4
 1026 002c 24       		.uleb128 0x24
 1027 002d 00       		.byte	0
 1028 002e 0B       		.uleb128 0xb
 1029 002f 0B       		.uleb128 0xb
 1030 0030 3E       		.uleb128 0x3e
 1031 0031 0B       		.uleb128 0xb
 1032 0032 03       		.uleb128 0x3
 1033 0033 0E       		.uleb128 0xe
 1034 0034 00       		.byte	0
 1035 0035 00       		.byte	0
 1036 0036 05       		.uleb128 0x5
 1037 0037 0F       		.uleb128 0xf
 1038 0038 00       		.byte	0
 1039 0039 0B       		.uleb128 0xb
 1040 003a 0B       		.uleb128 0xb
 1041 003b 00       		.byte	0
 1042 003c 00       		.byte	0
 1043 003d 06       		.uleb128 0x6
 1044 003e 16       		.uleb128 0x16
 1045 003f 00       		.byte	0
 1046 0040 03       		.uleb128 0x3
 1047 0041 0E       		.uleb128 0xe
 1048 0042 3A       		.uleb128 0x3a
 1049 0043 0B       		.uleb128 0xb
 1050 0044 3B       		.uleb128 0x3b
 1051 0045 05       		.uleb128 0x5
 1052 0046 49       		.uleb128 0x49
 1053 0047 13       		.uleb128 0x13
 1054 0048 00       		.byte	0
 1055 0049 00       		.byte	0
 1056 004a 07       		.uleb128 0x7
 1057 004b 35       		.uleb128 0x35
 1058 004c 00       		.byte	0
ARM GAS  C:\Users\npat025\AppData\Local\Temp\cc5vrHhY.s 			page 26


 1059 004d 49       		.uleb128 0x49
 1060 004e 13       		.uleb128 0x13
 1061 004f 00       		.byte	0
 1062 0050 00       		.byte	0
 1063 0051 08       		.uleb128 0x8
 1064 0052 13       		.uleb128 0x13
 1065 0053 01       		.byte	0x1
 1066 0054 0B       		.uleb128 0xb
 1067 0055 0B       		.uleb128 0xb
 1068 0056 3A       		.uleb128 0x3a
 1069 0057 0B       		.uleb128 0xb
 1070 0058 3B       		.uleb128 0x3b
 1071 0059 0B       		.uleb128 0xb
 1072 005a 01       		.uleb128 0x1
 1073 005b 13       		.uleb128 0x13
 1074 005c 00       		.byte	0
 1075 005d 00       		.byte	0
 1076 005e 09       		.uleb128 0x9
 1077 005f 0D       		.uleb128 0xd
 1078 0060 00       		.byte	0
 1079 0061 03       		.uleb128 0x3
 1080 0062 0E       		.uleb128 0xe
 1081 0063 3A       		.uleb128 0x3a
 1082 0064 0B       		.uleb128 0xb
 1083 0065 3B       		.uleb128 0x3b
 1084 0066 0B       		.uleb128 0xb
 1085 0067 49       		.uleb128 0x49
 1086 0068 13       		.uleb128 0x13
 1087 0069 38       		.uleb128 0x38
 1088 006a 0B       		.uleb128 0xb
 1089 006b 00       		.byte	0
 1090 006c 00       		.byte	0
 1091 006d 0A       		.uleb128 0xa
 1092 006e 2E       		.uleb128 0x2e
 1093 006f 01       		.byte	0x1
 1094 0070 03       		.uleb128 0x3
 1095 0071 0E       		.uleb128 0xe
 1096 0072 3A       		.uleb128 0x3a
 1097 0073 0B       		.uleb128 0xb
 1098 0074 3B       		.uleb128 0x3b
 1099 0075 0B       		.uleb128 0xb
 1100 0076 27       		.uleb128 0x27
 1101 0077 19       		.uleb128 0x19
 1102 0078 11       		.uleb128 0x11
 1103 0079 01       		.uleb128 0x1
 1104 007a 12       		.uleb128 0x12
 1105 007b 06       		.uleb128 0x6
 1106 007c 40       		.uleb128 0x40
 1107 007d 18       		.uleb128 0x18
 1108 007e 9642     		.uleb128 0x2116
 1109 0080 19       		.uleb128 0x19
 1110 0081 01       		.uleb128 0x1
 1111 0082 13       		.uleb128 0x13
 1112 0083 00       		.byte	0
 1113 0084 00       		.byte	0
 1114 0085 0B       		.uleb128 0xb
 1115 0086 05       		.uleb128 0x5
ARM GAS  C:\Users\npat025\AppData\Local\Temp\cc5vrHhY.s 			page 27


 1116 0087 00       		.byte	0
 1117 0088 03       		.uleb128 0x3
 1118 0089 08       		.uleb128 0x8
 1119 008a 3A       		.uleb128 0x3a
 1120 008b 0B       		.uleb128 0xb
 1121 008c 3B       		.uleb128 0x3b
 1122 008d 0B       		.uleb128 0xb
 1123 008e 49       		.uleb128 0x49
 1124 008f 13       		.uleb128 0x13
 1125 0090 02       		.uleb128 0x2
 1126 0091 18       		.uleb128 0x18
 1127 0092 00       		.byte	0
 1128 0093 00       		.byte	0
 1129 0094 0C       		.uleb128 0xc
 1130 0095 05       		.uleb128 0x5
 1131 0096 00       		.byte	0
 1132 0097 03       		.uleb128 0x3
 1133 0098 0E       		.uleb128 0xe
 1134 0099 3A       		.uleb128 0x3a
 1135 009a 0B       		.uleb128 0xb
 1136 009b 3B       		.uleb128 0x3b
 1137 009c 0B       		.uleb128 0xb
 1138 009d 49       		.uleb128 0x49
 1139 009e 13       		.uleb128 0x13
 1140 009f 02       		.uleb128 0x2
 1141 00a0 18       		.uleb128 0x18
 1142 00a1 00       		.byte	0
 1143 00a2 00       		.byte	0
 1144 00a3 0D       		.uleb128 0xd
 1145 00a4 0F       		.uleb128 0xf
 1146 00a5 00       		.byte	0
 1147 00a6 0B       		.uleb128 0xb
 1148 00a7 0B       		.uleb128 0xb
 1149 00a8 49       		.uleb128 0x49
 1150 00a9 13       		.uleb128 0x13
 1151 00aa 00       		.byte	0
 1152 00ab 00       		.byte	0
 1153 00ac 0E       		.uleb128 0xe
 1154 00ad 26       		.uleb128 0x26
 1155 00ae 00       		.byte	0
 1156 00af 00       		.byte	0
 1157 00b0 00       		.byte	0
 1158 00b1 0F       		.uleb128 0xf
 1159 00b2 2E       		.uleb128 0x2e
 1160 00b3 01       		.byte	0x1
 1161 00b4 03       		.uleb128 0x3
 1162 00b5 0E       		.uleb128 0xe
 1163 00b6 3A       		.uleb128 0x3a
 1164 00b7 0B       		.uleb128 0xb
 1165 00b8 3B       		.uleb128 0x3b
 1166 00b9 0B       		.uleb128 0xb
 1167 00ba 27       		.uleb128 0x27
 1168 00bb 19       		.uleb128 0x19
 1169 00bc 11       		.uleb128 0x11
 1170 00bd 01       		.uleb128 0x1
 1171 00be 12       		.uleb128 0x12
 1172 00bf 06       		.uleb128 0x6
ARM GAS  C:\Users\npat025\AppData\Local\Temp\cc5vrHhY.s 			page 28


 1173 00c0 40       		.uleb128 0x40
 1174 00c1 18       		.uleb128 0x18
 1175 00c2 9742     		.uleb128 0x2117
 1176 00c4 19       		.uleb128 0x19
 1177 00c5 01       		.uleb128 0x1
 1178 00c6 13       		.uleb128 0x13
 1179 00c7 00       		.byte	0
 1180 00c8 00       		.byte	0
 1181 00c9 10       		.uleb128 0x10
 1182 00ca 34       		.uleb128 0x34
 1183 00cb 00       		.byte	0
 1184 00cc 03       		.uleb128 0x3
 1185 00cd 08       		.uleb128 0x8
 1186 00ce 3A       		.uleb128 0x3a
 1187 00cf 0B       		.uleb128 0xb
 1188 00d0 3B       		.uleb128 0x3b
 1189 00d1 0B       		.uleb128 0xb
 1190 00d2 49       		.uleb128 0x49
 1191 00d3 13       		.uleb128 0x13
 1192 00d4 02       		.uleb128 0x2
 1193 00d5 18       		.uleb128 0x18
 1194 00d6 00       		.byte	0
 1195 00d7 00       		.byte	0
 1196 00d8 11       		.uleb128 0x11
 1197 00d9 0B       		.uleb128 0xb
 1198 00da 01       		.byte	0x1
 1199 00db 11       		.uleb128 0x11
 1200 00dc 01       		.uleb128 0x1
 1201 00dd 12       		.uleb128 0x12
 1202 00de 06       		.uleb128 0x6
 1203 00df 00       		.byte	0
 1204 00e0 00       		.byte	0
 1205 00e1 12       		.uleb128 0x12
 1206 00e2 34       		.uleb128 0x34
 1207 00e3 00       		.byte	0
 1208 00e4 03       		.uleb128 0x3
 1209 00e5 0E       		.uleb128 0xe
 1210 00e6 3A       		.uleb128 0x3a
 1211 00e7 0B       		.uleb128 0xb
 1212 00e8 3B       		.uleb128 0x3b
 1213 00e9 0B       		.uleb128 0xb
 1214 00ea 49       		.uleb128 0x49
 1215 00eb 13       		.uleb128 0x13
 1216 00ec 02       		.uleb128 0x2
 1217 00ed 18       		.uleb128 0x18
 1218 00ee 00       		.byte	0
 1219 00ef 00       		.byte	0
 1220 00f0 13       		.uleb128 0x13
 1221 00f1 26       		.uleb128 0x26
 1222 00f2 00       		.byte	0
 1223 00f3 49       		.uleb128 0x49
 1224 00f4 13       		.uleb128 0x13
 1225 00f5 00       		.byte	0
 1226 00f6 00       		.byte	0
 1227 00f7 14       		.uleb128 0x14
 1228 00f8 2E       		.uleb128 0x2e
 1229 00f9 00       		.byte	0
ARM GAS  C:\Users\npat025\AppData\Local\Temp\cc5vrHhY.s 			page 29


 1230 00fa 03       		.uleb128 0x3
 1231 00fb 0E       		.uleb128 0xe
 1232 00fc 3A       		.uleb128 0x3a
 1233 00fd 0B       		.uleb128 0xb
 1234 00fe 3B       		.uleb128 0x3b
 1235 00ff 0B       		.uleb128 0xb
 1236 0100 27       		.uleb128 0x27
 1237 0101 19       		.uleb128 0x19
 1238 0102 11       		.uleb128 0x11
 1239 0103 01       		.uleb128 0x1
 1240 0104 12       		.uleb128 0x12
 1241 0105 06       		.uleb128 0x6
 1242 0106 40       		.uleb128 0x40
 1243 0107 18       		.uleb128 0x18
 1244 0108 9642     		.uleb128 0x2116
 1245 010a 19       		.uleb128 0x19
 1246 010b 00       		.byte	0
 1247 010c 00       		.byte	0
 1248 010d 15       		.uleb128 0x15
 1249 010e 2E       		.uleb128 0x2e
 1250 010f 00       		.byte	0
 1251 0110 03       		.uleb128 0x3
 1252 0111 0E       		.uleb128 0xe
 1253 0112 3A       		.uleb128 0x3a
 1254 0113 0B       		.uleb128 0xb
 1255 0114 3B       		.uleb128 0x3b
 1256 0115 05       		.uleb128 0x5
 1257 0116 27       		.uleb128 0x27
 1258 0117 19       		.uleb128 0x19
 1259 0118 11       		.uleb128 0x11
 1260 0119 01       		.uleb128 0x1
 1261 011a 12       		.uleb128 0x12
 1262 011b 06       		.uleb128 0x6
 1263 011c 40       		.uleb128 0x40
 1264 011d 18       		.uleb128 0x18
 1265 011e 9742     		.uleb128 0x2117
 1266 0120 19       		.uleb128 0x19
 1267 0121 00       		.byte	0
 1268 0122 00       		.byte	0
 1269 0123 16       		.uleb128 0x16
 1270 0124 2E       		.uleb128 0x2e
 1271 0125 01       		.byte	0x1
 1272 0126 3F       		.uleb128 0x3f
 1273 0127 19       		.uleb128 0x19
 1274 0128 03       		.uleb128 0x3
 1275 0129 0E       		.uleb128 0xe
 1276 012a 3A       		.uleb128 0x3a
 1277 012b 0B       		.uleb128 0xb
 1278 012c 3B       		.uleb128 0x3b
 1279 012d 05       		.uleb128 0x5
 1280 012e 27       		.uleb128 0x27
 1281 012f 19       		.uleb128 0x19
 1282 0130 11       		.uleb128 0x11
 1283 0131 01       		.uleb128 0x1
 1284 0132 12       		.uleb128 0x12
 1285 0133 06       		.uleb128 0x6
 1286 0134 40       		.uleb128 0x40
ARM GAS  C:\Users\npat025\AppData\Local\Temp\cc5vrHhY.s 			page 30


 1287 0135 18       		.uleb128 0x18
 1288 0136 9642     		.uleb128 0x2116
 1289 0138 19       		.uleb128 0x19
 1290 0139 01       		.uleb128 0x1
 1291 013a 13       		.uleb128 0x13
 1292 013b 00       		.byte	0
 1293 013c 00       		.byte	0
 1294 013d 17       		.uleb128 0x17
 1295 013e 34       		.uleb128 0x34
 1296 013f 00       		.byte	0
 1297 0140 03       		.uleb128 0x3
 1298 0141 0E       		.uleb128 0xe
 1299 0142 3A       		.uleb128 0x3a
 1300 0143 0B       		.uleb128 0xb
 1301 0144 3B       		.uleb128 0x3b
 1302 0145 05       		.uleb128 0x5
 1303 0146 49       		.uleb128 0x49
 1304 0147 13       		.uleb128 0x13
 1305 0148 02       		.uleb128 0x2
 1306 0149 18       		.uleb128 0x18
 1307 014a 00       		.byte	0
 1308 014b 00       		.byte	0
 1309 014c 18       		.uleb128 0x18
 1310 014d 13       		.uleb128 0x13
 1311 014e 01       		.byte	0x1
 1312 014f 0B       		.uleb128 0xb
 1313 0150 0B       		.uleb128 0xb
 1314 0151 3A       		.uleb128 0x3a
 1315 0152 0B       		.uleb128 0xb
 1316 0153 3B       		.uleb128 0x3b
 1317 0154 05       		.uleb128 0x5
 1318 0155 01       		.uleb128 0x1
 1319 0156 13       		.uleb128 0x13
 1320 0157 00       		.byte	0
 1321 0158 00       		.byte	0
 1322 0159 19       		.uleb128 0x19
 1323 015a 0D       		.uleb128 0xd
 1324 015b 00       		.byte	0
 1325 015c 03       		.uleb128 0x3
 1326 015d 0E       		.uleb128 0xe
 1327 015e 3A       		.uleb128 0x3a
 1328 015f 0B       		.uleb128 0xb
 1329 0160 3B       		.uleb128 0x3b
 1330 0161 05       		.uleb128 0x5
 1331 0162 49       		.uleb128 0x49
 1332 0163 13       		.uleb128 0x13
 1333 0164 38       		.uleb128 0x38
 1334 0165 0B       		.uleb128 0xb
 1335 0166 00       		.byte	0
 1336 0167 00       		.byte	0
 1337 0168 1A       		.uleb128 0x1a
 1338 0169 01       		.uleb128 0x1
 1339 016a 01       		.byte	0x1
 1340 016b 49       		.uleb128 0x49
 1341 016c 13       		.uleb128 0x13
 1342 016d 01       		.uleb128 0x1
 1343 016e 13       		.uleb128 0x13
ARM GAS  C:\Users\npat025\AppData\Local\Temp\cc5vrHhY.s 			page 31


 1344 016f 00       		.byte	0
 1345 0170 00       		.byte	0
 1346 0171 1B       		.uleb128 0x1b
 1347 0172 21       		.uleb128 0x21
 1348 0173 00       		.byte	0
 1349 0174 49       		.uleb128 0x49
 1350 0175 13       		.uleb128 0x13
 1351 0176 2F       		.uleb128 0x2f
 1352 0177 0B       		.uleb128 0xb
 1353 0178 00       		.byte	0
 1354 0179 00       		.byte	0
 1355 017a 1C       		.uleb128 0x1c
 1356 017b 34       		.uleb128 0x34
 1357 017c 00       		.byte	0
 1358 017d 03       		.uleb128 0x3
 1359 017e 08       		.uleb128 0x8
 1360 017f 3A       		.uleb128 0x3a
 1361 0180 0B       		.uleb128 0xb
 1362 0181 3B       		.uleb128 0x3b
 1363 0182 05       		.uleb128 0x5
 1364 0183 49       		.uleb128 0x49
 1365 0184 13       		.uleb128 0x13
 1366 0185 02       		.uleb128 0x2
 1367 0186 18       		.uleb128 0x18
 1368 0187 00       		.byte	0
 1369 0188 00       		.byte	0
 1370 0189 00       		.byte	0
 1371              		.section	.debug_aranges,"",%progbits
 1372 0000 4C000000 		.4byte	0x4c
 1373 0004 0200     		.2byte	0x2
 1374 0006 00000000 		.4byte	.Ldebug_info0
 1375 000a 04       		.byte	0x4
 1376 000b 00       		.byte	0
 1377 000c 0000     		.2byte	0
 1378 000e 0000     		.2byte	0
 1379 0010 00000000 		.4byte	.LFB0
 1380 0014 1E000000 		.4byte	.LFE0-.LFB0
 1381 0018 00000000 		.4byte	.LFB1
 1382 001c 20000000 		.4byte	.LFE1-.LFB1
 1383 0020 00000000 		.4byte	.LFB2
 1384 0024 20000000 		.4byte	.LFE2-.LFB2
 1385 0028 00000000 		.4byte	.LFB3
 1386 002c 82000000 		.4byte	.LFE3-.LFB3
 1387 0030 00000000 		.4byte	.LFB4
 1388 0034 74000000 		.4byte	.LFE4-.LFB4
 1389 0038 00000000 		.4byte	.LFB5
 1390 003c 0A000000 		.4byte	.LFE5-.LFB5
 1391 0040 74000000 		.4byte	.LFB6
 1392 0044 08010000 		.4byte	.LFE6-.LFB6
 1393 0048 00000000 		.4byte	0
 1394 004c 00000000 		.4byte	0
 1395              		.section	.debug_ranges,"",%progbits
 1396              	.Ldebug_ranges0:
 1397 0000 00000000 		.4byte	.LFB0
 1398 0004 1E000000 		.4byte	.LFE0
 1399 0008 00000000 		.4byte	.LFB1
 1400 000c 20000000 		.4byte	.LFE1
ARM GAS  C:\Users\npat025\AppData\Local\Temp\cc5vrHhY.s 			page 32


 1401 0010 00000000 		.4byte	.LFB2
 1402 0014 20000000 		.4byte	.LFE2
 1403 0018 00000000 		.4byte	.LFB3
 1404 001c 82000000 		.4byte	.LFE3
 1405 0020 00000000 		.4byte	.LFB4
 1406 0024 74000000 		.4byte	.LFE4
 1407 0028 00000000 		.4byte	.LFB5
 1408 002c 0A000000 		.4byte	.LFE5
 1409 0030 74000000 		.4byte	.LFB6
 1410 0034 7C010000 		.4byte	.LFE6
 1411 0038 00000000 		.4byte	0
 1412 003c 00000000 		.4byte	0
 1413              		.section	.debug_line,"",%progbits
 1414              	.Ldebug_line0:
 1415 0000 88010000 		.section	.debug_str,"MS",%progbits,1
 1415      0200CB00 
 1415      00000201 
 1415      FB0E0D00 
 1415      01010101 
 1416              	.LASF19:
 1417 0000 72656733 		.ascii	"reg32\000"
 1417      3200
 1418              	.LASF12:
 1419 0006 73697A65 		.ascii	"size_t\000"
 1419      5F7400
 1420              	.LASF33:
 1421 000d 416E616C 		.ascii	"AnalogSetDefault\000"
 1421      6F675365 
 1421      74446566 
 1421      61756C74 
 1421      00
 1422              	.LASF21:
 1423 001e 76616C75 		.ascii	"value\000"
 1423      6500
 1424              	.LASF31:
 1425 0024 636F756E 		.ascii	"count\000"
 1425      7400
 1426              	.LASF32:
 1427 002a 436C6F63 		.ascii	"ClockSetup\000"
 1427      6B536574 
 1427      757000
 1428              	.LASF34:
 1429 0035 63795F63 		.ascii	"cy_cfg_addr_table\000"
 1429      66675F61 
 1429      6464725F 
 1429      7461626C 
 1429      6500
 1430              	.LASF35:
 1431 0047 63795F63 		.ascii	"cy_cfg_data_table\000"
 1431      66675F64 
 1431      6174615F 
 1431      7461626C 
 1431      6500
 1432              	.LASF16:
 1433 0059 666C6F61 		.ascii	"float\000"
 1433      7400
 1434              	.LASF25:
ARM GAS  C:\Users\npat025\AppData\Local\Temp\cc5vrHhY.s 			page 33


 1435 005f 64657374 		.ascii	"dest\000"
 1435      00
 1436              	.LASF39:
 1437 0064 6366675F 		.ascii	"cfg_memset_list\000"
 1437      6D656D73 
 1437      65745F6C 
 1437      69737400 
 1438              	.LASF37:
 1439 0074 73697A65 		.ascii	"size\000"
 1439      00
 1440              	.LASF18:
 1441 0079 72656738 		.ascii	"reg8\000"
 1441      00
 1442              	.LASF8:
 1443 007e 6C6F6E67 		.ascii	"long unsigned int\000"
 1443      20756E73 
 1443      69676E65 
 1443      6420696E 
 1443      7400
 1444              	.LASF13:
 1445 0090 75696E74 		.ascii	"uint8\000"
 1445      3800
 1446              	.LASF42:
 1447 0096 433A5C55 		.ascii	"C:\\Users\\npat025\\Dropbox (Uni of Auckland)\\kit0"
 1447      73657273 
 1447      5C6E7061 
 1447      74303235 
 1447      5C44726F 
 1448 00c5 34395C57 		.ascii	"49\\Workspace01\\SCB_Bootloader_42xx\\Bootloadable "
 1448      6F726B73 
 1448      70616365 
 1448      30315C53 
 1448      43425F42 
 1449 00f5 426C696E 		.ascii	"Blinking LED.cydsn\000"
 1449      6B696E67 
 1449      204C4544 
 1449      2E637964 
 1449      736E00
 1450              	.LASF23:
 1451 0108 43594D45 		.ascii	"CYMEMZERO\000"
 1451      4D5A4552 
 1451      4F00
 1452              	.LASF40:
 1453 0112 474E5520 		.ascii	"GNU C11 5.4.1 20160609 (release) [ARM/embedded-5-br"
 1453      43313120 
 1453      352E342E 
 1453      31203230 
 1453      31363036 
 1454 0145 616E6368 		.ascii	"anch revision 237715] -mcpu=cortex-m0 -mthumb -g -O"
 1454      20726576 
 1454      6973696F 
 1454      6E203233 
 1454      37373135 
 1455 0178 30202D66 		.ascii	"0 -ffunction-sections -ffat-lto-objects\000"
 1455      66756E63 
 1455      74696F6E 
 1455      2D736563 
ARM GAS  C:\Users\npat025\AppData\Local\Temp\cc5vrHhY.s 			page 34


 1455      74696F6E 
 1456              	.LASF4:
 1457 01a0 756E7369 		.ascii	"unsigned char\000"
 1457      676E6564 
 1457      20636861 
 1457      7200
 1458              	.LASF17:
 1459 01ae 646F7562 		.ascii	"double\000"
 1459      6C6500
 1460              	.LASF27:
 1461 01b5 6366675F 		.ascii	"cfg_write_bytes32\000"
 1461      77726974 
 1461      655F6279 
 1461      74657333 
 1461      3200
 1462              	.LASF43:
 1463 01c7 63796669 		.ascii	"cyfitter_cfg\000"
 1463      74746572 
 1463      5F636667 
 1463      00
 1464              	.LASF28:
 1465 01d4 61646472 		.ascii	"addr_table\000"
 1465      5F746162 
 1465      6C6500
 1466              	.LASF14:
 1467 01df 75696E74 		.ascii	"uint16\000"
 1467      313600
 1468              	.LASF29:
 1469 01e6 64617461 		.ascii	"data_table\000"
 1469      5F746162 
 1469      6C6500
 1470              	.LASF15:
 1471 01f1 75696E74 		.ascii	"uint32\000"
 1471      333200
 1472              	.LASF0:
 1473 01f8 756E7369 		.ascii	"unsigned int\000"
 1473      676E6564 
 1473      20696E74 
 1473      00
 1474              	.LASF36:
 1475 0205 61646472 		.ascii	"address\000"
 1475      65737300 
 1476              	.LASF9:
 1477 020d 6C6F6E67 		.ascii	"long long unsigned int\000"
 1477      206C6F6E 
 1477      6720756E 
 1477      7369676E 
 1477      65642069 
 1478              	.LASF38:
 1479 0224 6366675F 		.ascii	"cfg_memset_t\000"
 1479      6D656D73 
 1479      65745F74 
 1479      00
 1480              	.LASF30:
 1481 0231 62617365 		.ascii	"baseAddr\000"
 1481      41646472 
 1481      00
ARM GAS  C:\Users\npat025\AppData\Local\Temp\cc5vrHhY.s 			page 35


 1482              	.LASF10:
 1483 023a 73697A65 		.ascii	"sizetype\000"
 1483      74797065 
 1483      00
 1484              	.LASF6:
 1485 0243 73686F72 		.ascii	"short unsigned int\000"
 1485      7420756E 
 1485      7369676E 
 1485      65642069 
 1485      6E7400
 1486              	.LASF1:
 1487 0256 6C6F6E67 		.ascii	"long long int\000"
 1487      206C6F6E 
 1487      6720696E 
 1487      7400
 1488              	.LASF11:
 1489 0264 63686172 		.ascii	"char\000"
 1489      00
 1490              	.LASF22:
 1491 0269 63795F63 		.ascii	"cy_cfg_addrvalue_t\000"
 1491      66675F61 
 1491      64647276 
 1491      616C7565 
 1491      5F7400
 1492              	.LASF20:
 1493 027c 6F666673 		.ascii	"offset\000"
 1493      657400
 1494              	.LASF5:
 1495 0283 73686F72 		.ascii	"short int\000"
 1495      7420696E 
 1495      7400
 1496              	.LASF7:
 1497 028d 6C6F6E67 		.ascii	"long int\000"
 1497      20696E74 
 1497      00
 1498              	.LASF2:
 1499 0296 6C6F6E67 		.ascii	"long double\000"
 1499      20646F75 
 1499      626C6500 
 1500              	.LASF3:
 1501 02a2 7369676E 		.ascii	"signed char\000"
 1501      65642063 
 1501      68617200 
 1502              	.LASF41:
 1503 02ae 47656E65 		.ascii	"Generated_Source\\PSoC4\\cyfitter_cfg.c\000"
 1503      72617465 
 1503      645F536F 
 1503      75726365 
 1503      5C50536F 
 1504              	.LASF26:
 1505 02d4 4359434F 		.ascii	"CYCONFIGCPYCODE\000"
 1505      4E464947 
 1505      43505943 
 1505      4F444500 
 1506              	.LASF24:
 1507 02e4 4359434F 		.ascii	"CYCONFIGCPY\000"
 1507      4E464947 
ARM GAS  C:\Users\npat025\AppData\Local\Temp\cc5vrHhY.s 			page 36


 1507      43505900 
 1508              		.ident	"GCC: (GNU Tools for ARM Embedded Processors) 5.4.1 20160609 (release) [ARM/embedded-5-bran
