ARM GAS  C:\Users\npat025\AppData\Local\Temp\ccqWBXKo.s 			page 1


   1              		.syntax unified
   2              		.cpu cortex-m0
   3              		.fpu softvfp
   4              		.eabi_attribute 20, 1
   5              		.eabi_attribute 21, 1
   6              		.eabi_attribute 23, 3
   7              		.eabi_attribute 24, 1
   8              		.eabi_attribute 25, 1
   9              		.eabi_attribute 26, 1
  10              		.eabi_attribute 30, 4
  11              		.eabi_attribute 34, 0
  12              		.eabi_attribute 18, 4
  13              		.thumb
  14              		.syntax unified
  15              		.file	"cyfitter_cfg.c"
  16              		.text
  17              	.Ltext0:
  18              		.cfi_sections	.debug_frame
  19              		.section	.psocinit,"ax",%progbits
  20              		.align	1
  21              		.global	cyfitter_cfg
  22              		.code	16
  23              		.thumb_func
  24              		.type	cyfitter_cfg, %function
  25              	cyfitter_cfg:
  26              	.LFB6:
  27              		.file 1 "Generated_Source\\PSoC4\\cyfitter_cfg.c"
   1:Generated_Source\PSoC4/cyfitter_cfg.c **** 
   2:Generated_Source\PSoC4/cyfitter_cfg.c **** /*******************************************************************************
   3:Generated_Source\PSoC4/cyfitter_cfg.c **** * File Name: cyfitter_cfg.c
   4:Generated_Source\PSoC4/cyfitter_cfg.c **** * 
   5:Generated_Source\PSoC4/cyfitter_cfg.c **** * PSoC Creator  4.4
   6:Generated_Source\PSoC4/cyfitter_cfg.c **** *
   7:Generated_Source\PSoC4/cyfitter_cfg.c **** * Description:
   8:Generated_Source\PSoC4/cyfitter_cfg.c **** * This file contains device initialization code.
   9:Generated_Source\PSoC4/cyfitter_cfg.c **** * Except for the user defined sections in CyClockStartupError(), this file should not be modified.
  10:Generated_Source\PSoC4/cyfitter_cfg.c **** * This file is automatically generated by PSoC Creator.
  11:Generated_Source\PSoC4/cyfitter_cfg.c **** *
  12:Generated_Source\PSoC4/cyfitter_cfg.c **** ********************************************************************************
  13:Generated_Source\PSoC4/cyfitter_cfg.c **** * Copyright (c) 2007-2020 Cypress Semiconductor.  All rights reserved.
  14:Generated_Source\PSoC4/cyfitter_cfg.c **** * You may use this file only in accordance with the license, terms, conditions, 
  15:Generated_Source\PSoC4/cyfitter_cfg.c **** * disclaimers, and limitations in the end user license agreement accompanying 
  16:Generated_Source\PSoC4/cyfitter_cfg.c **** * the software package with which this file was provided.
  17:Generated_Source\PSoC4/cyfitter_cfg.c **** ********************************************************************************/
  18:Generated_Source\PSoC4/cyfitter_cfg.c **** 
  19:Generated_Source\PSoC4/cyfitter_cfg.c **** #include <string.h>
  20:Generated_Source\PSoC4/cyfitter_cfg.c **** #include "cytypes.h"
  21:Generated_Source\PSoC4/cyfitter_cfg.c **** #include "cydevice_trm.h"
  22:Generated_Source\PSoC4/cyfitter_cfg.c **** #include "cyfitter.h"
  23:Generated_Source\PSoC4/cyfitter_cfg.c **** #include "CyLib.h"
  24:Generated_Source\PSoC4/cyfitter_cfg.c **** #include "cyfitter_cfg.h"
  25:Generated_Source\PSoC4/cyfitter_cfg.c **** 
  26:Generated_Source\PSoC4/cyfitter_cfg.c **** 
  27:Generated_Source\PSoC4/cyfitter_cfg.c **** #if defined(__GNUC__) || defined(__ARMCC_VERSION)
  28:Generated_Source\PSoC4/cyfitter_cfg.c ****     #define CYPACKED 
  29:Generated_Source\PSoC4/cyfitter_cfg.c ****     #define CYPACKED_ATTR __attribute__ ((packed))
  30:Generated_Source\PSoC4/cyfitter_cfg.c ****     #define CYALIGNED __attribute__ ((aligned))
ARM GAS  C:\Users\npat025\AppData\Local\Temp\ccqWBXKo.s 			page 2


  31:Generated_Source\PSoC4/cyfitter_cfg.c ****     #define CY_CFG_UNUSED __attribute__ ((unused))
  32:Generated_Source\PSoC4/cyfitter_cfg.c ****     #ifndef CY_CFG_SECTION
  33:Generated_Source\PSoC4/cyfitter_cfg.c ****         #define CY_CFG_SECTION __attribute__ ((section(".psocinit")))
  34:Generated_Source\PSoC4/cyfitter_cfg.c ****     #endif
  35:Generated_Source\PSoC4/cyfitter_cfg.c ****     
  36:Generated_Source\PSoC4/cyfitter_cfg.c ****     #if defined(__ARMCC_VERSION)
  37:Generated_Source\PSoC4/cyfitter_cfg.c ****         #define CY_CFG_MEMORY_BARRIER() __memory_changed()
  38:Generated_Source\PSoC4/cyfitter_cfg.c ****     #else
  39:Generated_Source\PSoC4/cyfitter_cfg.c ****         #define CY_CFG_MEMORY_BARRIER() __sync_synchronize()
  40:Generated_Source\PSoC4/cyfitter_cfg.c ****     #endif
  41:Generated_Source\PSoC4/cyfitter_cfg.c ****     
  42:Generated_Source\PSoC4/cyfitter_cfg.c **** #elif defined(__ICCARM__)
  43:Generated_Source\PSoC4/cyfitter_cfg.c ****     #include <intrinsics.h>
  44:Generated_Source\PSoC4/cyfitter_cfg.c **** 
  45:Generated_Source\PSoC4/cyfitter_cfg.c ****     #define CYPACKED __packed
  46:Generated_Source\PSoC4/cyfitter_cfg.c ****     #define CYPACKED_ATTR 
  47:Generated_Source\PSoC4/cyfitter_cfg.c ****     #define CYALIGNED _Pragma("data_alignment=4")
  48:Generated_Source\PSoC4/cyfitter_cfg.c ****     #define CY_CFG_UNUSED _Pragma("diag_suppress=Pe177")
  49:Generated_Source\PSoC4/cyfitter_cfg.c ****     #define CY_CFG_SECTION _Pragma("location=\".psocinit\"")
  50:Generated_Source\PSoC4/cyfitter_cfg.c ****     
  51:Generated_Source\PSoC4/cyfitter_cfg.c ****     #define CY_CFG_MEMORY_BARRIER() __DMB()
  52:Generated_Source\PSoC4/cyfitter_cfg.c ****     
  53:Generated_Source\PSoC4/cyfitter_cfg.c **** #else
  54:Generated_Source\PSoC4/cyfitter_cfg.c ****     #error Unsupported toolchain
  55:Generated_Source\PSoC4/cyfitter_cfg.c **** #endif
  56:Generated_Source\PSoC4/cyfitter_cfg.c **** 
  57:Generated_Source\PSoC4/cyfitter_cfg.c **** #ifndef CYCODE
  58:Generated_Source\PSoC4/cyfitter_cfg.c ****     #define CYCODE
  59:Generated_Source\PSoC4/cyfitter_cfg.c **** #endif
  60:Generated_Source\PSoC4/cyfitter_cfg.c **** #ifndef CYDATA
  61:Generated_Source\PSoC4/cyfitter_cfg.c ****     #define CYDATA
  62:Generated_Source\PSoC4/cyfitter_cfg.c **** #endif
  63:Generated_Source\PSoC4/cyfitter_cfg.c **** #ifndef CYFAR
  64:Generated_Source\PSoC4/cyfitter_cfg.c ****     #define CYFAR
  65:Generated_Source\PSoC4/cyfitter_cfg.c **** #endif
  66:Generated_Source\PSoC4/cyfitter_cfg.c **** #ifndef CYXDATA
  67:Generated_Source\PSoC4/cyfitter_cfg.c ****     #define CYXDATA
  68:Generated_Source\PSoC4/cyfitter_cfg.c **** #endif
  69:Generated_Source\PSoC4/cyfitter_cfg.c **** 
  70:Generated_Source\PSoC4/cyfitter_cfg.c **** 
  71:Generated_Source\PSoC4/cyfitter_cfg.c **** CY_CFG_UNUSED
  72:Generated_Source\PSoC4/cyfitter_cfg.c **** static void CYMEMZERO(void *s, size_t n);
  73:Generated_Source\PSoC4/cyfitter_cfg.c **** CY_CFG_UNUSED
  74:Generated_Source\PSoC4/cyfitter_cfg.c **** static void CYMEMZERO(void *s, size_t n)
  75:Generated_Source\PSoC4/cyfitter_cfg.c **** {
  76:Generated_Source\PSoC4/cyfitter_cfg.c **** 	(void)memset(s, 0, n);
  77:Generated_Source\PSoC4/cyfitter_cfg.c **** }
  78:Generated_Source\PSoC4/cyfitter_cfg.c **** CY_CFG_UNUSED
  79:Generated_Source\PSoC4/cyfitter_cfg.c **** static void CYCONFIGCPY(void *dest, const void *src, size_t n);
  80:Generated_Source\PSoC4/cyfitter_cfg.c **** CY_CFG_UNUSED
  81:Generated_Source\PSoC4/cyfitter_cfg.c **** static void CYCONFIGCPY(void *dest, const void *src, size_t n)
  82:Generated_Source\PSoC4/cyfitter_cfg.c **** {
  83:Generated_Source\PSoC4/cyfitter_cfg.c **** 	(void)memcpy(dest, src, n);
  84:Generated_Source\PSoC4/cyfitter_cfg.c **** }
  85:Generated_Source\PSoC4/cyfitter_cfg.c **** CY_CFG_UNUSED
  86:Generated_Source\PSoC4/cyfitter_cfg.c **** static void CYCONFIGCPYCODE(void *dest, const void *src, size_t n);
  87:Generated_Source\PSoC4/cyfitter_cfg.c **** CY_CFG_UNUSED
ARM GAS  C:\Users\npat025\AppData\Local\Temp\ccqWBXKo.s 			page 3


  88:Generated_Source\PSoC4/cyfitter_cfg.c **** static void CYCONFIGCPYCODE(void *dest, const void *src, size_t n)
  89:Generated_Source\PSoC4/cyfitter_cfg.c **** {
  90:Generated_Source\PSoC4/cyfitter_cfg.c **** 	(void)memcpy(dest, src, n);
  91:Generated_Source\PSoC4/cyfitter_cfg.c **** }
  92:Generated_Source\PSoC4/cyfitter_cfg.c **** 
  93:Generated_Source\PSoC4/cyfitter_cfg.c **** 
  94:Generated_Source\PSoC4/cyfitter_cfg.c **** 
  95:Generated_Source\PSoC4/cyfitter_cfg.c **** 
  96:Generated_Source\PSoC4/cyfitter_cfg.c **** /* Clock startup error codes                                                   */
  97:Generated_Source\PSoC4/cyfitter_cfg.c **** #define CYCLOCKSTART_NO_ERROR    0u
  98:Generated_Source\PSoC4/cyfitter_cfg.c **** #define CYCLOCKSTART_XTAL_ERROR  1u
  99:Generated_Source\PSoC4/cyfitter_cfg.c **** #define CYCLOCKSTART_32KHZ_ERROR 2u
 100:Generated_Source\PSoC4/cyfitter_cfg.c **** #define CYCLOCKSTART_PLL_ERROR   3u
 101:Generated_Source\PSoC4/cyfitter_cfg.c **** #define CYCLOCKSTART_FLL_ERROR   4u
 102:Generated_Source\PSoC4/cyfitter_cfg.c **** #define CYCLOCKSTART_WCO_ERROR   5u
 103:Generated_Source\PSoC4/cyfitter_cfg.c **** 
 104:Generated_Source\PSoC4/cyfitter_cfg.c **** 
 105:Generated_Source\PSoC4/cyfitter_cfg.c **** #ifdef CY_NEED_CYCLOCKSTARTUPERROR
 106:Generated_Source\PSoC4/cyfitter_cfg.c **** /*******************************************************************************
 107:Generated_Source\PSoC4/cyfitter_cfg.c **** * Function Name: CyClockStartupError
 108:Generated_Source\PSoC4/cyfitter_cfg.c **** ********************************************************************************
 109:Generated_Source\PSoC4/cyfitter_cfg.c **** * Summary:
 110:Generated_Source\PSoC4/cyfitter_cfg.c **** *  If an error is encountered during clock configuration (crystal startup error,
 111:Generated_Source\PSoC4/cyfitter_cfg.c **** *  PLL lock error, etc.), the system will end up here.  Unless reimplemented by
 112:Generated_Source\PSoC4/cyfitter_cfg.c **** *  the customer, this function will stop in an infinite loop.
 113:Generated_Source\PSoC4/cyfitter_cfg.c **** *
 114:Generated_Source\PSoC4/cyfitter_cfg.c **** * Parameters:
 115:Generated_Source\PSoC4/cyfitter_cfg.c **** *   void
 116:Generated_Source\PSoC4/cyfitter_cfg.c **** *
 117:Generated_Source\PSoC4/cyfitter_cfg.c **** * Return:
 118:Generated_Source\PSoC4/cyfitter_cfg.c **** *   void
 119:Generated_Source\PSoC4/cyfitter_cfg.c **** *
 120:Generated_Source\PSoC4/cyfitter_cfg.c **** *******************************************************************************/
 121:Generated_Source\PSoC4/cyfitter_cfg.c **** CY_CFG_UNUSED
 122:Generated_Source\PSoC4/cyfitter_cfg.c **** static void CyClockStartupError(uint8 errorCode);
 123:Generated_Source\PSoC4/cyfitter_cfg.c **** CY_CFG_UNUSED
 124:Generated_Source\PSoC4/cyfitter_cfg.c **** static void CyClockStartupError(uint8 errorCode)
 125:Generated_Source\PSoC4/cyfitter_cfg.c **** {
 126:Generated_Source\PSoC4/cyfitter_cfg.c ****     /* To remove the compiler warning if errorCode not used.                */
 127:Generated_Source\PSoC4/cyfitter_cfg.c ****     errorCode = errorCode;
 128:Generated_Source\PSoC4/cyfitter_cfg.c **** 
 129:Generated_Source\PSoC4/cyfitter_cfg.c ****     /* If we have a clock startup error (bad MHz crystal, PLL lock, etc.),  */
 130:Generated_Source\PSoC4/cyfitter_cfg.c ****     /* we will end up here to allow the customer to implement something to  */
 131:Generated_Source\PSoC4/cyfitter_cfg.c ****     /* deal with the clock condition.                                       */
 132:Generated_Source\PSoC4/cyfitter_cfg.c **** 
 133:Generated_Source\PSoC4/cyfitter_cfg.c **** #ifdef CY_CFG_CLOCK_STARTUP_ERROR_CALLBACK
 134:Generated_Source\PSoC4/cyfitter_cfg.c ****     CY_CFG_Clock_Startup_ErrorCallback();
 135:Generated_Source\PSoC4/cyfitter_cfg.c **** #else
 136:Generated_Source\PSoC4/cyfitter_cfg.c ****     /*  If not using CY_CFG_CLOCK_STARTUP_ERROR_CALLBACK, place your clock startup code here. */
 137:Generated_Source\PSoC4/cyfitter_cfg.c ****     /* `#START CyClockStartupError` */
 138:Generated_Source\PSoC4/cyfitter_cfg.c **** 
 139:Generated_Source\PSoC4/cyfitter_cfg.c **** 
 140:Generated_Source\PSoC4/cyfitter_cfg.c **** 
 141:Generated_Source\PSoC4/cyfitter_cfg.c ****     /* `#END` */
 142:Generated_Source\PSoC4/cyfitter_cfg.c **** 
 143:Generated_Source\PSoC4/cyfitter_cfg.c ****     while(1) {}
 144:Generated_Source\PSoC4/cyfitter_cfg.c **** #endif /* CY_CFG_CLOCK_STARTUP_ERROR_CALLBACK */
ARM GAS  C:\Users\npat025\AppData\Local\Temp\ccqWBXKo.s 			page 4


 145:Generated_Source\PSoC4/cyfitter_cfg.c **** }
 146:Generated_Source\PSoC4/cyfitter_cfg.c **** #endif
 147:Generated_Source\PSoC4/cyfitter_cfg.c **** 
 148:Generated_Source\PSoC4/cyfitter_cfg.c **** #define CY_CFG_BASE_ADDR_COUNT 3u
 149:Generated_Source\PSoC4/cyfitter_cfg.c **** CYPACKED typedef struct
 150:Generated_Source\PSoC4/cyfitter_cfg.c **** {
 151:Generated_Source\PSoC4/cyfitter_cfg.c **** 	uint8 offset;
 152:Generated_Source\PSoC4/cyfitter_cfg.c **** 	uint8 value;
 153:Generated_Source\PSoC4/cyfitter_cfg.c **** } CYPACKED_ATTR cy_cfg_addrvalue_t;
 154:Generated_Source\PSoC4/cyfitter_cfg.c **** 
 155:Generated_Source\PSoC4/cyfitter_cfg.c **** 
 156:Generated_Source\PSoC4/cyfitter_cfg.c **** 
 157:Generated_Source\PSoC4/cyfitter_cfg.c **** /*******************************************************************************
 158:Generated_Source\PSoC4/cyfitter_cfg.c **** * Function Name: cfg_write_bytes32
 159:Generated_Source\PSoC4/cyfitter_cfg.c **** ********************************************************************************
 160:Generated_Source\PSoC4/cyfitter_cfg.c **** * Summary:
 161:Generated_Source\PSoC4/cyfitter_cfg.c **** *  This function is used for setting up the chip configuration areas that
 162:Generated_Source\PSoC4/cyfitter_cfg.c **** *  contain relatively sparse data.
 163:Generated_Source\PSoC4/cyfitter_cfg.c **** *
 164:Generated_Source\PSoC4/cyfitter_cfg.c **** * Parameters:
 165:Generated_Source\PSoC4/cyfitter_cfg.c **** *   void
 166:Generated_Source\PSoC4/cyfitter_cfg.c **** *
 167:Generated_Source\PSoC4/cyfitter_cfg.c **** * Return:
 168:Generated_Source\PSoC4/cyfitter_cfg.c **** *   void
 169:Generated_Source\PSoC4/cyfitter_cfg.c **** *
 170:Generated_Source\PSoC4/cyfitter_cfg.c **** *******************************************************************************/
 171:Generated_Source\PSoC4/cyfitter_cfg.c **** static void cfg_write_bytes32(const uint32 addr_table[], const cy_cfg_addrvalue_t data_table[]);
 172:Generated_Source\PSoC4/cyfitter_cfg.c **** static void cfg_write_bytes32(const uint32 addr_table[], const cy_cfg_addrvalue_t data_table[])
 173:Generated_Source\PSoC4/cyfitter_cfg.c **** {
 174:Generated_Source\PSoC4/cyfitter_cfg.c **** 	/* For 32-bit little-endian architectures */
 175:Generated_Source\PSoC4/cyfitter_cfg.c **** 	uint32 i, j = 0u;
 176:Generated_Source\PSoC4/cyfitter_cfg.c **** 	for (i = 0u; i < CY_CFG_BASE_ADDR_COUNT; i++)
 177:Generated_Source\PSoC4/cyfitter_cfg.c **** 	{
 178:Generated_Source\PSoC4/cyfitter_cfg.c **** 		uint32 baseAddr = addr_table[i];
 179:Generated_Source\PSoC4/cyfitter_cfg.c **** 		uint8 count = (uint8)baseAddr;
 180:Generated_Source\PSoC4/cyfitter_cfg.c **** 		baseAddr &= 0xFFFFFF00u;
 181:Generated_Source\PSoC4/cyfitter_cfg.c **** 		while (count != 0u)
 182:Generated_Source\PSoC4/cyfitter_cfg.c **** 		{
 183:Generated_Source\PSoC4/cyfitter_cfg.c **** 			CY_SET_REG8((void *)(baseAddr + data_table[j].offset), data_table[j].value);
 184:Generated_Source\PSoC4/cyfitter_cfg.c **** 			j++;
 185:Generated_Source\PSoC4/cyfitter_cfg.c **** 			count--;
 186:Generated_Source\PSoC4/cyfitter_cfg.c **** 		}
 187:Generated_Source\PSoC4/cyfitter_cfg.c **** 	}
 188:Generated_Source\PSoC4/cyfitter_cfg.c **** }
 189:Generated_Source\PSoC4/cyfitter_cfg.c **** 
 190:Generated_Source\PSoC4/cyfitter_cfg.c **** 
 191:Generated_Source\PSoC4/cyfitter_cfg.c **** /*******************************************************************************
 192:Generated_Source\PSoC4/cyfitter_cfg.c **** * Function Name: ClockSetup
 193:Generated_Source\PSoC4/cyfitter_cfg.c **** ********************************************************************************
 194:Generated_Source\PSoC4/cyfitter_cfg.c **** *
 195:Generated_Source\PSoC4/cyfitter_cfg.c **** * Summary:
 196:Generated_Source\PSoC4/cyfitter_cfg.c **** *   Performs the initialization of all of the clocks in the device based on the
 197:Generated_Source\PSoC4/cyfitter_cfg.c **** *   settings in the Clock tab of the DWR.  This includes enabling the requested
 198:Generated_Source\PSoC4/cyfitter_cfg.c **** *   clocks and setting the necessary dividers to produce the desired frequency. 
 199:Generated_Source\PSoC4/cyfitter_cfg.c **** *
 200:Generated_Source\PSoC4/cyfitter_cfg.c **** * Parameters:
 201:Generated_Source\PSoC4/cyfitter_cfg.c **** *   void
ARM GAS  C:\Users\npat025\AppData\Local\Temp\ccqWBXKo.s 			page 5


 202:Generated_Source\PSoC4/cyfitter_cfg.c **** *
 203:Generated_Source\PSoC4/cyfitter_cfg.c **** * Return:
 204:Generated_Source\PSoC4/cyfitter_cfg.c **** *   void
 205:Generated_Source\PSoC4/cyfitter_cfg.c **** *
 206:Generated_Source\PSoC4/cyfitter_cfg.c **** *******************************************************************************/
 207:Generated_Source\PSoC4/cyfitter_cfg.c **** static void ClockSetup(void);
 208:Generated_Source\PSoC4/cyfitter_cfg.c **** CY_CFG_SECTION
 209:Generated_Source\PSoC4/cyfitter_cfg.c **** static void ClockSetup(void)
 210:Generated_Source\PSoC4/cyfitter_cfg.c **** {
 211:Generated_Source\PSoC4/cyfitter_cfg.c **** 	/* Enable HALF_EN before trimming for the flash accelerator. */
 212:Generated_Source\PSoC4/cyfitter_cfg.c **** 	CY_SET_REG32((void CYXDATA *)(CYREG_CLK_SELECT), (CY_GET_REG32((void *)CYREG_CLK_SELECT) | 0x00040
 213:Generated_Source\PSoC4/cyfitter_cfg.c **** 
 214:Generated_Source\PSoC4/cyfitter_cfg.c **** 	/* Setup and trim IMO based on desired frequency. */
 215:Generated_Source\PSoC4/cyfitter_cfg.c **** 	CySysClkWriteImoFreq(24u);
 216:Generated_Source\PSoC4/cyfitter_cfg.c **** 
 217:Generated_Source\PSoC4/cyfitter_cfg.c **** 	/* Disable HALF_EN since it is not required at this IMO frequency. */
 218:Generated_Source\PSoC4/cyfitter_cfg.c **** 	CY_SET_REG32((void CYXDATA *)(CYREG_CLK_SELECT), (CY_GET_REG32((void *)CYREG_CLK_SELECT) & 0xFFFBF
 219:Generated_Source\PSoC4/cyfitter_cfg.c **** 	/* CYDEV_CLK_ILO_CONFIG Starting address: CYDEV_CLK_ILO_CONFIG */
 220:Generated_Source\PSoC4/cyfitter_cfg.c **** 	CY_SET_REG32((void *)(CYREG_CLK_ILO_CONFIG), 0x80000006u);
 221:Generated_Source\PSoC4/cyfitter_cfg.c **** 
 222:Generated_Source\PSoC4/cyfitter_cfg.c **** 
 223:Generated_Source\PSoC4/cyfitter_cfg.c **** 	/* CYDEV_CLK_SELECT00 Starting address: CYDEV_CLK_SELECT00 */
 224:Generated_Source\PSoC4/cyfitter_cfg.c **** 	CY_SET_REG32((void *)(CYREG_CLK_SELECT02), 0x00000010u);
 225:Generated_Source\PSoC4/cyfitter_cfg.c **** 	CY_SET_REG32((void *)(CYREG_CLK_SELECT08), 0x00000020u);
 226:Generated_Source\PSoC4/cyfitter_cfg.c **** 
 227:Generated_Source\PSoC4/cyfitter_cfg.c **** 	/* CYDEV_CLK_IMO_CONFIG Starting address: CYDEV_CLK_IMO_CONFIG */
 228:Generated_Source\PSoC4/cyfitter_cfg.c **** 	CY_SET_REG32((void *)(CYREG_CLK_IMO_CONFIG), 0x80000000u);
 229:Generated_Source\PSoC4/cyfitter_cfg.c **** 
 230:Generated_Source\PSoC4/cyfitter_cfg.c **** 	/* CYDEV_CLK_SELECT Starting address: CYDEV_CLK_SELECT */
 231:Generated_Source\PSoC4/cyfitter_cfg.c **** 	CY_SET_REG32((void *)(CYREG_CLK_SELECT), 0x00000000u);
 232:Generated_Source\PSoC4/cyfitter_cfg.c **** 
 233:Generated_Source\PSoC4/cyfitter_cfg.c **** 	/* CYDEV_CLK_DIVIDER_A00 Starting address: CYDEV_CLK_DIVIDER_A00 */
 234:Generated_Source\PSoC4/cyfitter_cfg.c **** 	CY_SET_REG32((void *)(CYREG_CLK_DIVIDER_A00), 0x80000010u);
 235:Generated_Source\PSoC4/cyfitter_cfg.c **** 
 236:Generated_Source\PSoC4/cyfitter_cfg.c **** 	/* CYDEV_CLK_DIVIDER_B00 Starting address: CYDEV_CLK_DIVIDER_B00 */
 237:Generated_Source\PSoC4/cyfitter_cfg.c **** 	CY_SET_REG32((void *)(CYREG_CLK_DIVIDER_B00), 0x800004AFu);
 238:Generated_Source\PSoC4/cyfitter_cfg.c **** 
 239:Generated_Source\PSoC4/cyfitter_cfg.c **** 	CY_SET_REG32((void *)(CYREG_WDT_CONFIG), 0x00000000u);
 240:Generated_Source\PSoC4/cyfitter_cfg.c **** }
 241:Generated_Source\PSoC4/cyfitter_cfg.c **** 
 242:Generated_Source\PSoC4/cyfitter_cfg.c **** 
 243:Generated_Source\PSoC4/cyfitter_cfg.c **** /* Analog API Functions */
 244:Generated_Source\PSoC4/cyfitter_cfg.c **** 
 245:Generated_Source\PSoC4/cyfitter_cfg.c **** 
 246:Generated_Source\PSoC4/cyfitter_cfg.c **** /*******************************************************************************
 247:Generated_Source\PSoC4/cyfitter_cfg.c **** * Function Name: AnalogSetDefault
 248:Generated_Source\PSoC4/cyfitter_cfg.c **** ********************************************************************************
 249:Generated_Source\PSoC4/cyfitter_cfg.c **** *
 250:Generated_Source\PSoC4/cyfitter_cfg.c **** * Summary:
 251:Generated_Source\PSoC4/cyfitter_cfg.c **** *  Sets up the analog portions of the chip to default values based on chip
 252:Generated_Source\PSoC4/cyfitter_cfg.c **** *  configuration options from the project.
 253:Generated_Source\PSoC4/cyfitter_cfg.c **** *
 254:Generated_Source\PSoC4/cyfitter_cfg.c **** * Parameters:
 255:Generated_Source\PSoC4/cyfitter_cfg.c **** *  void
 256:Generated_Source\PSoC4/cyfitter_cfg.c **** *
 257:Generated_Source\PSoC4/cyfitter_cfg.c **** * Return:
 258:Generated_Source\PSoC4/cyfitter_cfg.c **** *  void
ARM GAS  C:\Users\npat025\AppData\Local\Temp\ccqWBXKo.s 			page 6


 259:Generated_Source\PSoC4/cyfitter_cfg.c **** *
 260:Generated_Source\PSoC4/cyfitter_cfg.c **** *******************************************************************************/
 261:Generated_Source\PSoC4/cyfitter_cfg.c **** static void AnalogSetDefault(void);
 262:Generated_Source\PSoC4/cyfitter_cfg.c **** static void AnalogSetDefault(void)
 263:Generated_Source\PSoC4/cyfitter_cfg.c **** {
 264:Generated_Source\PSoC4/cyfitter_cfg.c **** }
 265:Generated_Source\PSoC4/cyfitter_cfg.c **** 
 266:Generated_Source\PSoC4/cyfitter_cfg.c **** 
 267:Generated_Source\PSoC4/cyfitter_cfg.c **** 
 268:Generated_Source\PSoC4/cyfitter_cfg.c **** 
 269:Generated_Source\PSoC4/cyfitter_cfg.c **** /*******************************************************************************
 270:Generated_Source\PSoC4/cyfitter_cfg.c **** * Function Name: cyfitter_cfg
 271:Generated_Source\PSoC4/cyfitter_cfg.c **** ********************************************************************************
 272:Generated_Source\PSoC4/cyfitter_cfg.c **** * Summary:
 273:Generated_Source\PSoC4/cyfitter_cfg.c **** *  This function is called by the start-up code for the selected device. It
 274:Generated_Source\PSoC4/cyfitter_cfg.c **** *  performs all of the necessary device configuration based on the design
 275:Generated_Source\PSoC4/cyfitter_cfg.c **** *  settings.  This includes settings from the Design Wide Resources (DWR) such
 276:Generated_Source\PSoC4/cyfitter_cfg.c **** *  as Clocks and Pins as well as any component configuration that is necessary.
 277:Generated_Source\PSoC4/cyfitter_cfg.c **** *
 278:Generated_Source\PSoC4/cyfitter_cfg.c **** * Parameters:
 279:Generated_Source\PSoC4/cyfitter_cfg.c **** *   void
 280:Generated_Source\PSoC4/cyfitter_cfg.c **** *
 281:Generated_Source\PSoC4/cyfitter_cfg.c **** * Return:
 282:Generated_Source\PSoC4/cyfitter_cfg.c **** *   void
 283:Generated_Source\PSoC4/cyfitter_cfg.c **** *
 284:Generated_Source\PSoC4/cyfitter_cfg.c **** *******************************************************************************/
 285:Generated_Source\PSoC4/cyfitter_cfg.c **** CY_CFG_SECTION
 286:Generated_Source\PSoC4/cyfitter_cfg.c **** void cyfitter_cfg(void)
 287:Generated_Source\PSoC4/cyfitter_cfg.c **** {
  28              		.loc 1 287 0
  29              		.cfi_startproc
  30              		@ args = 0, pretend = 0, frame = 8
  31              		@ frame_needed = 0, uses_anonymous_args = 0
  32 0000 F7B5     		push	{r0, r1, r2, r4, r5, r6, r7, lr}
  33              		.cfi_def_cfa_offset 32
  34              		.cfi_offset 0, -32
  35              		.cfi_offset 1, -28
  36              		.cfi_offset 2, -24
  37              		.cfi_offset 4, -20
  38              		.cfi_offset 5, -16
  39              		.cfi_offset 6, -12
  40              		.cfi_offset 7, -8
  41              		.cfi_offset 14, -4
 288:Generated_Source\PSoC4/cyfitter_cfg.c **** 	/* Disable interrupts by default. Let user enable if/when they want. */
 289:Generated_Source\PSoC4/cyfitter_cfg.c **** 	CyGlobalIntDisable;
  42              		.loc 1 289 0
  43              		.syntax divided
  44              	@ 289 "Generated_Source\PSoC4\cyfitter_cfg.c" 1
  45 0002 72B6     		CPSID   i
  46              	@ 0 "" 2
  47              	.LVL0:
  48              		.thumb
  49              		.syntax unified
  50              	.LBB16:
  51              	.LBB17:
  52              	.LBB18:
  53              	.LBB19:
ARM GAS  C:\Users\npat025\AppData\Local\Temp\ccqWBXKo.s 			page 7


  76:Generated_Source\PSoC4/cyfitter_cfg.c **** }
  54              		.loc 1 76 0
  55 0004 8022     		movs	r2, #128
  56 0006 0021     		movs	r1, #0
  57 0008 D200     		lsls	r2, r2, #3
  58 000a 4048     		ldr	r0, .L8
  59 000c FFF7FEFF 		bl	memset
  60              	.LVL1:
  61 0010 8022     		movs	r2, #128
  62 0012 0021     		movs	r1, #0
  63 0014 D200     		lsls	r2, r2, #3
  64 0016 3E48     		ldr	r0, .L8+4
  65 0018 FFF7FEFF 		bl	memset
  66              	.LVL2:
  67 001c 0022     		movs	r2, #0
  68              	.LBE19:
  69              	.LBE18:
  70              	.LBE17:
  71              	.LBB22:
  72              	.LBB23:
  73              	.LBB24:
 180:Generated_Source\PSoC4/cyfitter_cfg.c **** 		while (count != 0u)
  74              		.loc 1 180 0
  75 001e FF25     		movs	r5, #255
  76              	.LBE24:
  77              	.LBE23:
  78              	.LBE22:
  79              	.LBB27:
  80              	.LBB21:
  81              	.LBB20:
  76:Generated_Source\PSoC4/cyfitter_cfg.c **** }
  82              		.loc 1 76 0
  83 0020 1100     		movs	r1, r2
  84 0022 3C4E     		ldr	r6, .L8+8
  85 0024 0C36     		adds	r6, r6, #12
  86              	.LVL3:
  87              	.L4:
  88              	.LBE20:
  89              	.LBE21:
  90              	.LBE27:
  91              	.LBB28:
  92              	.LBB26:
  93              	.LBB25:
 178:Generated_Source\PSoC4/cyfitter_cfg.c **** 		uint8 count = (uint8)baseAddr;
  94              		.loc 1 178 0
  95 0026 3B4B     		ldr	r3, .L8+8
  96 0028 D058     		ldr	r0, [r2, r3]
  97              	.LVL4:
  98 002a 4B00     		lsls	r3, r1, #1
 180:Generated_Source\PSoC4/cyfitter_cfg.c **** 		while (count != 0u)
  99              		.loc 1 180 0
 100 002c 0700     		movs	r7, r0
 101 002e 2840     		ands	r0, r5
 102              	.LVL5:
 103 0030 0918     		adds	r1, r1, r0
 104              	.LVL6:
 105 0032 4800     		lsls	r0, r1, #1
ARM GAS  C:\Users\npat025\AppData\Local\Temp\ccqWBXKo.s 			page 8


 106 0034 0130     		adds	r0, r0, #1
 107 0036 0133     		adds	r3, r3, #1
 108 0038 3018     		adds	r0, r6, r0
 109 003a AF43     		bics	r7, r5
 110              	.LVL7:
 111 003c F318     		adds	r3, r6, r3
 112 003e 0190     		str	r0, [sp, #4]
 113              	.LVL8:
 114              	.L2:
 181:Generated_Source\PSoC4/cyfitter_cfg.c **** 		{
 115              		.loc 1 181 0
 116 0040 0198     		ldr	r0, [sp, #4]
 117 0042 8342     		cmp	r3, r0
 118 0044 07D0     		beq	.L7
 183:Generated_Source\PSoC4/cyfitter_cfg.c **** 			j++;
 119              		.loc 1 183 0
 120 0046 581E     		subs	r0, r3, #1
 121 0048 0078     		ldrb	r0, [r0]
 122 004a C019     		adds	r0, r0, r7
 123 004c 0400     		movs	r4, r0
 124 004e 1878     		ldrb	r0, [r3]
 125 0050 0233     		adds	r3, r3, #2
 126 0052 2070     		strb	r0, [r4]
 127 0054 F4E7     		b	.L2
 128              	.L7:
 129              	.LVL9:
 130 0056 0432     		adds	r2, r2, #4
 131              	.LBE25:
 176:Generated_Source\PSoC4/cyfitter_cfg.c **** 	{
 132              		.loc 1 176 0
 133 0058 0C2A     		cmp	r2, #12
 134 005a E4D1     		bne	.L4
 135              	.LVL10:
 136              	.LBE26:
 137              	.LBE28:
 290:Generated_Source\PSoC4/cyfitter_cfg.c **** 
 291:Generated_Source\PSoC4/cyfitter_cfg.c **** 	{
 292:Generated_Source\PSoC4/cyfitter_cfg.c **** 		static const uint32 CYCODE cy_cfg_addr_table[] = {
 293:Generated_Source\PSoC4/cyfitter_cfg.c **** 			0x400F3301u, /* Base address: 0x400F3300 Count: 1 */
 294:Generated_Source\PSoC4/cyfitter_cfg.c **** 			0x400F4103u, /* Base address: 0x400F4100 Count: 3 */
 295:Generated_Source\PSoC4/cyfitter_cfg.c **** 			0x400F4304u, /* Base address: 0x400F4300 Count: 4 */
 296:Generated_Source\PSoC4/cyfitter_cfg.c **** 		};
 297:Generated_Source\PSoC4/cyfitter_cfg.c **** 
 298:Generated_Source\PSoC4/cyfitter_cfg.c **** 		static const cy_cfg_addrvalue_t CYCODE cy_cfg_data_table[] = {
 299:Generated_Source\PSoC4/cyfitter_cfg.c **** 			{0xE6u, 0x10u},
 300:Generated_Source\PSoC4/cyfitter_cfg.c **** 			{0x62u, 0x04u},
 301:Generated_Source\PSoC4/cyfitter_cfg.c **** 			{0x8Eu, 0x04u},
 302:Generated_Source\PSoC4/cyfitter_cfg.c **** 			{0xD8u, 0x40u},
 303:Generated_Source\PSoC4/cyfitter_cfg.c **** 			{0x18u, 0x80u},
 304:Generated_Source\PSoC4/cyfitter_cfg.c **** 			{0x8Cu, 0x40u},
 305:Generated_Source\PSoC4/cyfitter_cfg.c **** 			{0xC6u, 0x08u},
 306:Generated_Source\PSoC4/cyfitter_cfg.c **** 			{0xE6u, 0x08u},
 307:Generated_Source\PSoC4/cyfitter_cfg.c **** 		};
 308:Generated_Source\PSoC4/cyfitter_cfg.c **** 
 309:Generated_Source\PSoC4/cyfitter_cfg.c **** 
 310:Generated_Source\PSoC4/cyfitter_cfg.c **** 
 311:Generated_Source\PSoC4/cyfitter_cfg.c **** 		CYPACKED typedef struct {
ARM GAS  C:\Users\npat025\AppData\Local\Temp\ccqWBXKo.s 			page 9


 312:Generated_Source\PSoC4/cyfitter_cfg.c **** 			void CYFAR *address;
 313:Generated_Source\PSoC4/cyfitter_cfg.c **** 			uint16 size;
 314:Generated_Source\PSoC4/cyfitter_cfg.c **** 		} CYPACKED_ATTR cfg_memset_t;
 315:Generated_Source\PSoC4/cyfitter_cfg.c **** 
 316:Generated_Source\PSoC4/cyfitter_cfg.c **** 		static const cfg_memset_t CYCODE cfg_memset_list[] = {
 317:Generated_Source\PSoC4/cyfitter_cfg.c **** 			/* address, size */
 318:Generated_Source\PSoC4/cyfitter_cfg.c **** 			{(void CYFAR *)(CYDEV_UDB_P0_U0_BASE), 1024u},
 319:Generated_Source\PSoC4/cyfitter_cfg.c **** 			{(void CYFAR *)(CYDEV_UDB_DSI0_BASE), 1024u},
 320:Generated_Source\PSoC4/cyfitter_cfg.c **** 		};
 321:Generated_Source\PSoC4/cyfitter_cfg.c **** 
 322:Generated_Source\PSoC4/cyfitter_cfg.c **** 		uint8 CYDATA i;
 323:Generated_Source\PSoC4/cyfitter_cfg.c **** 
 324:Generated_Source\PSoC4/cyfitter_cfg.c **** 		/* Zero out critical memory blocks before beginning configuration */
 325:Generated_Source\PSoC4/cyfitter_cfg.c **** 		for (i = 0u; i < (sizeof(cfg_memset_list)/sizeof(cfg_memset_list[0])); i++)
 326:Generated_Source\PSoC4/cyfitter_cfg.c **** 		{
 327:Generated_Source\PSoC4/cyfitter_cfg.c **** 			const cfg_memset_t CYCODE * CYDATA ms = &cfg_memset_list[i];
 328:Generated_Source\PSoC4/cyfitter_cfg.c **** 			CYMEMZERO(ms->address, (size_t)(uint32)(ms->size));
 329:Generated_Source\PSoC4/cyfitter_cfg.c **** 		}
 330:Generated_Source\PSoC4/cyfitter_cfg.c **** 
 331:Generated_Source\PSoC4/cyfitter_cfg.c **** 		cfg_write_bytes32(cy_cfg_addr_table, cy_cfg_data_table);
 332:Generated_Source\PSoC4/cyfitter_cfg.c **** 
 333:Generated_Source\PSoC4/cyfitter_cfg.c **** 		/* HSIOM Starting address: CYDEV_HSIOM_BASE */
 334:Generated_Source\PSoC4/cyfitter_cfg.c **** 		CY_SET_REG32((void *)(CYREG_HSIOM_PORT_SEL1), 0x03000000u);
 138              		.loc 1 334 0
 139 005c C022     		movs	r2, #192
 140 005e 2E4B     		ldr	r3, .L8+12
 141 0060 9204     		lsls	r2, r2, #18
 142 0062 1A60     		str	r2, [r3]
 335:Generated_Source\PSoC4/cyfitter_cfg.c **** 		CY_SET_REG32((void *)(CYREG_HSIOM_PORT_SEL4), 0x00000099u);
 143              		.loc 1 335 0
 144 0064 9922     		movs	r2, #153
 336:Generated_Source\PSoC4/cyfitter_cfg.c **** 
 337:Generated_Source\PSoC4/cyfitter_cfg.c **** 		/* FORCED_HSIOM Starting address: CYDEV_HSIOM_PORT_SEL3 */
 338:Generated_Source\PSoC4/cyfitter_cfg.c **** 		CY_SET_REG32((void *)(CYREG_HSIOM_PORT_SEL3), 0x00000000u);
 145              		.loc 1 338 0
 146 0066 0025     		movs	r5, #0
 335:Generated_Source\PSoC4/cyfitter_cfg.c **** 		CY_SET_REG32((void *)(CYREG_HSIOM_PORT_SEL4), 0x00000099u);
 147              		.loc 1 335 0
 148 0068 2C4B     		ldr	r3, .L8+16
 339:Generated_Source\PSoC4/cyfitter_cfg.c **** 
 340:Generated_Source\PSoC4/cyfitter_cfg.c **** 		/* IOPINS0_3 Starting address: CYDEV_PRT3_PC */
 341:Generated_Source\PSoC4/cyfitter_cfg.c **** 		CY_SET_REG32((void *)(CYREG_PRT3_PC), 0x00000000u);
 342:Generated_Source\PSoC4/cyfitter_cfg.c **** 
 343:Generated_Source\PSoC4/cyfitter_cfg.c **** 		/* UDB_PA_0 Starting address: CYDEV_UDB_PA0_BASE */
 344:Generated_Source\PSoC4/cyfitter_cfg.c **** 		CY_SET_REG32((void *)(CYDEV_UDB_PA0_BASE), 0x00990000u);
 345:Generated_Source\PSoC4/cyfitter_cfg.c **** 
 346:Generated_Source\PSoC4/cyfitter_cfg.c **** 		/* UDB_PA_1 Starting address: CYDEV_UDB_PA1_BASE */
 347:Generated_Source\PSoC4/cyfitter_cfg.c **** 		CY_SET_REG32((void *)(CYDEV_UDB_PA1_BASE), 0x00990000u);
 348:Generated_Source\PSoC4/cyfitter_cfg.c **** 		CY_SET_REG32((void *)(CYREG_UDB_PA1_CFG8), 0x20000000u);
 349:Generated_Source\PSoC4/cyfitter_cfg.c **** 
 350:Generated_Source\PSoC4/cyfitter_cfg.c **** 		/* TCPWM_CNT0 Starting address: CYDEV_TCPWM_CNT0_TR_CTRL0 */
 351:Generated_Source\PSoC4/cyfitter_cfg.c **** 		CY_SET_REG32((void *)(CYREG_TCPWM_CNT0_TR_CTRL0), 0x00010010u);
 352:Generated_Source\PSoC4/cyfitter_cfg.c **** 
 353:Generated_Source\PSoC4/cyfitter_cfg.c **** 		/* Enable digital routing */
 354:Generated_Source\PSoC4/cyfitter_cfg.c **** 		CY_SET_XTND_REG8((void *)CYREG_UDB_UDBIF_BANK_CTL, (uint8)(CY_GET_XTND_REG8((void *)CYREG_UDB_UDB
 149              		.loc 1 354 0
 150 006a 0621     		movs	r1, #6
ARM GAS  C:\Users\npat025\AppData\Local\Temp\ccqWBXKo.s 			page 10


 335:Generated_Source\PSoC4/cyfitter_cfg.c **** 
 151              		.loc 1 335 0
 152 006c 1A60     		str	r2, [r3]
 338:Generated_Source\PSoC4/cyfitter_cfg.c **** 
 153              		.loc 1 338 0
 154 006e 2C4B     		ldr	r3, .L8+20
 344:Generated_Source\PSoC4/cyfitter_cfg.c **** 
 155              		.loc 1 344 0
 156 0070 2C4A     		ldr	r2, .L8+24
 338:Generated_Source\PSoC4/cyfitter_cfg.c **** 
 157              		.loc 1 338 0
 158 0072 1D60     		str	r5, [r3]
 341:Generated_Source\PSoC4/cyfitter_cfg.c **** 
 159              		.loc 1 341 0
 160 0074 2C4B     		ldr	r3, .L8+28
 161              	.LBE16:
 162              	.LBB29:
 163              	.LBB30:
 212:Generated_Source\PSoC4/cyfitter_cfg.c **** 
 164              		.loc 1 212 0
 165 0076 2D4C     		ldr	r4, .L8+32
 166              	.LBE30:
 167              	.LBE29:
 168              	.LBB33:
 341:Generated_Source\PSoC4/cyfitter_cfg.c **** 
 169              		.loc 1 341 0
 170 0078 1D60     		str	r5, [r3]
 344:Generated_Source\PSoC4/cyfitter_cfg.c **** 
 171              		.loc 1 344 0
 172 007a 9923     		movs	r3, #153
 173 007c 1B04     		lsls	r3, r3, #16
 174 007e 1360     		str	r3, [r2]
 347:Generated_Source\PSoC4/cyfitter_cfg.c **** 		CY_SET_REG32((void *)(CYREG_UDB_PA1_CFG8), 0x20000000u);
 175              		.loc 1 347 0
 176 0080 2B4A     		ldr	r2, .L8+36
 177              	.LBE33:
 178              	.LBB34:
 179              	.LBB31:
 215:Generated_Source\PSoC4/cyfitter_cfg.c **** 
 180              		.loc 1 215 0
 181 0082 1820     		movs	r0, #24
 182              	.LBE31:
 183              	.LBE34:
 184              	.LBB35:
 347:Generated_Source\PSoC4/cyfitter_cfg.c **** 		CY_SET_REG32((void *)(CYREG_UDB_PA1_CFG8), 0x20000000u);
 185              		.loc 1 347 0
 186 0084 1360     		str	r3, [r2]
 348:Generated_Source\PSoC4/cyfitter_cfg.c **** 
 187              		.loc 1 348 0
 188 0086 8022     		movs	r2, #128
 189 0088 2A4B     		ldr	r3, .L8+40
 190 008a 9205     		lsls	r2, r2, #22
 191 008c 1A60     		str	r2, [r3]
 351:Generated_Source\PSoC4/cyfitter_cfg.c **** 
 192              		.loc 1 351 0
 193 008e 2A4A     		ldr	r2, .L8+44
 194 0090 2A4B     		ldr	r3, .L8+48
ARM GAS  C:\Users\npat025\AppData\Local\Temp\ccqWBXKo.s 			page 11


 195              	.LBE35:
 355:Generated_Source\PSoC4/cyfitter_cfg.c **** 	}
 356:Generated_Source\PSoC4/cyfitter_cfg.c **** 
 357:Generated_Source\PSoC4/cyfitter_cfg.c **** 	/* Perform second pass device configuration. These items must be configured in specific order afte
 358:Generated_Source\PSoC4/cyfitter_cfg.c **** 	/* IOPINS0_0 Starting address: CYDEV_PRT0_BASE */
 359:Generated_Source\PSoC4/cyfitter_cfg.c **** 	CY_SET_REG32((void *)(CYDEV_PRT0_BASE), 0x00000080u);
 360:Generated_Source\PSoC4/cyfitter_cfg.c **** 	CY_SET_REG32((void *)(CYREG_PRT0_PC), 0x00400000u);
 361:Generated_Source\PSoC4/cyfitter_cfg.c **** 
 362:Generated_Source\PSoC4/cyfitter_cfg.c **** 	/* IOPINS0_1 Starting address: CYDEV_PRT1_BASE */
 363:Generated_Source\PSoC4/cyfitter_cfg.c **** 	CY_SET_REG32((void *)(CYDEV_PRT1_BASE), 0x00000040u);
 364:Generated_Source\PSoC4/cyfitter_cfg.c **** 	CY_SET_REG32((void *)(CYREG_PRT1_PC), 0x00180000u);
 365:Generated_Source\PSoC4/cyfitter_cfg.c **** 
 366:Generated_Source\PSoC4/cyfitter_cfg.c **** 	/* IOPINS0_4 Starting address: CYDEV_PRT4_BASE */
 367:Generated_Source\PSoC4/cyfitter_cfg.c **** 	CY_SET_REG32((void *)(CYDEV_PRT4_BASE), 0x00000002u);
 368:Generated_Source\PSoC4/cyfitter_cfg.c **** 	CY_SET_REG32((void *)(CYREG_PRT4_PC), 0x00000031u);
 369:Generated_Source\PSoC4/cyfitter_cfg.c **** 	CY_SET_REG32((void *)(CYREG_PRT4_PC2), 0x00000002u);
 370:Generated_Source\PSoC4/cyfitter_cfg.c **** 
 371:Generated_Source\PSoC4/cyfitter_cfg.c **** 
 372:Generated_Source\PSoC4/cyfitter_cfg.c **** 	/* Setup clocks based on selections from Clock DWR */
 373:Generated_Source\PSoC4/cyfitter_cfg.c **** 	ClockSetup();
 374:Generated_Source\PSoC4/cyfitter_cfg.c **** 
 375:Generated_Source\PSoC4/cyfitter_cfg.c **** 	/* Perform basic analog initialization to defaults */
 376:Generated_Source\PSoC4/cyfitter_cfg.c **** 	AnalogSetDefault();
 377:Generated_Source\PSoC4/cyfitter_cfg.c **** 
 378:Generated_Source\PSoC4/cyfitter_cfg.c **** }
 196              		.loc 1 378 0
 197              		@ sp needed
 198              	.LBB36:
 351:Generated_Source\PSoC4/cyfitter_cfg.c **** 
 199              		.loc 1 351 0
 200 0092 1A60     		str	r2, [r3]
 354:Generated_Source\PSoC4/cyfitter_cfg.c **** 	}
 201              		.loc 1 354 0
 202 0094 2A4A     		ldr	r2, .L8+52
 203 0096 1378     		ldrb	r3, [r2]
 204 0098 0B43     		orrs	r3, r1
 205 009a 1370     		strb	r3, [r2]
 206              	.LBE36:
 359:Generated_Source\PSoC4/cyfitter_cfg.c **** 	CY_SET_REG32((void *)(CYREG_PRT0_PC), 0x00400000u);
 207              		.loc 1 359 0
 208 009c 8022     		movs	r2, #128
 209 009e 294B     		ldr	r3, .L8+56
 368:Generated_Source\PSoC4/cyfitter_cfg.c **** 	CY_SET_REG32((void *)(CYREG_PRT4_PC2), 0x00000002u);
 210              		.loc 1 368 0
 211 00a0 2B31     		adds	r1, r1, #43
 359:Generated_Source\PSoC4/cyfitter_cfg.c **** 	CY_SET_REG32((void *)(CYREG_PRT0_PC), 0x00400000u);
 212              		.loc 1 359 0
 213 00a2 1A60     		str	r2, [r3]
 360:Generated_Source\PSoC4/cyfitter_cfg.c **** 
 214              		.loc 1 360 0
 215 00a4 8022     		movs	r2, #128
 216 00a6 284B     		ldr	r3, .L8+60
 217 00a8 D203     		lsls	r2, r2, #15
 218 00aa 1A60     		str	r2, [r3]
 363:Generated_Source\PSoC4/cyfitter_cfg.c **** 	CY_SET_REG32((void *)(CYREG_PRT1_PC), 0x00180000u);
 219              		.loc 1 363 0
 220 00ac 4022     		movs	r2, #64
ARM GAS  C:\Users\npat025\AppData\Local\Temp\ccqWBXKo.s 			page 12


 221 00ae 274B     		ldr	r3, .L8+64
 222 00b0 1A60     		str	r2, [r3]
 364:Generated_Source\PSoC4/cyfitter_cfg.c **** 
 223              		.loc 1 364 0
 224 00b2 C022     		movs	r2, #192
 225 00b4 264B     		ldr	r3, .L8+68
 226 00b6 5203     		lsls	r2, r2, #13
 227 00b8 1A60     		str	r2, [r3]
 367:Generated_Source\PSoC4/cyfitter_cfg.c **** 	CY_SET_REG32((void *)(CYREG_PRT4_PC), 0x00000031u);
 228              		.loc 1 367 0
 229 00ba 0223     		movs	r3, #2
 230 00bc 254A     		ldr	r2, .L8+72
 231 00be 1360     		str	r3, [r2]
 368:Generated_Source\PSoC4/cyfitter_cfg.c **** 	CY_SET_REG32((void *)(CYREG_PRT4_PC2), 0x00000002u);
 232              		.loc 1 368 0
 233 00c0 254A     		ldr	r2, .L8+76
 234 00c2 1160     		str	r1, [r2]
 369:Generated_Source\PSoC4/cyfitter_cfg.c **** 
 235              		.loc 1 369 0
 236 00c4 254A     		ldr	r2, .L8+80
 237 00c6 1360     		str	r3, [r2]
 238              	.LBB37:
 239              	.LBB32:
 212:Generated_Source\PSoC4/cyfitter_cfg.c **** 
 240              		.loc 1 212 0
 241 00c8 8022     		movs	r2, #128
 242 00ca 2368     		ldr	r3, [r4]
 243 00cc D202     		lsls	r2, r2, #11
 244 00ce 1343     		orrs	r3, r2
 245 00d0 2360     		str	r3, [r4]
 215:Generated_Source\PSoC4/cyfitter_cfg.c **** 
 246              		.loc 1 215 0
 247 00d2 FFF7FEFF 		bl	CySysClkWriteImoFreq
 248              	.LVL11:
 218:Generated_Source\PSoC4/cyfitter_cfg.c **** 	/* CYDEV_CLK_ILO_CONFIG Starting address: CYDEV_CLK_ILO_CONFIG */
 249              		.loc 1 218 0
 250 00d6 2268     		ldr	r2, [r4]
 251 00d8 214B     		ldr	r3, .L8+84
 252 00da 1340     		ands	r3, r2
 253 00dc 2360     		str	r3, [r4]
 220:Generated_Source\PSoC4/cyfitter_cfg.c **** 
 254              		.loc 1 220 0
 255 00de 214A     		ldr	r2, .L8+88
 256 00e0 214B     		ldr	r3, .L8+92
 257 00e2 1A60     		str	r2, [r3]
 224:Generated_Source\PSoC4/cyfitter_cfg.c **** 	CY_SET_REG32((void *)(CYREG_CLK_SELECT08), 0x00000020u);
 258              		.loc 1 224 0
 259 00e4 1022     		movs	r2, #16
 260 00e6 214B     		ldr	r3, .L8+96
 261 00e8 1A60     		str	r2, [r3]
 225:Generated_Source\PSoC4/cyfitter_cfg.c **** 
 262              		.loc 1 225 0
 263 00ea 214B     		ldr	r3, .L8+100
 264 00ec 9218     		adds	r2, r2, r2
 265 00ee 1A60     		str	r2, [r3]
 228:Generated_Source\PSoC4/cyfitter_cfg.c **** 
 266              		.loc 1 228 0
ARM GAS  C:\Users\npat025\AppData\Local\Temp\ccqWBXKo.s 			page 13


 267 00f0 8022     		movs	r2, #128
 268 00f2 204B     		ldr	r3, .L8+104
 269 00f4 1206     		lsls	r2, r2, #24
 270 00f6 1A60     		str	r2, [r3]
 234:Generated_Source\PSoC4/cyfitter_cfg.c **** 
 271              		.loc 1 234 0
 272 00f8 1F4A     		ldr	r2, .L8+108
 273 00fa 204B     		ldr	r3, .L8+112
 231:Generated_Source\PSoC4/cyfitter_cfg.c **** 
 274              		.loc 1 231 0
 275 00fc 2560     		str	r5, [r4]
 234:Generated_Source\PSoC4/cyfitter_cfg.c **** 
 276              		.loc 1 234 0
 277 00fe 1A60     		str	r2, [r3]
 237:Generated_Source\PSoC4/cyfitter_cfg.c **** 
 278              		.loc 1 237 0
 279 0100 1F4A     		ldr	r2, .L8+116
 280 0102 204B     		ldr	r3, .L8+120
 281 0104 1A60     		str	r2, [r3]
 239:Generated_Source\PSoC4/cyfitter_cfg.c **** }
 282              		.loc 1 239 0
 283 0106 204B     		ldr	r3, .L8+124
 284 0108 1D60     		str	r5, [r3]
 285              	.LBE32:
 286              	.LBE37:
 287              		.loc 1 378 0
 288 010a F7BD     		pop	{r0, r1, r2, r4, r5, r6, r7, pc}
 289              	.L9:
 290              		.align	2
 291              	.L8:
 292 010c 00300F40 		.word	1074737152
 293 0110 00400F40 		.word	1074741248
 294 0114 00000000 		.word	.LANCHOR0
 295 0118 04000140 		.word	1073807364
 296 011c 10000140 		.word	1073807376
 297 0120 0C000140 		.word	1073807372
 298 0124 00500F40 		.word	1074745344
 299 0128 08030440 		.word	1074004744
 300 012c 00010B40 		.word	1074462976
 301 0130 10500F40 		.word	1074745360
 302 0134 18500F40 		.word	1074745368
 303 0138 10000100 		.word	65552
 304 013c 20010540 		.word	1074069792
 305 0140 00700F40 		.word	1074753536
 306 0144 00000440 		.word	1074003968
 307 0148 08000440 		.word	1074003976
 308 014c 00010440 		.word	1074004224
 309 0150 08010440 		.word	1074004232
 310 0154 00040440 		.word	1074004992
 311 0158 08040440 		.word	1074005000
 312 015c 18040440 		.word	1074005016
 313 0160 FFFFFBFF 		.word	-262145
 314 0164 06000080 		.word	-2147483642
 315 0168 04010B40 		.word	1074462980
 316 016c 08020240 		.word	1073873416
 317 0170 20020240 		.word	1073873440
 318 0174 08010B40 		.word	1074462984
ARM GAS  C:\Users\npat025\AppData\Local\Temp\ccqWBXKo.s 			page 14


 319 0178 10000080 		.word	-2147483632
 320 017c 00000240 		.word	1073872896
 321 0180 AF040080 		.word	-2147482449
 322 0184 40000240 		.word	1073872960
 323 0188 0C020B40 		.word	1074463244
 324              		.cfi_endproc
 325              	.LFE6:
 326              		.size	cyfitter_cfg, .-cyfitter_cfg
 327              		.section	.rodata
 328              		.align	2
 329              		.set	.LANCHOR0,. + 0
 330              		.type	cy_cfg_addr_table.4864, %object
 331              		.size	cy_cfg_addr_table.4864, 12
 332              	cy_cfg_addr_table.4864:
 333 0000 01330F40 		.word	1074737921
 334 0004 03410F40 		.word	1074741507
 335 0008 04430F40 		.word	1074742020
 336              		.type	cy_cfg_data_table.4865, %object
 337              		.size	cy_cfg_data_table.4865, 16
 338              	cy_cfg_data_table.4865:
 339 000c E6       		.byte	-26
 340 000d 10       		.byte	16
 341 000e 62       		.byte	98
 342 000f 04       		.byte	4
 343 0010 8E       		.byte	-114
 344 0011 04       		.byte	4
 345 0012 D8       		.byte	-40
 346 0013 40       		.byte	64
 347 0014 18       		.byte	24
 348 0015 80       		.byte	-128
 349 0016 8C       		.byte	-116
 350 0017 40       		.byte	64
 351 0018 C6       		.byte	-58
 352 0019 08       		.byte	8
 353 001a E6       		.byte	-26
 354 001b 08       		.byte	8
 355              		.text
 356              	.Letext0:
 357              		.file 2 "c:\\program files (x86)\\cypress\\psoc creator\\4.4\\psoc creator\\import\\gnu\\arm\\5.4.
 358              		.file 3 "Generated_Source\\PSoC4\\cytypes.h"
 359              		.file 4 "Generated_Source\\PSoC4\\CyLib.h"
 360              		.section	.debug_info,"",%progbits
 361              	.Ldebug_info0:
 362 0000 80030000 		.4byte	0x380
 363 0004 0400     		.2byte	0x4
 364 0006 00000000 		.4byte	.Ldebug_abbrev0
 365 000a 04       		.byte	0x4
 366 000b 01       		.uleb128 0x1
 367 000c 6A020000 		.4byte	.LASF37
 368 0010 0C       		.byte	0xc
 369 0011 44020000 		.4byte	.LASF38
 370 0015 8F010000 		.4byte	.LASF39
 371 0019 90000000 		.4byte	.Ldebug_ranges0+0x90
 372 001d 00000000 		.4byte	0
 373 0021 00000000 		.4byte	.Ldebug_line0
 374 0025 02       		.uleb128 0x2
 375 0026 04       		.byte	0x4
ARM GAS  C:\Users\npat025\AppData\Local\Temp\ccqWBXKo.s 			page 15


 376 0027 05       		.byte	0x5
 377 0028 696E7400 		.ascii	"int\000"
 378 002c 03       		.uleb128 0x3
 379 002d 06000000 		.4byte	.LASF12
 380 0031 02       		.byte	0x2
 381 0032 D8       		.byte	0xd8
 382 0033 37000000 		.4byte	0x37
 383 0037 04       		.uleb128 0x4
 384 0038 04       		.byte	0x4
 385 0039 07       		.byte	0x7
 386 003a F7000000 		.4byte	.LASF0
 387 003e 04       		.uleb128 0x4
 388 003f 08       		.byte	0x8
 389 0040 05       		.byte	0x5
 390 0041 62010000 		.4byte	.LASF1
 391 0045 04       		.uleb128 0x4
 392 0046 08       		.byte	0x8
 393 0047 04       		.byte	0x4
 394 0048 2C020000 		.4byte	.LASF2
 395 004c 04       		.uleb128 0x4
 396 004d 01       		.byte	0x1
 397 004e 06       		.byte	0x6
 398 004f 38020000 		.4byte	.LASF3
 399 0053 04       		.uleb128 0x4
 400 0054 01       		.byte	0x1
 401 0055 08       		.byte	0x8
 402 0056 9B000000 		.4byte	.LASF4
 403 005a 04       		.uleb128 0x4
 404 005b 02       		.byte	0x2
 405 005c 05       		.byte	0x5
 406 005d C9000000 		.4byte	.LASF5
 407 0061 04       		.uleb128 0x4
 408 0062 02       		.byte	0x2
 409 0063 07       		.byte	0x7
 410 0064 4F010000 		.4byte	.LASF6
 411 0068 04       		.uleb128 0x4
 412 0069 04       		.byte	0x4
 413 006a 05       		.byte	0x5
 414 006b 23020000 		.4byte	.LASF7
 415 006f 04       		.uleb128 0x4
 416 0070 04       		.byte	0x4
 417 0071 07       		.byte	0x7
 418 0072 79000000 		.4byte	.LASF8
 419 0076 04       		.uleb128 0x4
 420 0077 08       		.byte	0x8
 421 0078 07       		.byte	0x7
 422 0079 19010000 		.4byte	.LASF9
 423 007d 04       		.uleb128 0x4
 424 007e 04       		.byte	0x4
 425 007f 07       		.byte	0x7
 426 0080 46010000 		.4byte	.LASF10
 427 0084 05       		.uleb128 0x5
 428 0085 04       		.byte	0x4
 429 0086 04       		.uleb128 0x4
 430 0087 01       		.byte	0x1
 431 0088 08       		.byte	0x8
 432 0089 70010000 		.4byte	.LASF11
ARM GAS  C:\Users\npat025\AppData\Local\Temp\ccqWBXKo.s 			page 16


 433 008d 06       		.uleb128 0x6
 434 008e 8B000000 		.4byte	.LASF13
 435 0092 03       		.byte	0x3
 436 0093 FC01     		.2byte	0x1fc
 437 0095 53000000 		.4byte	0x53
 438 0099 06       		.uleb128 0x6
 439 009a DE000000 		.4byte	.LASF14
 440 009e 03       		.byte	0x3
 441 009f FD01     		.2byte	0x1fd
 442 00a1 61000000 		.4byte	0x61
 443 00a5 06       		.uleb128 0x6
 444 00a6 F0000000 		.4byte	.LASF15
 445 00aa 03       		.byte	0x3
 446 00ab FE01     		.2byte	0x1fe
 447 00ad 6F000000 		.4byte	0x6f
 448 00b1 04       		.uleb128 0x4
 449 00b2 04       		.byte	0x4
 450 00b3 04       		.byte	0x4
 451 00b4 59000000 		.4byte	.LASF16
 452 00b8 04       		.uleb128 0x4
 453 00b9 08       		.byte	0x8
 454 00ba 04       		.byte	0x4
 455 00bb B0000000 		.4byte	.LASF17
 456 00bf 06       		.uleb128 0x6
 457 00c0 74000000 		.4byte	.LASF18
 458 00c4 03       		.byte	0x3
 459 00c5 A602     		.2byte	0x2a6
 460 00c7 CB000000 		.4byte	0xcb
 461 00cb 07       		.uleb128 0x7
 462 00cc 8D000000 		.4byte	0x8d
 463 00d0 06       		.uleb128 0x6
 464 00d1 00000000 		.4byte	.LASF19
 465 00d5 03       		.byte	0x3
 466 00d6 A802     		.2byte	0x2a8
 467 00d8 DC000000 		.4byte	0xdc
 468 00dc 07       		.uleb128 0x7
 469 00dd A5000000 		.4byte	0xa5
 470 00e1 08       		.uleb128 0x8
 471 00e2 02       		.byte	0x2
 472 00e3 01       		.byte	0x1
 473 00e4 95       		.byte	0x95
 474 00e5 02010000 		.4byte	0x102
 475 00e9 09       		.uleb128 0x9
 476 00ea 88010000 		.4byte	.LASF20
 477 00ee 01       		.byte	0x1
 478 00ef 97       		.byte	0x97
 479 00f0 8D000000 		.4byte	0x8d
 480 00f4 00       		.byte	0
 481 00f5 09       		.uleb128 0x9
 482 00f6 1E000000 		.4byte	.LASF21
 483 00fa 01       		.byte	0x1
 484 00fb 98       		.byte	0x98
 485 00fc 8D000000 		.4byte	0x8d
 486 0100 01       		.byte	0x1
 487 0101 00       		.byte	0
 488 0102 03       		.uleb128 0x3
 489 0103 75010000 		.4byte	.LASF22
ARM GAS  C:\Users\npat025\AppData\Local\Temp\ccqWBXKo.s 			page 17


 490 0107 01       		.byte	0x1
 491 0108 99       		.byte	0x99
 492 0109 E1000000 		.4byte	0xe1
 493 010d 0A       		.uleb128 0xa
 494 010e 0D000000 		.4byte	.LASF29
 495 0112 01       		.byte	0x1
 496 0113 0601     		.2byte	0x106
 497 0115 01       		.byte	0x1
 498 0116 0B       		.uleb128 0xb
 499 0117 B7000000 		.4byte	.LASF27
 500 011b 01       		.byte	0x1
 501 011c AC       		.byte	0xac
 502 011d 01       		.byte	0x1
 503 011e 63010000 		.4byte	0x163
 504 0122 0C       		.uleb128 0xc
 505 0123 D3000000 		.4byte	.LASF23
 506 0127 01       		.byte	0x1
 507 0128 AC       		.byte	0xac
 508 0129 63010000 		.4byte	0x163
 509 012d 0C       		.uleb128 0xc
 510 012e E5000000 		.4byte	.LASF24
 511 0132 01       		.byte	0x1
 512 0133 AC       		.byte	0xac
 513 0134 6E010000 		.4byte	0x16e
 514 0138 0D       		.uleb128 0xd
 515 0139 6900     		.ascii	"i\000"
 516 013b 01       		.byte	0x1
 517 013c AF       		.byte	0xaf
 518 013d A5000000 		.4byte	0xa5
 519 0141 0D       		.uleb128 0xd
 520 0142 6A00     		.ascii	"j\000"
 521 0144 01       		.byte	0x1
 522 0145 AF       		.byte	0xaf
 523 0146 A5000000 		.4byte	0xa5
 524 014a 0E       		.uleb128 0xe
 525 014b 0F       		.uleb128 0xf
 526 014c 3D010000 		.4byte	.LASF25
 527 0150 01       		.byte	0x1
 528 0151 B2       		.byte	0xb2
 529 0152 A5000000 		.4byte	0xa5
 530 0156 0F       		.uleb128 0xf
 531 0157 24000000 		.4byte	.LASF26
 532 015b 01       		.byte	0x1
 533 015c B3       		.byte	0xb3
 534 015d 8D000000 		.4byte	0x8d
 535 0161 00       		.byte	0
 536 0162 00       		.byte	0
 537 0163 10       		.uleb128 0x10
 538 0164 04       		.byte	0x4
 539 0165 69010000 		.4byte	0x169
 540 0169 11       		.uleb128 0x11
 541 016a A5000000 		.4byte	0xa5
 542 016e 10       		.uleb128 0x10
 543 016f 04       		.byte	0x4
 544 0170 74010000 		.4byte	0x174
 545 0174 11       		.uleb128 0x11
 546 0175 02010000 		.4byte	0x102
ARM GAS  C:\Users\npat025\AppData\Local\Temp\ccqWBXKo.s 			page 18


 547 0179 0B       		.uleb128 0xb
 548 017a 91000000 		.4byte	.LASF28
 549 017e 01       		.byte	0x1
 550 017f 4A       		.byte	0x4a
 551 0180 01       		.byte	0x1
 552 0181 98010000 		.4byte	0x198
 553 0185 12       		.uleb128 0x12
 554 0186 7300     		.ascii	"s\000"
 555 0188 01       		.byte	0x1
 556 0189 4A       		.byte	0x4a
 557 018a 84000000 		.4byte	0x84
 558 018e 12       		.uleb128 0x12
 559 018f 6E00     		.ascii	"n\000"
 560 0191 01       		.byte	0x1
 561 0192 4A       		.byte	0x4a
 562 0193 2C000000 		.4byte	0x2c
 563 0197 00       		.byte	0
 564 0198 13       		.uleb128 0x13
 565 0199 2A000000 		.4byte	.LASF30
 566 019d 01       		.byte	0x1
 567 019e D1       		.byte	0xd1
 568 019f 01       		.byte	0x1
 569 01a0 14       		.uleb128 0x14
 570 01a1 04010000 		.4byte	.LASF40
 571 01a5 01       		.byte	0x1
 572 01a6 1E01     		.2byte	0x11e
 573 01a8 00000000 		.4byte	.LFB6
 574 01ac 8C010000 		.4byte	.LFE6-.LFB6
 575 01b0 01       		.uleb128 0x1
 576 01b1 9C       		.byte	0x9c
 577 01b2 45030000 		.4byte	0x345
 578 01b6 15       		.uleb128 0x15
 579 01b7 00000000 		.4byte	.Ldebug_ranges0+0
 580 01bb 24030000 		.4byte	0x324
 581 01bf 16       		.uleb128 0x16
 582 01c0 35000000 		.4byte	.LASF31
 583 01c4 01       		.byte	0x1
 584 01c5 2401     		.2byte	0x124
 585 01c7 55030000 		.4byte	0x355
 586 01cb 05       		.uleb128 0x5
 587 01cc 03       		.byte	0x3
 588 01cd 00000000 		.4byte	cy_cfg_addr_table.4864
 589 01d1 16       		.uleb128 0x16
 590 01d2 47000000 		.4byte	.LASF32
 591 01d6 01       		.byte	0x1
 592 01d7 2A01     		.2byte	0x12a
 593 01d9 6A030000 		.4byte	0x36a
 594 01dd 05       		.uleb128 0x5
 595 01de 03       		.byte	0x3
 596 01df 0C000000 		.4byte	cy_cfg_data_table.4865
 597 01e3 17       		.uleb128 0x17
 598 01e4 06       		.byte	0x6
 599 01e5 01       		.byte	0x1
 600 01e6 3701     		.2byte	0x137
 601 01e8 07020000 		.4byte	0x207
 602 01ec 18       		.uleb128 0x18
 603 01ed 11010000 		.4byte	.LASF33
ARM GAS  C:\Users\npat025\AppData\Local\Temp\ccqWBXKo.s 			page 19


 604 01f1 01       		.byte	0x1
 605 01f2 3801     		.2byte	0x138
 606 01f4 84000000 		.4byte	0x84
 607 01f8 00       		.byte	0
 608 01f9 18       		.uleb128 0x18
 609 01fa 6F000000 		.4byte	.LASF34
 610 01fe 01       		.byte	0x1
 611 01ff 3901     		.2byte	0x139
 612 0201 99000000 		.4byte	0x99
 613 0205 04       		.byte	0x4
 614 0206 00       		.byte	0
 615 0207 06       		.uleb128 0x6
 616 0208 30010000 		.4byte	.LASF35
 617 020c 01       		.byte	0x1
 618 020d 3A01     		.2byte	0x13a
 619 020f E3010000 		.4byte	0x1e3
 620 0213 19       		.uleb128 0x19
 621 0214 23020000 		.4byte	0x223
 622 0218 23020000 		.4byte	0x223
 623 021c 1A       		.uleb128 0x1a
 624 021d 7D000000 		.4byte	0x7d
 625 0221 01       		.byte	0x1
 626 0222 00       		.byte	0
 627 0223 11       		.uleb128 0x11
 628 0224 07020000 		.4byte	0x207
 629 0228 1B       		.uleb128 0x1b
 630 0229 5F000000 		.4byte	.LASF36
 631 022d 01       		.byte	0x1
 632 022e 3C01     		.2byte	0x13c
 633 0230 41020000 		.4byte	0x241
 634 0234 0C       		.byte	0xc
 635 0235 00       		.byte	0
 636 0236 30       		.byte	0x30
 637 0237 0F       		.byte	0xf
 638 0238 40       		.byte	0x40
 639 0239 00       		.byte	0
 640 023a 04       		.byte	0x4
 641 023b 00       		.byte	0
 642 023c 40       		.byte	0x40
 643 023d 0F       		.byte	0xf
 644 023e 40       		.byte	0x40
 645 023f 00       		.byte	0
 646 0240 04       		.byte	0x4
 647 0241 11       		.uleb128 0x11
 648 0242 13020000 		.4byte	0x213
 649 0246 1C       		.uleb128 0x1c
 650 0247 6900     		.ascii	"i\000"
 651 0249 01       		.byte	0x1
 652 024a 4201     		.2byte	0x142
 653 024c 8D000000 		.4byte	0x8d
 654 0250 00000000 		.4byte	.LLST0
 655 0254 15       		.uleb128 0x15
 656 0255 28000000 		.4byte	.Ldebug_ranges0+0x28
 657 0259 D8020000 		.4byte	0x2d8
 658 025d 1C       		.uleb128 0x1c
 659 025e 6D7300   		.ascii	"ms\000"
 660 0261 01       		.byte	0x1
ARM GAS  C:\Users\npat025\AppData\Local\Temp\ccqWBXKo.s 			page 20


 661 0262 4701     		.2byte	0x147
 662 0264 6C020000 		.4byte	0x26c
 663 0268 2C000000 		.4byte	.LLST1
 664 026c 10       		.uleb128 0x10
 665 026d 04       		.byte	0x4
 666 026e 23020000 		.4byte	0x223
 667 0272 1D       		.uleb128 0x1d
 668 0273 79010000 		.4byte	0x179
 669 0277 04000000 		.4byte	.LBB18
 670 027b 28000000 		.4byte	.Ldebug_ranges0+0x28
 671 027f 01       		.byte	0x1
 672 0280 4801     		.2byte	0x148
 673 0282 1E       		.uleb128 0x1e
 674 0283 8E010000 		.4byte	0x18e
 675 0287 54000000 		.4byte	.LLST2
 676 028b 1E       		.uleb128 0x1e
 677 028c 85010000 		.4byte	0x185
 678 0290 6A000000 		.4byte	.LLST3
 679 0294 1F       		.uleb128 0x1f
 680 0295 10000000 		.4byte	.LVL1
 681 0299 6F030000 		.4byte	0x36f
 682 029d B7020000 		.4byte	0x2b7
 683 02a1 20       		.uleb128 0x20
 684 02a2 01       		.uleb128 0x1
 685 02a3 50       		.byte	0x50
 686 02a4 05       		.uleb128 0x5
 687 02a5 0C       		.byte	0xc
 688 02a6 00300F40 		.4byte	0x400f3000
 689 02aa 20       		.uleb128 0x20
 690 02ab 01       		.uleb128 0x1
 691 02ac 51       		.byte	0x51
 692 02ad 01       		.uleb128 0x1
 693 02ae 30       		.byte	0x30
 694 02af 20       		.uleb128 0x20
 695 02b0 01       		.uleb128 0x1
 696 02b1 52       		.byte	0x52
 697 02b2 03       		.uleb128 0x3
 698 02b3 0A       		.byte	0xa
 699 02b4 0004     		.2byte	0x400
 700 02b6 00       		.byte	0
 701 02b7 21       		.uleb128 0x21
 702 02b8 1C000000 		.4byte	.LVL2
 703 02bc 6F030000 		.4byte	0x36f
 704 02c0 20       		.uleb128 0x20
 705 02c1 01       		.uleb128 0x1
 706 02c2 50       		.byte	0x50
 707 02c3 05       		.uleb128 0x5
 708 02c4 0C       		.byte	0xc
 709 02c5 00400F40 		.4byte	0x400f4000
 710 02c9 20       		.uleb128 0x20
 711 02ca 01       		.uleb128 0x1
 712 02cb 51       		.byte	0x51
 713 02cc 01       		.uleb128 0x1
 714 02cd 30       		.byte	0x30
 715 02ce 20       		.uleb128 0x20
 716 02cf 01       		.uleb128 0x1
 717 02d0 52       		.byte	0x52
ARM GAS  C:\Users\npat025\AppData\Local\Temp\ccqWBXKo.s 			page 21


 718 02d1 03       		.uleb128 0x3
 719 02d2 0A       		.byte	0xa
 720 02d3 0004     		.2byte	0x400
 721 02d5 00       		.byte	0
 722 02d6 00       		.byte	0
 723 02d7 00       		.byte	0
 724 02d8 1D       		.uleb128 0x1d
 725 02d9 16010000 		.4byte	0x116
 726 02dd 1E000000 		.4byte	.LBB22
 727 02e1 40000000 		.4byte	.Ldebug_ranges0+0x40
 728 02e5 01       		.byte	0x1
 729 02e6 4B01     		.2byte	0x14b
 730 02e8 22       		.uleb128 0x22
 731 02e9 22010000 		.4byte	0x122
 732 02ed 22       		.uleb128 0x22
 733 02ee 2D010000 		.4byte	0x12d
 734 02f2 23       		.uleb128 0x23
 735 02f3 40000000 		.4byte	.Ldebug_ranges0+0x40
 736 02f7 24       		.uleb128 0x24
 737 02f8 38010000 		.4byte	0x138
 738 02fc 92000000 		.4byte	.LLST4
 739 0300 24       		.uleb128 0x24
 740 0301 41010000 		.4byte	0x141
 741 0305 A6000000 		.4byte	.LLST5
 742 0309 23       		.uleb128 0x23
 743 030a 58000000 		.4byte	.Ldebug_ranges0+0x58
 744 030e 24       		.uleb128 0x24
 745 030f 4B010000 		.4byte	0x14b
 746 0313 D0000000 		.4byte	.LLST6
 747 0317 24       		.uleb128 0x24
 748 0318 56010000 		.4byte	0x156
 749 031c EE000000 		.4byte	.LLST7
 750 0320 00       		.byte	0
 751 0321 00       		.byte	0
 752 0322 00       		.byte	0
 753 0323 00       		.byte	0
 754 0324 1D       		.uleb128 0x1d
 755 0325 98010000 		.4byte	0x198
 756 0329 76000000 		.4byte	.LBB29
 757 032d 70000000 		.4byte	.Ldebug_ranges0+0x70
 758 0331 01       		.byte	0x1
 759 0332 7501     		.2byte	0x175
 760 0334 21       		.uleb128 0x21
 761 0335 D6000000 		.4byte	.LVL11
 762 0339 78030000 		.4byte	0x378
 763 033d 20       		.uleb128 0x20
 764 033e 01       		.uleb128 0x1
 765 033f 50       		.byte	0x50
 766 0340 01       		.uleb128 0x1
 767 0341 48       		.byte	0x48
 768 0342 00       		.byte	0
 769 0343 00       		.byte	0
 770 0344 00       		.byte	0
 771 0345 19       		.uleb128 0x19
 772 0346 69010000 		.4byte	0x169
 773 034a 55030000 		.4byte	0x355
 774 034e 1A       		.uleb128 0x1a
ARM GAS  C:\Users\npat025\AppData\Local\Temp\ccqWBXKo.s 			page 22


 775 034f 7D000000 		.4byte	0x7d
 776 0353 02       		.byte	0x2
 777 0354 00       		.byte	0
 778 0355 11       		.uleb128 0x11
 779 0356 45030000 		.4byte	0x345
 780 035a 19       		.uleb128 0x19
 781 035b 74010000 		.4byte	0x174
 782 035f 6A030000 		.4byte	0x36a
 783 0363 1A       		.uleb128 0x1a
 784 0364 7D000000 		.4byte	0x7d
 785 0368 07       		.byte	0x7
 786 0369 00       		.byte	0
 787 036a 11       		.uleb128 0x11
 788 036b 5A030000 		.4byte	0x35a
 789 036f 25       		.uleb128 0x25
 790 0370 A9000000 		.4byte	.LASF41
 791 0374 A9000000 		.4byte	.LASF41
 792 0378 26       		.uleb128 0x26
 793 0379 0E020000 		.4byte	.LASF42
 794 037d 0E020000 		.4byte	.LASF42
 795 0381 04       		.byte	0x4
 796 0382 6C       		.byte	0x6c
 797 0383 00       		.byte	0
 798              		.section	.debug_abbrev,"",%progbits
 799              	.Ldebug_abbrev0:
 800 0000 01       		.uleb128 0x1
 801 0001 11       		.uleb128 0x11
 802 0002 01       		.byte	0x1
 803 0003 25       		.uleb128 0x25
 804 0004 0E       		.uleb128 0xe
 805 0005 13       		.uleb128 0x13
 806 0006 0B       		.uleb128 0xb
 807 0007 03       		.uleb128 0x3
 808 0008 0E       		.uleb128 0xe
 809 0009 1B       		.uleb128 0x1b
 810 000a 0E       		.uleb128 0xe
 811 000b 55       		.uleb128 0x55
 812 000c 17       		.uleb128 0x17
 813 000d 11       		.uleb128 0x11
 814 000e 01       		.uleb128 0x1
 815 000f 10       		.uleb128 0x10
 816 0010 17       		.uleb128 0x17
 817 0011 00       		.byte	0
 818 0012 00       		.byte	0
 819 0013 02       		.uleb128 0x2
 820 0014 24       		.uleb128 0x24
 821 0015 00       		.byte	0
 822 0016 0B       		.uleb128 0xb
 823 0017 0B       		.uleb128 0xb
 824 0018 3E       		.uleb128 0x3e
 825 0019 0B       		.uleb128 0xb
 826 001a 03       		.uleb128 0x3
 827 001b 08       		.uleb128 0x8
 828 001c 00       		.byte	0
 829 001d 00       		.byte	0
 830 001e 03       		.uleb128 0x3
 831 001f 16       		.uleb128 0x16
ARM GAS  C:\Users\npat025\AppData\Local\Temp\ccqWBXKo.s 			page 23


 832 0020 00       		.byte	0
 833 0021 03       		.uleb128 0x3
 834 0022 0E       		.uleb128 0xe
 835 0023 3A       		.uleb128 0x3a
 836 0024 0B       		.uleb128 0xb
 837 0025 3B       		.uleb128 0x3b
 838 0026 0B       		.uleb128 0xb
 839 0027 49       		.uleb128 0x49
 840 0028 13       		.uleb128 0x13
 841 0029 00       		.byte	0
 842 002a 00       		.byte	0
 843 002b 04       		.uleb128 0x4
 844 002c 24       		.uleb128 0x24
 845 002d 00       		.byte	0
 846 002e 0B       		.uleb128 0xb
 847 002f 0B       		.uleb128 0xb
 848 0030 3E       		.uleb128 0x3e
 849 0031 0B       		.uleb128 0xb
 850 0032 03       		.uleb128 0x3
 851 0033 0E       		.uleb128 0xe
 852 0034 00       		.byte	0
 853 0035 00       		.byte	0
 854 0036 05       		.uleb128 0x5
 855 0037 0F       		.uleb128 0xf
 856 0038 00       		.byte	0
 857 0039 0B       		.uleb128 0xb
 858 003a 0B       		.uleb128 0xb
 859 003b 00       		.byte	0
 860 003c 00       		.byte	0
 861 003d 06       		.uleb128 0x6
 862 003e 16       		.uleb128 0x16
 863 003f 00       		.byte	0
 864 0040 03       		.uleb128 0x3
 865 0041 0E       		.uleb128 0xe
 866 0042 3A       		.uleb128 0x3a
 867 0043 0B       		.uleb128 0xb
 868 0044 3B       		.uleb128 0x3b
 869 0045 05       		.uleb128 0x5
 870 0046 49       		.uleb128 0x49
 871 0047 13       		.uleb128 0x13
 872 0048 00       		.byte	0
 873 0049 00       		.byte	0
 874 004a 07       		.uleb128 0x7
 875 004b 35       		.uleb128 0x35
 876 004c 00       		.byte	0
 877 004d 49       		.uleb128 0x49
 878 004e 13       		.uleb128 0x13
 879 004f 00       		.byte	0
 880 0050 00       		.byte	0
 881 0051 08       		.uleb128 0x8
 882 0052 13       		.uleb128 0x13
 883 0053 01       		.byte	0x1
 884 0054 0B       		.uleb128 0xb
 885 0055 0B       		.uleb128 0xb
 886 0056 3A       		.uleb128 0x3a
 887 0057 0B       		.uleb128 0xb
 888 0058 3B       		.uleb128 0x3b
ARM GAS  C:\Users\npat025\AppData\Local\Temp\ccqWBXKo.s 			page 24


 889 0059 0B       		.uleb128 0xb
 890 005a 01       		.uleb128 0x1
 891 005b 13       		.uleb128 0x13
 892 005c 00       		.byte	0
 893 005d 00       		.byte	0
 894 005e 09       		.uleb128 0x9
 895 005f 0D       		.uleb128 0xd
 896 0060 00       		.byte	0
 897 0061 03       		.uleb128 0x3
 898 0062 0E       		.uleb128 0xe
 899 0063 3A       		.uleb128 0x3a
 900 0064 0B       		.uleb128 0xb
 901 0065 3B       		.uleb128 0x3b
 902 0066 0B       		.uleb128 0xb
 903 0067 49       		.uleb128 0x49
 904 0068 13       		.uleb128 0x13
 905 0069 38       		.uleb128 0x38
 906 006a 0B       		.uleb128 0xb
 907 006b 00       		.byte	0
 908 006c 00       		.byte	0
 909 006d 0A       		.uleb128 0xa
 910 006e 2E       		.uleb128 0x2e
 911 006f 00       		.byte	0
 912 0070 03       		.uleb128 0x3
 913 0071 0E       		.uleb128 0xe
 914 0072 3A       		.uleb128 0x3a
 915 0073 0B       		.uleb128 0xb
 916 0074 3B       		.uleb128 0x3b
 917 0075 05       		.uleb128 0x5
 918 0076 27       		.uleb128 0x27
 919 0077 19       		.uleb128 0x19
 920 0078 20       		.uleb128 0x20
 921 0079 0B       		.uleb128 0xb
 922 007a 00       		.byte	0
 923 007b 00       		.byte	0
 924 007c 0B       		.uleb128 0xb
 925 007d 2E       		.uleb128 0x2e
 926 007e 01       		.byte	0x1
 927 007f 03       		.uleb128 0x3
 928 0080 0E       		.uleb128 0xe
 929 0081 3A       		.uleb128 0x3a
 930 0082 0B       		.uleb128 0xb
 931 0083 3B       		.uleb128 0x3b
 932 0084 0B       		.uleb128 0xb
 933 0085 27       		.uleb128 0x27
 934 0086 19       		.uleb128 0x19
 935 0087 20       		.uleb128 0x20
 936 0088 0B       		.uleb128 0xb
 937 0089 01       		.uleb128 0x1
 938 008a 13       		.uleb128 0x13
 939 008b 00       		.byte	0
 940 008c 00       		.byte	0
 941 008d 0C       		.uleb128 0xc
 942 008e 05       		.uleb128 0x5
 943 008f 00       		.byte	0
 944 0090 03       		.uleb128 0x3
 945 0091 0E       		.uleb128 0xe
ARM GAS  C:\Users\npat025\AppData\Local\Temp\ccqWBXKo.s 			page 25


 946 0092 3A       		.uleb128 0x3a
 947 0093 0B       		.uleb128 0xb
 948 0094 3B       		.uleb128 0x3b
 949 0095 0B       		.uleb128 0xb
 950 0096 49       		.uleb128 0x49
 951 0097 13       		.uleb128 0x13
 952 0098 00       		.byte	0
 953 0099 00       		.byte	0
 954 009a 0D       		.uleb128 0xd
 955 009b 34       		.uleb128 0x34
 956 009c 00       		.byte	0
 957 009d 03       		.uleb128 0x3
 958 009e 08       		.uleb128 0x8
 959 009f 3A       		.uleb128 0x3a
 960 00a0 0B       		.uleb128 0xb
 961 00a1 3B       		.uleb128 0x3b
 962 00a2 0B       		.uleb128 0xb
 963 00a3 49       		.uleb128 0x49
 964 00a4 13       		.uleb128 0x13
 965 00a5 00       		.byte	0
 966 00a6 00       		.byte	0
 967 00a7 0E       		.uleb128 0xe
 968 00a8 0B       		.uleb128 0xb
 969 00a9 01       		.byte	0x1
 970 00aa 00       		.byte	0
 971 00ab 00       		.byte	0
 972 00ac 0F       		.uleb128 0xf
 973 00ad 34       		.uleb128 0x34
 974 00ae 00       		.byte	0
 975 00af 03       		.uleb128 0x3
 976 00b0 0E       		.uleb128 0xe
 977 00b1 3A       		.uleb128 0x3a
 978 00b2 0B       		.uleb128 0xb
 979 00b3 3B       		.uleb128 0x3b
 980 00b4 0B       		.uleb128 0xb
 981 00b5 49       		.uleb128 0x49
 982 00b6 13       		.uleb128 0x13
 983 00b7 00       		.byte	0
 984 00b8 00       		.byte	0
 985 00b9 10       		.uleb128 0x10
 986 00ba 0F       		.uleb128 0xf
 987 00bb 00       		.byte	0
 988 00bc 0B       		.uleb128 0xb
 989 00bd 0B       		.uleb128 0xb
 990 00be 49       		.uleb128 0x49
 991 00bf 13       		.uleb128 0x13
 992 00c0 00       		.byte	0
 993 00c1 00       		.byte	0
 994 00c2 11       		.uleb128 0x11
 995 00c3 26       		.uleb128 0x26
 996 00c4 00       		.byte	0
 997 00c5 49       		.uleb128 0x49
 998 00c6 13       		.uleb128 0x13
 999 00c7 00       		.byte	0
 1000 00c8 00       		.byte	0
 1001 00c9 12       		.uleb128 0x12
 1002 00ca 05       		.uleb128 0x5
ARM GAS  C:\Users\npat025\AppData\Local\Temp\ccqWBXKo.s 			page 26


 1003 00cb 00       		.byte	0
 1004 00cc 03       		.uleb128 0x3
 1005 00cd 08       		.uleb128 0x8
 1006 00ce 3A       		.uleb128 0x3a
 1007 00cf 0B       		.uleb128 0xb
 1008 00d0 3B       		.uleb128 0x3b
 1009 00d1 0B       		.uleb128 0xb
 1010 00d2 49       		.uleb128 0x49
 1011 00d3 13       		.uleb128 0x13
 1012 00d4 00       		.byte	0
 1013 00d5 00       		.byte	0
 1014 00d6 13       		.uleb128 0x13
 1015 00d7 2E       		.uleb128 0x2e
 1016 00d8 00       		.byte	0
 1017 00d9 03       		.uleb128 0x3
 1018 00da 0E       		.uleb128 0xe
 1019 00db 3A       		.uleb128 0x3a
 1020 00dc 0B       		.uleb128 0xb
 1021 00dd 3B       		.uleb128 0x3b
 1022 00de 0B       		.uleb128 0xb
 1023 00df 27       		.uleb128 0x27
 1024 00e0 19       		.uleb128 0x19
 1025 00e1 20       		.uleb128 0x20
 1026 00e2 0B       		.uleb128 0xb
 1027 00e3 00       		.byte	0
 1028 00e4 00       		.byte	0
 1029 00e5 14       		.uleb128 0x14
 1030 00e6 2E       		.uleb128 0x2e
 1031 00e7 01       		.byte	0x1
 1032 00e8 3F       		.uleb128 0x3f
 1033 00e9 19       		.uleb128 0x19
 1034 00ea 03       		.uleb128 0x3
 1035 00eb 0E       		.uleb128 0xe
 1036 00ec 3A       		.uleb128 0x3a
 1037 00ed 0B       		.uleb128 0xb
 1038 00ee 3B       		.uleb128 0x3b
 1039 00ef 05       		.uleb128 0x5
 1040 00f0 27       		.uleb128 0x27
 1041 00f1 19       		.uleb128 0x19
 1042 00f2 11       		.uleb128 0x11
 1043 00f3 01       		.uleb128 0x1
 1044 00f4 12       		.uleb128 0x12
 1045 00f5 06       		.uleb128 0x6
 1046 00f6 40       		.uleb128 0x40
 1047 00f7 18       		.uleb128 0x18
 1048 00f8 9742     		.uleb128 0x2117
 1049 00fa 19       		.uleb128 0x19
 1050 00fb 01       		.uleb128 0x1
 1051 00fc 13       		.uleb128 0x13
 1052 00fd 00       		.byte	0
 1053 00fe 00       		.byte	0
 1054 00ff 15       		.uleb128 0x15
 1055 0100 0B       		.uleb128 0xb
 1056 0101 01       		.byte	0x1
 1057 0102 55       		.uleb128 0x55
 1058 0103 17       		.uleb128 0x17
 1059 0104 01       		.uleb128 0x1
ARM GAS  C:\Users\npat025\AppData\Local\Temp\ccqWBXKo.s 			page 27


 1060 0105 13       		.uleb128 0x13
 1061 0106 00       		.byte	0
 1062 0107 00       		.byte	0
 1063 0108 16       		.uleb128 0x16
 1064 0109 34       		.uleb128 0x34
 1065 010a 00       		.byte	0
 1066 010b 03       		.uleb128 0x3
 1067 010c 0E       		.uleb128 0xe
 1068 010d 3A       		.uleb128 0x3a
 1069 010e 0B       		.uleb128 0xb
 1070 010f 3B       		.uleb128 0x3b
 1071 0110 05       		.uleb128 0x5
 1072 0111 49       		.uleb128 0x49
 1073 0112 13       		.uleb128 0x13
 1074 0113 02       		.uleb128 0x2
 1075 0114 18       		.uleb128 0x18
 1076 0115 00       		.byte	0
 1077 0116 00       		.byte	0
 1078 0117 17       		.uleb128 0x17
 1079 0118 13       		.uleb128 0x13
 1080 0119 01       		.byte	0x1
 1081 011a 0B       		.uleb128 0xb
 1082 011b 0B       		.uleb128 0xb
 1083 011c 3A       		.uleb128 0x3a
 1084 011d 0B       		.uleb128 0xb
 1085 011e 3B       		.uleb128 0x3b
 1086 011f 05       		.uleb128 0x5
 1087 0120 01       		.uleb128 0x1
 1088 0121 13       		.uleb128 0x13
 1089 0122 00       		.byte	0
 1090 0123 00       		.byte	0
 1091 0124 18       		.uleb128 0x18
 1092 0125 0D       		.uleb128 0xd
 1093 0126 00       		.byte	0
 1094 0127 03       		.uleb128 0x3
 1095 0128 0E       		.uleb128 0xe
 1096 0129 3A       		.uleb128 0x3a
 1097 012a 0B       		.uleb128 0xb
 1098 012b 3B       		.uleb128 0x3b
 1099 012c 05       		.uleb128 0x5
 1100 012d 49       		.uleb128 0x49
 1101 012e 13       		.uleb128 0x13
 1102 012f 38       		.uleb128 0x38
 1103 0130 0B       		.uleb128 0xb
 1104 0131 00       		.byte	0
 1105 0132 00       		.byte	0
 1106 0133 19       		.uleb128 0x19
 1107 0134 01       		.uleb128 0x1
 1108 0135 01       		.byte	0x1
 1109 0136 49       		.uleb128 0x49
 1110 0137 13       		.uleb128 0x13
 1111 0138 01       		.uleb128 0x1
 1112 0139 13       		.uleb128 0x13
 1113 013a 00       		.byte	0
 1114 013b 00       		.byte	0
 1115 013c 1A       		.uleb128 0x1a
 1116 013d 21       		.uleb128 0x21
ARM GAS  C:\Users\npat025\AppData\Local\Temp\ccqWBXKo.s 			page 28


 1117 013e 00       		.byte	0
 1118 013f 49       		.uleb128 0x49
 1119 0140 13       		.uleb128 0x13
 1120 0141 2F       		.uleb128 0x2f
 1121 0142 0B       		.uleb128 0xb
 1122 0143 00       		.byte	0
 1123 0144 00       		.byte	0
 1124 0145 1B       		.uleb128 0x1b
 1125 0146 34       		.uleb128 0x34
 1126 0147 00       		.byte	0
 1127 0148 03       		.uleb128 0x3
 1128 0149 0E       		.uleb128 0xe
 1129 014a 3A       		.uleb128 0x3a
 1130 014b 0B       		.uleb128 0xb
 1131 014c 3B       		.uleb128 0x3b
 1132 014d 05       		.uleb128 0x5
 1133 014e 49       		.uleb128 0x49
 1134 014f 13       		.uleb128 0x13
 1135 0150 1C       		.uleb128 0x1c
 1136 0151 0A       		.uleb128 0xa
 1137 0152 00       		.byte	0
 1138 0153 00       		.byte	0
 1139 0154 1C       		.uleb128 0x1c
 1140 0155 34       		.uleb128 0x34
 1141 0156 00       		.byte	0
 1142 0157 03       		.uleb128 0x3
 1143 0158 08       		.uleb128 0x8
 1144 0159 3A       		.uleb128 0x3a
 1145 015a 0B       		.uleb128 0xb
 1146 015b 3B       		.uleb128 0x3b
 1147 015c 05       		.uleb128 0x5
 1148 015d 49       		.uleb128 0x49
 1149 015e 13       		.uleb128 0x13
 1150 015f 02       		.uleb128 0x2
 1151 0160 17       		.uleb128 0x17
 1152 0161 00       		.byte	0
 1153 0162 00       		.byte	0
 1154 0163 1D       		.uleb128 0x1d
 1155 0164 1D       		.uleb128 0x1d
 1156 0165 01       		.byte	0x1
 1157 0166 31       		.uleb128 0x31
 1158 0167 13       		.uleb128 0x13
 1159 0168 52       		.uleb128 0x52
 1160 0169 01       		.uleb128 0x1
 1161 016a 55       		.uleb128 0x55
 1162 016b 17       		.uleb128 0x17
 1163 016c 58       		.uleb128 0x58
 1164 016d 0B       		.uleb128 0xb
 1165 016e 59       		.uleb128 0x59
 1166 016f 05       		.uleb128 0x5
 1167 0170 00       		.byte	0
 1168 0171 00       		.byte	0
 1169 0172 1E       		.uleb128 0x1e
 1170 0173 05       		.uleb128 0x5
 1171 0174 00       		.byte	0
 1172 0175 31       		.uleb128 0x31
 1173 0176 13       		.uleb128 0x13
ARM GAS  C:\Users\npat025\AppData\Local\Temp\ccqWBXKo.s 			page 29


 1174 0177 02       		.uleb128 0x2
 1175 0178 17       		.uleb128 0x17
 1176 0179 00       		.byte	0
 1177 017a 00       		.byte	0
 1178 017b 1F       		.uleb128 0x1f
 1179 017c 898201   		.uleb128 0x4109
 1180 017f 01       		.byte	0x1
 1181 0180 11       		.uleb128 0x11
 1182 0181 01       		.uleb128 0x1
 1183 0182 31       		.uleb128 0x31
 1184 0183 13       		.uleb128 0x13
 1185 0184 01       		.uleb128 0x1
 1186 0185 13       		.uleb128 0x13
 1187 0186 00       		.byte	0
 1188 0187 00       		.byte	0
 1189 0188 20       		.uleb128 0x20
 1190 0189 8A8201   		.uleb128 0x410a
 1191 018c 00       		.byte	0
 1192 018d 02       		.uleb128 0x2
 1193 018e 18       		.uleb128 0x18
 1194 018f 9142     		.uleb128 0x2111
 1195 0191 18       		.uleb128 0x18
 1196 0192 00       		.byte	0
 1197 0193 00       		.byte	0
 1198 0194 21       		.uleb128 0x21
 1199 0195 898201   		.uleb128 0x4109
 1200 0198 01       		.byte	0x1
 1201 0199 11       		.uleb128 0x11
 1202 019a 01       		.uleb128 0x1
 1203 019b 31       		.uleb128 0x31
 1204 019c 13       		.uleb128 0x13
 1205 019d 00       		.byte	0
 1206 019e 00       		.byte	0
 1207 019f 22       		.uleb128 0x22
 1208 01a0 05       		.uleb128 0x5
 1209 01a1 00       		.byte	0
 1210 01a2 31       		.uleb128 0x31
 1211 01a3 13       		.uleb128 0x13
 1212 01a4 00       		.byte	0
 1213 01a5 00       		.byte	0
 1214 01a6 23       		.uleb128 0x23
 1215 01a7 0B       		.uleb128 0xb
 1216 01a8 01       		.byte	0x1
 1217 01a9 55       		.uleb128 0x55
 1218 01aa 17       		.uleb128 0x17
 1219 01ab 00       		.byte	0
 1220 01ac 00       		.byte	0
 1221 01ad 24       		.uleb128 0x24
 1222 01ae 34       		.uleb128 0x34
 1223 01af 00       		.byte	0
 1224 01b0 31       		.uleb128 0x31
 1225 01b1 13       		.uleb128 0x13
 1226 01b2 02       		.uleb128 0x2
 1227 01b3 17       		.uleb128 0x17
 1228 01b4 00       		.byte	0
 1229 01b5 00       		.byte	0
 1230 01b6 25       		.uleb128 0x25
ARM GAS  C:\Users\npat025\AppData\Local\Temp\ccqWBXKo.s 			page 30


 1231 01b7 2E       		.uleb128 0x2e
 1232 01b8 00       		.byte	0
 1233 01b9 3F       		.uleb128 0x3f
 1234 01ba 19       		.uleb128 0x19
 1235 01bb 3C       		.uleb128 0x3c
 1236 01bc 19       		.uleb128 0x19
 1237 01bd 6E       		.uleb128 0x6e
 1238 01be 0E       		.uleb128 0xe
 1239 01bf 03       		.uleb128 0x3
 1240 01c0 0E       		.uleb128 0xe
 1241 01c1 00       		.byte	0
 1242 01c2 00       		.byte	0
 1243 01c3 26       		.uleb128 0x26
 1244 01c4 2E       		.uleb128 0x2e
 1245 01c5 00       		.byte	0
 1246 01c6 3F       		.uleb128 0x3f
 1247 01c7 19       		.uleb128 0x19
 1248 01c8 3C       		.uleb128 0x3c
 1249 01c9 19       		.uleb128 0x19
 1250 01ca 6E       		.uleb128 0x6e
 1251 01cb 0E       		.uleb128 0xe
 1252 01cc 03       		.uleb128 0x3
 1253 01cd 0E       		.uleb128 0xe
 1254 01ce 3A       		.uleb128 0x3a
 1255 01cf 0B       		.uleb128 0xb
 1256 01d0 3B       		.uleb128 0x3b
 1257 01d1 0B       		.uleb128 0xb
 1258 01d2 00       		.byte	0
 1259 01d3 00       		.byte	0
 1260 01d4 00       		.byte	0
 1261              		.section	.debug_loc,"",%progbits
 1262              	.Ldebug_loc0:
 1263              	.LLST0:
 1264 0000 04000000 		.4byte	.LVL0
 1265 0004 10000000 		.4byte	.LVL1
 1266 0008 0200     		.2byte	0x2
 1267 000a 30       		.byte	0x30
 1268 000b 9F       		.byte	0x9f
 1269 000c 10000000 		.4byte	.LVL1
 1270 0010 1C000000 		.4byte	.LVL2
 1271 0014 0200     		.2byte	0x2
 1272 0016 31       		.byte	0x31
 1273 0017 9F       		.byte	0x9f
 1274 0018 1C000000 		.4byte	.LVL2
 1275 001c 8C010000 		.4byte	.LFE6
 1276 0020 0200     		.2byte	0x2
 1277 0022 32       		.byte	0x32
 1278 0023 9F       		.byte	0x9f
 1279 0024 00000000 		.4byte	0
 1280 0028 00000000 		.4byte	0
 1281              	.LLST1:
 1282 002c 04000000 		.4byte	.LVL0
 1283 0030 10000000 		.4byte	.LVL1
 1284 0034 0600     		.2byte	0x6
 1285 0036 F2       		.byte	0xf2
 1286 0037 28020000 		.4byte	.Ldebug_info0+552
 1287 003b 00       		.sleb128 0
ARM GAS  C:\Users\npat025\AppData\Local\Temp\ccqWBXKo.s 			page 31


 1288 003c 10000000 		.4byte	.LVL1
 1289 0040 8C010000 		.4byte	.LFE6
 1290 0044 0600     		.2byte	0x6
 1291 0046 F2       		.byte	0xf2
 1292 0047 28020000 		.4byte	.Ldebug_info0+552
 1293 004b 06       		.sleb128 6
 1294 004c 00000000 		.4byte	0
 1295 0050 00000000 		.4byte	0
 1296              	.LLST2:
 1297 0054 04000000 		.4byte	.LVL0
 1298 0058 1C000000 		.4byte	.LVL2
 1299 005c 0400     		.2byte	0x4
 1300 005e 0A       		.byte	0xa
 1301 005f 0004     		.2byte	0x400
 1302 0061 9F       		.byte	0x9f
 1303 0062 00000000 		.4byte	0
 1304 0066 00000000 		.4byte	0
 1305              	.LLST3:
 1306 006a 04000000 		.4byte	.LVL0
 1307 006e 10000000 		.4byte	.LVL1
 1308 0072 0600     		.2byte	0x6
 1309 0074 0C       		.byte	0xc
 1310 0075 00300F40 		.4byte	0x400f3000
 1311 0079 9F       		.byte	0x9f
 1312 007a 10000000 		.4byte	.LVL1
 1313 007e 1C000000 		.4byte	.LVL2
 1314 0082 0600     		.2byte	0x6
 1315 0084 0C       		.byte	0xc
 1316 0085 00400F40 		.4byte	0x400f4000
 1317 0089 9F       		.byte	0x9f
 1318 008a 00000000 		.4byte	0
 1319 008e 00000000 		.4byte	0
 1320              	.LLST4:
 1321 0092 1C000000 		.4byte	.LVL2
 1322 0096 26000000 		.4byte	.LVL3
 1323 009a 0200     		.2byte	0x2
 1324 009c 30       		.byte	0x30
 1325 009d 9F       		.byte	0x9f
 1326 009e 00000000 		.4byte	0
 1327 00a2 00000000 		.4byte	0
 1328              	.LLST5:
 1329 00a6 1C000000 		.4byte	.LVL2
 1330 00aa 26000000 		.4byte	.LVL3
 1331 00ae 0200     		.2byte	0x2
 1332 00b0 30       		.byte	0x30
 1333 00b1 9F       		.byte	0x9f
 1334 00b2 26000000 		.4byte	.LVL3
 1335 00b6 32000000 		.4byte	.LVL6
 1336 00ba 0100     		.2byte	0x1
 1337 00bc 51       		.byte	0x51
 1338 00bd 56000000 		.4byte	.LVL9
 1339 00c1 5C000000 		.4byte	.LVL10
 1340 00c5 0100     		.2byte	0x1
 1341 00c7 51       		.byte	0x51
 1342 00c8 00000000 		.4byte	0
 1343 00cc 00000000 		.4byte	0
 1344              	.LLST6:
ARM GAS  C:\Users\npat025\AppData\Local\Temp\ccqWBXKo.s 			page 32


 1345 00d0 2A000000 		.4byte	.LVL4
 1346 00d4 30000000 		.4byte	.LVL5
 1347 00d8 0100     		.2byte	0x1
 1348 00da 50       		.byte	0x50
 1349 00db 30000000 		.4byte	.LVL5
 1350 00df 5C000000 		.4byte	.LVL10
 1351 00e3 0100     		.2byte	0x1
 1352 00e5 57       		.byte	0x57
 1353 00e6 00000000 		.4byte	0
 1354 00ea 00000000 		.4byte	0
 1355              	.LLST7:
 1356 00ee 2A000000 		.4byte	.LVL4
 1357 00f2 30000000 		.4byte	.LVL5
 1358 00f6 0100     		.2byte	0x1
 1359 00f8 50       		.byte	0x50
 1360 00f9 30000000 		.4byte	.LVL5
 1361 00fd 3C000000 		.4byte	.LVL7
 1362 0101 0100     		.2byte	0x1
 1363 0103 57       		.byte	0x57
 1364 0104 3C000000 		.4byte	.LVL7
 1365 0108 40000000 		.4byte	.LVL8
 1366 010c 0800     		.2byte	0x8
 1367 010e 72       		.byte	0x72
 1368 010f 00       		.sleb128 0
 1369 0110 03       		.byte	0x3
 1370 0111 00000000 		.4byte	.LANCHOR0
 1371 0115 22       		.byte	0x22
 1372 0116 00000000 		.4byte	0
 1373 011a 00000000 		.4byte	0
 1374              		.section	.debug_aranges,"",%progbits
 1375 0000 1C000000 		.4byte	0x1c
 1376 0004 0200     		.2byte	0x2
 1377 0006 00000000 		.4byte	.Ldebug_info0
 1378 000a 04       		.byte	0x4
 1379 000b 00       		.byte	0
 1380 000c 0000     		.2byte	0
 1381 000e 0000     		.2byte	0
 1382 0010 00000000 		.4byte	.LFB6
 1383 0014 8C010000 		.4byte	.LFE6-.LFB6
 1384 0018 00000000 		.4byte	0
 1385 001c 00000000 		.4byte	0
 1386              		.section	.debug_ranges,"",%progbits
 1387              	.Ldebug_ranges0:
 1388 0000 04000000 		.4byte	.LBB16
 1389 0004 76000000 		.4byte	.LBE16
 1390 0008 78000000 		.4byte	.LBB33
 1391 000c 82000000 		.4byte	.LBE33
 1392 0010 84000000 		.4byte	.LBB35
 1393 0014 92000000 		.4byte	.LBE35
 1394 0018 92000000 		.4byte	.LBB36
 1395 001c 9C000000 		.4byte	.LBE36
 1396 0020 00000000 		.4byte	0
 1397 0024 00000000 		.4byte	0
 1398 0028 04000000 		.4byte	.LBB17
 1399 002c 1E000000 		.4byte	.LBE17
 1400 0030 20000000 		.4byte	.LBB27
 1401 0034 26000000 		.4byte	.LBE27
ARM GAS  C:\Users\npat025\AppData\Local\Temp\ccqWBXKo.s 			page 33


 1402 0038 00000000 		.4byte	0
 1403 003c 00000000 		.4byte	0
 1404 0040 1E000000 		.4byte	.LBB22
 1405 0044 20000000 		.4byte	.LBE22
 1406 0048 26000000 		.4byte	.LBB28
 1407 004c 5C000000 		.4byte	.LBE28
 1408 0050 00000000 		.4byte	0
 1409 0054 00000000 		.4byte	0
 1410 0058 1E000000 		.4byte	.LBB24
 1411 005c 20000000 		.4byte	.LBE24
 1412 0060 26000000 		.4byte	.LBB25
 1413 0064 58000000 		.4byte	.LBE25
 1414 0068 00000000 		.4byte	0
 1415 006c 00000000 		.4byte	0
 1416 0070 76000000 		.4byte	.LBB29
 1417 0074 78000000 		.4byte	.LBE29
 1418 0078 82000000 		.4byte	.LBB34
 1419 007c 84000000 		.4byte	.LBE34
 1420 0080 C8000000 		.4byte	.LBB37
 1421 0084 0A010000 		.4byte	.LBE37
 1422 0088 00000000 		.4byte	0
 1423 008c 00000000 		.4byte	0
 1424 0090 00000000 		.4byte	.LFB6
 1425 0094 8C010000 		.4byte	.LFE6
 1426 0098 00000000 		.4byte	0
 1427 009c 00000000 		.4byte	0
 1428              		.section	.debug_line,"",%progbits
 1429              	.Ldebug_line0:
 1430 0000 51010000 		.section	.debug_str,"MS",%progbits,1
 1430      0200D600 
 1430      00000201 
 1430      FB0E0D00 
 1430      01010101 
 1431              	.LASF19:
 1432 0000 72656733 		.ascii	"reg32\000"
 1432      3200
 1433              	.LASF12:
 1434 0006 73697A65 		.ascii	"size_t\000"
 1434      5F7400
 1435              	.LASF29:
 1436 000d 416E616C 		.ascii	"AnalogSetDefault\000"
 1436      6F675365 
 1436      74446566 
 1436      61756C74 
 1436      00
 1437              	.LASF21:
 1438 001e 76616C75 		.ascii	"value\000"
 1438      6500
 1439              	.LASF26:
 1440 0024 636F756E 		.ascii	"count\000"
 1440      7400
 1441              	.LASF30:
 1442 002a 436C6F63 		.ascii	"ClockSetup\000"
 1442      6B536574 
 1442      757000
 1443              	.LASF31:
 1444 0035 63795F63 		.ascii	"cy_cfg_addr_table\000"
ARM GAS  C:\Users\npat025\AppData\Local\Temp\ccqWBXKo.s 			page 34


 1444      66675F61 
 1444      6464725F 
 1444      7461626C 
 1444      6500
 1445              	.LASF32:
 1446 0047 63795F63 		.ascii	"cy_cfg_data_table\000"
 1446      66675F64 
 1446      6174615F 
 1446      7461626C 
 1446      6500
 1447              	.LASF16:
 1448 0059 666C6F61 		.ascii	"float\000"
 1448      7400
 1449              	.LASF36:
 1450 005f 6366675F 		.ascii	"cfg_memset_list\000"
 1450      6D656D73 
 1450      65745F6C 
 1450      69737400 
 1451              	.LASF34:
 1452 006f 73697A65 		.ascii	"size\000"
 1452      00
 1453              	.LASF18:
 1454 0074 72656738 		.ascii	"reg8\000"
 1454      00
 1455              	.LASF8:
 1456 0079 6C6F6E67 		.ascii	"long unsigned int\000"
 1456      20756E73 
 1456      69676E65 
 1456      6420696E 
 1456      7400
 1457              	.LASF13:
 1458 008b 75696E74 		.ascii	"uint8\000"
 1458      3800
 1459              	.LASF28:
 1460 0091 43594D45 		.ascii	"CYMEMZERO\000"
 1460      4D5A4552 
 1460      4F00
 1461              	.LASF4:
 1462 009b 756E7369 		.ascii	"unsigned char\000"
 1462      676E6564 
 1462      20636861 
 1462      7200
 1463              	.LASF41:
 1464 00a9 6D656D73 		.ascii	"memset\000"
 1464      657400
 1465              	.LASF17:
 1466 00b0 646F7562 		.ascii	"double\000"
 1466      6C6500
 1467              	.LASF27:
 1468 00b7 6366675F 		.ascii	"cfg_write_bytes32\000"
 1468      77726974 
 1468      655F6279 
 1468      74657333 
 1468      3200
 1469              	.LASF5:
 1470 00c9 73686F72 		.ascii	"short int\000"
 1470      7420696E 
ARM GAS  C:\Users\npat025\AppData\Local\Temp\ccqWBXKo.s 			page 35


 1470      7400
 1471              	.LASF23:
 1472 00d3 61646472 		.ascii	"addr_table\000"
 1472      5F746162 
 1472      6C6500
 1473              	.LASF14:
 1474 00de 75696E74 		.ascii	"uint16\000"
 1474      313600
 1475              	.LASF24:
 1476 00e5 64617461 		.ascii	"data_table\000"
 1476      5F746162 
 1476      6C6500
 1477              	.LASF15:
 1478 00f0 75696E74 		.ascii	"uint32\000"
 1478      333200
 1479              	.LASF0:
 1480 00f7 756E7369 		.ascii	"unsigned int\000"
 1480      676E6564 
 1480      20696E74 
 1480      00
 1481              	.LASF40:
 1482 0104 63796669 		.ascii	"cyfitter_cfg\000"
 1482      74746572 
 1482      5F636667 
 1482      00
 1483              	.LASF33:
 1484 0111 61646472 		.ascii	"address\000"
 1484      65737300 
 1485              	.LASF9:
 1486 0119 6C6F6E67 		.ascii	"long long unsigned int\000"
 1486      206C6F6E 
 1486      6720756E 
 1486      7369676E 
 1486      65642069 
 1487              	.LASF35:
 1488 0130 6366675F 		.ascii	"cfg_memset_t\000"
 1488      6D656D73 
 1488      65745F74 
 1488      00
 1489              	.LASF25:
 1490 013d 62617365 		.ascii	"baseAddr\000"
 1490      41646472 
 1490      00
 1491              	.LASF10:
 1492 0146 73697A65 		.ascii	"sizetype\000"
 1492      74797065 
 1492      00
 1493              	.LASF6:
 1494 014f 73686F72 		.ascii	"short unsigned int\000"
 1494      7420756E 
 1494      7369676E 
 1494      65642069 
 1494      6E7400
 1495              	.LASF1:
 1496 0162 6C6F6E67 		.ascii	"long long int\000"
 1496      206C6F6E 
 1496      6720696E 
ARM GAS  C:\Users\npat025\AppData\Local\Temp\ccqWBXKo.s 			page 36


 1496      7400
 1497              	.LASF11:
 1498 0170 63686172 		.ascii	"char\000"
 1498      00
 1499              	.LASF22:
 1500 0175 63795F63 		.ascii	"cy_cfg_addrvalue_t\000"
 1500      66675F61 
 1500      64647276 
 1500      616C7565 
 1500      5F7400
 1501              	.LASF20:
 1502 0188 6F666673 		.ascii	"offset\000"
 1502      657400
 1503              	.LASF39:
 1504 018f 433A5C55 		.ascii	"C:\\Users\\npat025\\Dropbox (Uni of Auckland)\\mois"
 1504      73657273 
 1504      5C6E7061 
 1504      74303235 
 1504      5C44726F 
 1505 01be 74757265 		.ascii	"ture\\moisturesensor\\kit049\\watersense\\SCB_Bootl"
 1505      5C6D6F69 
 1505      73747572 
 1505      6573656E 
 1505      736F725C 
 1506 01ed 6F616465 		.ascii	"oader_42xx\\UART_Bootloader.cydsn\000"
 1506      725F3432 
 1506      78785C55 
 1506      4152545F 
 1506      426F6F74 
 1507              	.LASF42:
 1508 020e 43795379 		.ascii	"CySysClkWriteImoFreq\000"
 1508      73436C6B 
 1508      57726974 
 1508      65496D6F 
 1508      46726571 
 1509              	.LASF7:
 1510 0223 6C6F6E67 		.ascii	"long int\000"
 1510      20696E74 
 1510      00
 1511              	.LASF2:
 1512 022c 6C6F6E67 		.ascii	"long double\000"
 1512      20646F75 
 1512      626C6500 
 1513              	.LASF3:
 1514 0238 7369676E 		.ascii	"signed char\000"
 1514      65642063 
 1514      68617200 
 1515              	.LASF38:
 1516 0244 47656E65 		.ascii	"Generated_Source\\PSoC4\\cyfitter_cfg.c\000"
 1516      72617465 
 1516      645F536F 
 1516      75726365 
 1516      5C50536F 
 1517              	.LASF37:
 1518 026a 474E5520 		.ascii	"GNU C11 5.4.1 20160609 (release) [ARM/embedded-5-br"
 1518      43313120 
 1518      352E342E 
ARM GAS  C:\Users\npat025\AppData\Local\Temp\ccqWBXKo.s 			page 37


 1518      31203230 
 1518      31363036 
 1519 029d 616E6368 		.ascii	"anch revision 237715] -mcpu=cortex-m0 -mthumb -g -O"
 1519      20726576 
 1519      6973696F 
 1519      6E203233 
 1519      37373135 
 1520 02d0 73202D66 		.ascii	"s -ffunction-sections -ffat-lto-objects\000"
 1520      66756E63 
 1520      74696F6E 
 1520      2D736563 
 1520      74696F6E 
 1521              		.ident	"GCC: (GNU Tools for ARM Embedded Processors) 5.4.1 20160609 (release) [ARM/embedded-5-bran
