ARM GAS  C:\Users\npat025\AppData\Local\Temp\ccGIoztb.s 			page 1


   1              		.syntax unified
   2              		.cpu cortex-m0
   3              		.fpu softvfp
   4              		.eabi_attribute 20, 1
   5              		.eabi_attribute 21, 1
   6              		.eabi_attribute 23, 3
   7              		.eabi_attribute 24, 1
   8              		.eabi_attribute 25, 1
   9              		.eabi_attribute 26, 1
  10              		.eabi_attribute 30, 4
  11              		.eabi_attribute 34, 0
  12              		.eabi_attribute 18, 4
  13              		.thumb
  14              		.syntax unified
  15              		.file	"main.c"
  16              		.text
  17              	.Ltext0:
  18              		.cfi_sections	.debug_frame
  19              		.section	.text.startup.main,"ax",%progbits
  20              		.align	1
  21              		.global	main
  22              		.code	16
  23              		.thumb_func
  24              		.type	main, %function
  25              	main:
  26              	.LFB32:
  27              		.file 1 "main.c"
   1:main.c        **** ﻿/******************************************************************************
   2:main.c        **** * Project Name		: UART_Bootloader
   3:main.c        **** * File Name			: main.c
   4:main.c        **** * Version 			: 1.0
   5:main.c        **** * Device Used		: CY8C4245AXI-483
   6:main.c        **** * Software Used		: PSoC Creator 3.0
   7:main.c        **** * Compiler    		: ARMGCC 4.7.3, ARM RVDS Generic, ARM MDK Generic
   8:main.c        **** * Related Hardware	: CY8CKIT-049-42xx PSoC 4 Prototyping Kit 
   9:main.c        **** *
  10:main.c        **** ********************************************************************************
  11:main.c        **** * Copyright (2014), Cypress Semiconductor Corporation. All Rights Reserved.
  12:main.c        **** ********************************************************************************
  13:main.c        **** * This software is owned by Cypress Semiconductor Corporation (Cypress)
  14:main.c        **** * and is protected by and subject to worldwide patent protection (United
  15:main.c        **** * States and foreign), United States copyright laws and international treaty
  16:main.c        **** * provisions. Cypress hereby grants to licensee a personal, non-exclusive,
  17:main.c        **** * non-transferable license to copy, use, modify, create derivative works of,
  18:main.c        **** * and compile the Cypress Source Code and derivative works for the sole
  19:main.c        **** * purpose of creating custom software in support of licensee product to be
  20:main.c        **** * used only in conjunction with a Cypress integrated circuit as specified in
  21:main.c        **** * the applicable agreement. Any reproduction, modification, translation,
  22:main.c        **** * compilation, or representation of this software except as specified above 
  23:main.c        **** * is prohibited without the express written permission of Cypress.
  24:main.c        **** *
  25:main.c        **** * Disclaimer: CYPRESS MAKES NO WARRANTY OF ANY KIND, EXPRESS OR IMPLIED, WITH 
  26:main.c        **** * REGARD TO THIS MATERIAL, INCLUDING, BUT NOT LIMITED TO, THE IMPLIED 
  27:main.c        **** * WARRANTIES OF MERCHANTABILITY AND FITNESS FOR A PARTICULAR PURPOSE.
  28:main.c        **** * Cypress reserves the right to make changes without further notice to the 
  29:main.c        **** * materials described herein. Cypress does not assume any liability arising out 
  30:main.c        **** * of the application or use of any product or circuit described herein. Cypress 
ARM GAS  C:\Users\npat025\AppData\Local\Temp\ccGIoztb.s 			page 2


  31:main.c        **** * does not authorize its products for use as critical components in life-support 
  32:main.c        **** * systems where a malfunction or failure may reasonably be expected to result in 
  33:main.c        **** * significant injury to the user. The inclusion of Cypress' product in a life-
  34:main.c        **** * support systems application implies that the manufacturer assumes all risk of 
  35:main.c        **** * such use and in doing so indemnifies Cypress against all charges. 
  36:main.c        **** *
  37:main.c        **** * Use of this Software may be limited by and subject to the applicable Cypress
  38:main.c        **** * software license agreement. 
  39:main.c        **** *******************************************************************************/
  40:main.c        **** 
  41:main.c        **** /*********************************************************************************
  42:main.c        **** *                           THEORY OF OPERATION
  43:main.c        **** * The Bootlader uses UART interface to bootload a new project. The Switch on the 
  44:main.c        **** * board needs to be pressed during power up to enter into the bootlader. The LED 
  45:main.c        **** * on the board blinks every 500ms to indicate that the bootloader is active and 
  46:main.c        **** * is ready for a bootload operation.
  47:main.c        **** * Default UART Port Configuration for bootloading the PSoC 4 in CY8CKIT-049-42xx
  48:main.c        **** * Baud Rate : 115200 bps
  49:main.c        **** * Data Bits : 8
  50:main.c        **** * Stop Bits : 1
  51:main.c        **** * Parity    : None
  52:main.c        **** * 
  53:main.c        **** * Note: Debugging is disabled in the System DWR Editor. To enable debugging, change
  54:main.c        **** *       the Debug Select to SWD in the System tab of the UART_Bootloader.cydwr file 
  55:main.c        **** ***********************************************************************************/
  56:main.c        **** 
  57:main.c        **** #include <project.h>
  58:main.c        **** 
  59:main.c        **** /* Define the Bootload Switch timeout in ms */
  60:main.c        **** #define SWITCH_PRESS_TIMEOUT 100
  61:main.c        **** 
  62:main.c        **** int main()
  63:main.c        **** {
  28              		.loc 1 63 0
  29              		.cfi_startproc
  30              		@ args = 0, pretend = 0, frame = 0
  31              		@ frame_needed = 0, uses_anonymous_args = 0
  32              	.LVL0:
  33 0000 10B5     		push	{r4, lr}
  34              		.cfi_def_cfa_offset 8
  35              		.cfi_offset 4, -8
  36              		.cfi_offset 14, -4
  64:main.c        ****     
  65:main.c        **** 	uint8 counter = 0;	
  66:main.c        **** 	
  67:main.c        **** 	/* Enable global interrupts*/
  68:main.c        **** 	CyGlobalIntEnable;
  37              		.loc 1 68 0
  38              		.syntax divided
  39              	@ 68 "main.c" 1
  40 0002 62B6     		CPSIE   i
  41              	@ 0 "" 2
  69:main.c        **** 	
  70:main.c        **** 	/* Check if the switch is pressed during power up */ 
  71:main.c        **** 	if(Boot_P0_7_Read() == 0)
  42              		.loc 1 71 0
  43              		.thumb
ARM GAS  C:\Users\npat025\AppData\Local\Temp\ccGIoztb.s 			page 3


  44              		.syntax unified
  45 0004 FFF7FEFF 		bl	Boot_P0_7_Read
  46              	.LVL1:
  47 0008 0028     		cmp	r0, #0
  48 000a 0ED1     		bne	.L6
  49 000c 6524     		movs	r4, #101
  50              	.LVL2:
  51              	.L3:
  72:main.c        **** 	{
  73:main.c        **** 		
  74:main.c        **** 		for(counter = 0; counter <= SWITCH_PRESS_TIMEOUT; counter++)
  75:main.c        **** 		{
  76:main.c        **** 			/* Delay for 1ms */
  77:main.c        **** 			CyDelay(1);
  52              		.loc 1 77 0
  53 000e 0120     		movs	r0, #1
  54 0010 FFF7FEFF 		bl	CyDelay
  55              	.LVL3:
  78:main.c        **** 				
  79:main.c        **** 			/* If the switch is released before specified time, do not enter the 
  80:main.c        **** 			 * bootloader */
  81:main.c        **** 			if(Boot_P0_7_Read() != 0)
  56              		.loc 1 81 0
  57 0014 FFF7FEFF 		bl	Boot_P0_7_Read
  58              	.LVL4:
  59 0018 0028     		cmp	r0, #0
  60 001a 06D1     		bne	.L6
  61              	.LVL5:
  62 001c 013C     		subs	r4, r4, #1
  63              	.LVL6:
  64 001e E4B2     		uxtb	r4, r4
  74:main.c        **** 		{
  65              		.loc 1 74 0 discriminator 2
  66 0020 002C     		cmp	r4, #0
  67 0022 F4D1     		bne	.L3
  82:main.c        **** 				break;
  83:main.c        **** 		}
  84:main.c        **** 						 
  85:main.c        **** 		if(counter > SWITCH_PRESS_TIMEOUT)
  86:main.c        **** 		{
  87:main.c        **** 			/* If the switch was pressed for more than 100 millisecond counter 
  88:main.c        **** 			 * value will be 100. If so, set the flash run type as bootloader to 
  89:main.c        **** 			 * wait for a bootload operation */
  90:main.c        **** 			Bootloader_SET_RUN_TYPE (Bootloader_START_BTLDR);
  68              		.loc 1 90 0
  69 0024 4022     		movs	r2, #64
  70 0026 034B     		ldr	r3, .L10
  71 0028 1A60     		str	r2, [r3]
  72              	.L6:
  91:main.c        **** 		}
  92:main.c        **** 	}
  93:main.c        **** 		
  94:main.c        **** 	/*Indicate that you have entered the bootloader mode.*/
  95:main.c        **** 	PWM_Start();
  73              		.loc 1 95 0
  74 002a FFF7FEFF 		bl	PWM_Start
  75              	.LVL7:
ARM GAS  C:\Users\npat025\AppData\Local\Temp\ccGIoztb.s 			page 4


  96:main.c        **** 	
  97:main.c        **** 	/* Start the Bootloader */
  98:main.c        **** 	Bootloader_Start();
  76              		.loc 1 98 0
  77 002e FFF7FEFF 		bl	Bootloader_Start
  78              	.LVL8:
  79              	.L5:
  80 0032 FEE7     		b	.L5
  81              	.L11:
  82              		.align	2
  83              	.L10:
  84 0034 00000000 		.word	cyBtldrRunType
  85              		.cfi_endproc
  86              	.LFE32:
  87              		.size	main, .-main
  88              		.text
  89              	.Letext0:
  90              		.file 2 "Generated_Source\\PSoC4/cytypes.h"
  91              		.file 3 "Generated_Source\\PSoC4/Boot_P0_7.h"
  92              		.file 4 "Generated_Source\\PSoC4/CyLib.h"
  93              		.file 5 "Generated_Source\\PSoC4/PWM.h"
  94              		.file 6 "Generated_Source\\PSoC4/Bootloader.h"
  95              		.section	.debug_info,"",%progbits
  96              	.Ldebug_info0:
  97 0000 40010000 		.4byte	0x140
  98 0004 0400     		.2byte	0x4
  99 0006 00000000 		.4byte	.Ldebug_abbrev0
 100 000a 04       		.byte	0x4
 101 000b 01       		.uleb128 0x1
 102 000c 98000000 		.4byte	.LASF20
 103 0010 0C       		.byte	0xc
 104 0011 31000000 		.4byte	.LASF21
 105 0015 56010000 		.4byte	.LASF22
 106 0019 00000000 		.4byte	.Ldebug_ranges0+0
 107 001d 00000000 		.4byte	0
 108 0021 00000000 		.4byte	.Ldebug_line0
 109 0025 02       		.uleb128 0x2
 110 0026 01       		.byte	0x1
 111 0027 06       		.byte	0x6
 112 0028 F3010000 		.4byte	.LASF0
 113 002c 02       		.uleb128 0x2
 114 002d 01       		.byte	0x1
 115 002e 08       		.byte	0x8
 116 002f 30010000 		.4byte	.LASF1
 117 0033 02       		.uleb128 0x2
 118 0034 02       		.byte	0x2
 119 0035 05       		.byte	0x5
 120 0036 4C010000 		.4byte	.LASF2
 121 003a 02       		.uleb128 0x2
 122 003b 02       		.byte	0x2
 123 003c 07       		.byte	0x7
 124 003d 85000000 		.4byte	.LASF3
 125 0041 02       		.uleb128 0x2
 126 0042 04       		.byte	0x4
 127 0043 05       		.byte	0x5
 128 0044 43010000 		.4byte	.LASF4
 129 0048 02       		.uleb128 0x2
ARM GAS  C:\Users\npat025\AppData\Local\Temp\ccGIoztb.s 			page 5


 130 0049 04       		.byte	0x4
 131 004a 07       		.byte	0x7
 132 004b 5C000000 		.4byte	.LASF5
 133 004f 02       		.uleb128 0x2
 134 0050 08       		.byte	0x8
 135 0051 05       		.byte	0x5
 136 0052 00000000 		.4byte	.LASF6
 137 0056 02       		.uleb128 0x2
 138 0057 08       		.byte	0x8
 139 0058 07       		.byte	0x7
 140 0059 6E000000 		.4byte	.LASF7
 141 005d 03       		.uleb128 0x3
 142 005e 04       		.byte	0x4
 143 005f 05       		.byte	0x5
 144 0060 696E7400 		.ascii	"int\000"
 145 0064 02       		.uleb128 0x2
 146 0065 04       		.byte	0x4
 147 0066 07       		.byte	0x7
 148 0067 15000000 		.4byte	.LASF8
 149 006b 04       		.uleb128 0x4
 150 006c 56000000 		.4byte	.LASF9
 151 0070 02       		.byte	0x2
 152 0071 FC01     		.2byte	0x1fc
 153 0073 2C000000 		.4byte	0x2c
 154 0077 04       		.uleb128 0x4
 155 0078 0E000000 		.4byte	.LASF10
 156 007c 02       		.byte	0x2
 157 007d FE01     		.2byte	0x1fe
 158 007f 48000000 		.4byte	0x48
 159 0083 02       		.uleb128 0x2
 160 0084 04       		.byte	0x4
 161 0085 04       		.byte	0x4
 162 0086 0B020000 		.4byte	.LASF11
 163 008a 02       		.uleb128 0x2
 164 008b 08       		.byte	0x8
 165 008c 04       		.byte	0x4
 166 008d D5010000 		.4byte	.LASF12
 167 0091 02       		.uleb128 0x2
 168 0092 01       		.byte	0x1
 169 0093 08       		.byte	0x8
 170 0094 3E010000 		.4byte	.LASF13
 171 0098 05       		.uleb128 0x5
 172 0099 77000000 		.4byte	0x77
 173 009d 02       		.uleb128 0x2
 174 009e 08       		.byte	0x8
 175 009f 04       		.byte	0x4
 176 00a0 FF010000 		.4byte	.LASF14
 177 00a4 02       		.uleb128 0x2
 178 00a5 04       		.byte	0x4
 179 00a6 07       		.byte	0x7
 180 00a7 11020000 		.4byte	.LASF15
 181 00ab 06       		.uleb128 0x6
 182 00ac 49000000 		.4byte	.LASF23
 183 00b0 01       		.byte	0x1
 184 00b1 3E       		.byte	0x3e
 185 00b2 5D000000 		.4byte	0x5d
 186 00b6 00000000 		.4byte	.LFB32
ARM GAS  C:\Users\npat025\AppData\Local\Temp\ccGIoztb.s 			page 6


 187 00ba 38000000 		.4byte	.LFE32-.LFB32
 188 00be 01       		.uleb128 0x1
 189 00bf 9C       		.byte	0x9c
 190 00c0 0B010000 		.4byte	0x10b
 191 00c4 07       		.uleb128 0x7
 192 00c5 DC010000 		.4byte	.LASF24
 193 00c9 01       		.byte	0x1
 194 00ca 41       		.byte	0x41
 195 00cb 6B000000 		.4byte	0x6b
 196 00cf 00000000 		.4byte	.LLST0
 197 00d3 08       		.uleb128 0x8
 198 00d4 08000000 		.4byte	.LVL1
 199 00d8 16010000 		.4byte	0x116
 200 00dc 09       		.uleb128 0x9
 201 00dd 14000000 		.4byte	.LVL3
 202 00e1 21010000 		.4byte	0x121
 203 00e5 EF000000 		.4byte	0xef
 204 00e9 0A       		.uleb128 0xa
 205 00ea 01       		.uleb128 0x1
 206 00eb 50       		.byte	0x50
 207 00ec 01       		.uleb128 0x1
 208 00ed 31       		.byte	0x31
 209 00ee 00       		.byte	0
 210 00ef 08       		.uleb128 0x8
 211 00f0 18000000 		.4byte	.LVL4
 212 00f4 16010000 		.4byte	0x116
 213 00f8 08       		.uleb128 0x8
 214 00f9 2E000000 		.4byte	.LVL7
 215 00fd 2C010000 		.4byte	0x12c
 216 0101 08       		.uleb128 0x8
 217 0102 32000000 		.4byte	.LVL8
 218 0106 38010000 		.4byte	0x138
 219 010a 00       		.byte	0
 220 010b 0B       		.uleb128 0xb
 221 010c E4010000 		.4byte	.LASF25
 222 0110 06       		.byte	0x6
 223 0111 A8       		.byte	0xa8
 224 0112 98000000 		.4byte	0x98
 225 0116 0C       		.uleb128 0xc
 226 0117 22000000 		.4byte	.LASF16
 227 011b 22000000 		.4byte	.LASF16
 228 011f 03       		.byte	0x3
 229 0120 32       		.byte	0x32
 230 0121 0C       		.uleb128 0xc
 231 0122 4E000000 		.4byte	.LASF17
 232 0126 4E000000 		.4byte	.LASF17
 233 012a 04       		.byte	0x4
 234 012b EC       		.byte	0xec
 235 012c 0D       		.uleb128 0xd
 236 012d 26010000 		.4byte	.LASF18
 237 0131 26010000 		.4byte	.LASF18
 238 0135 05       		.byte	0x5
 239 0136 3201     		.2byte	0x132
 240 0138 0C       		.uleb128 0xc
 241 0139 38000000 		.4byte	.LASF19
 242 013d 38000000 		.4byte	.LASF19
 243 0141 06       		.byte	0x6
ARM GAS  C:\Users\npat025\AppData\Local\Temp\ccGIoztb.s 			page 7


 244 0142 E6       		.byte	0xe6
 245 0143 00       		.byte	0
 246              		.section	.debug_abbrev,"",%progbits
 247              	.Ldebug_abbrev0:
 248 0000 01       		.uleb128 0x1
 249 0001 11       		.uleb128 0x11
 250 0002 01       		.byte	0x1
 251 0003 25       		.uleb128 0x25
 252 0004 0E       		.uleb128 0xe
 253 0005 13       		.uleb128 0x13
 254 0006 0B       		.uleb128 0xb
 255 0007 03       		.uleb128 0x3
 256 0008 0E       		.uleb128 0xe
 257 0009 1B       		.uleb128 0x1b
 258 000a 0E       		.uleb128 0xe
 259 000b 55       		.uleb128 0x55
 260 000c 17       		.uleb128 0x17
 261 000d 11       		.uleb128 0x11
 262 000e 01       		.uleb128 0x1
 263 000f 10       		.uleb128 0x10
 264 0010 17       		.uleb128 0x17
 265 0011 00       		.byte	0
 266 0012 00       		.byte	0
 267 0013 02       		.uleb128 0x2
 268 0014 24       		.uleb128 0x24
 269 0015 00       		.byte	0
 270 0016 0B       		.uleb128 0xb
 271 0017 0B       		.uleb128 0xb
 272 0018 3E       		.uleb128 0x3e
 273 0019 0B       		.uleb128 0xb
 274 001a 03       		.uleb128 0x3
 275 001b 0E       		.uleb128 0xe
 276 001c 00       		.byte	0
 277 001d 00       		.byte	0
 278 001e 03       		.uleb128 0x3
 279 001f 24       		.uleb128 0x24
 280 0020 00       		.byte	0
 281 0021 0B       		.uleb128 0xb
 282 0022 0B       		.uleb128 0xb
 283 0023 3E       		.uleb128 0x3e
 284 0024 0B       		.uleb128 0xb
 285 0025 03       		.uleb128 0x3
 286 0026 08       		.uleb128 0x8
 287 0027 00       		.byte	0
 288 0028 00       		.byte	0
 289 0029 04       		.uleb128 0x4
 290 002a 16       		.uleb128 0x16
 291 002b 00       		.byte	0
 292 002c 03       		.uleb128 0x3
 293 002d 0E       		.uleb128 0xe
 294 002e 3A       		.uleb128 0x3a
 295 002f 0B       		.uleb128 0xb
 296 0030 3B       		.uleb128 0x3b
 297 0031 05       		.uleb128 0x5
 298 0032 49       		.uleb128 0x49
 299 0033 13       		.uleb128 0x13
 300 0034 00       		.byte	0
ARM GAS  C:\Users\npat025\AppData\Local\Temp\ccGIoztb.s 			page 8


 301 0035 00       		.byte	0
 302 0036 05       		.uleb128 0x5
 303 0037 35       		.uleb128 0x35
 304 0038 00       		.byte	0
 305 0039 49       		.uleb128 0x49
 306 003a 13       		.uleb128 0x13
 307 003b 00       		.byte	0
 308 003c 00       		.byte	0
 309 003d 06       		.uleb128 0x6
 310 003e 2E       		.uleb128 0x2e
 311 003f 01       		.byte	0x1
 312 0040 3F       		.uleb128 0x3f
 313 0041 19       		.uleb128 0x19
 314 0042 03       		.uleb128 0x3
 315 0043 0E       		.uleb128 0xe
 316 0044 3A       		.uleb128 0x3a
 317 0045 0B       		.uleb128 0xb
 318 0046 3B       		.uleb128 0x3b
 319 0047 0B       		.uleb128 0xb
 320 0048 49       		.uleb128 0x49
 321 0049 13       		.uleb128 0x13
 322 004a 8701     		.uleb128 0x87
 323 004c 19       		.uleb128 0x19
 324 004d 11       		.uleb128 0x11
 325 004e 01       		.uleb128 0x1
 326 004f 12       		.uleb128 0x12
 327 0050 06       		.uleb128 0x6
 328 0051 40       		.uleb128 0x40
 329 0052 18       		.uleb128 0x18
 330 0053 9742     		.uleb128 0x2117
 331 0055 19       		.uleb128 0x19
 332 0056 01       		.uleb128 0x1
 333 0057 13       		.uleb128 0x13
 334 0058 00       		.byte	0
 335 0059 00       		.byte	0
 336 005a 07       		.uleb128 0x7
 337 005b 34       		.uleb128 0x34
 338 005c 00       		.byte	0
 339 005d 03       		.uleb128 0x3
 340 005e 0E       		.uleb128 0xe
 341 005f 3A       		.uleb128 0x3a
 342 0060 0B       		.uleb128 0xb
 343 0061 3B       		.uleb128 0x3b
 344 0062 0B       		.uleb128 0xb
 345 0063 49       		.uleb128 0x49
 346 0064 13       		.uleb128 0x13
 347 0065 02       		.uleb128 0x2
 348 0066 17       		.uleb128 0x17
 349 0067 00       		.byte	0
 350 0068 00       		.byte	0
 351 0069 08       		.uleb128 0x8
 352 006a 898201   		.uleb128 0x4109
 353 006d 00       		.byte	0
 354 006e 11       		.uleb128 0x11
 355 006f 01       		.uleb128 0x1
 356 0070 31       		.uleb128 0x31
 357 0071 13       		.uleb128 0x13
ARM GAS  C:\Users\npat025\AppData\Local\Temp\ccGIoztb.s 			page 9


 358 0072 00       		.byte	0
 359 0073 00       		.byte	0
 360 0074 09       		.uleb128 0x9
 361 0075 898201   		.uleb128 0x4109
 362 0078 01       		.byte	0x1
 363 0079 11       		.uleb128 0x11
 364 007a 01       		.uleb128 0x1
 365 007b 31       		.uleb128 0x31
 366 007c 13       		.uleb128 0x13
 367 007d 01       		.uleb128 0x1
 368 007e 13       		.uleb128 0x13
 369 007f 00       		.byte	0
 370 0080 00       		.byte	0
 371 0081 0A       		.uleb128 0xa
 372 0082 8A8201   		.uleb128 0x410a
 373 0085 00       		.byte	0
 374 0086 02       		.uleb128 0x2
 375 0087 18       		.uleb128 0x18
 376 0088 9142     		.uleb128 0x2111
 377 008a 18       		.uleb128 0x18
 378 008b 00       		.byte	0
 379 008c 00       		.byte	0
 380 008d 0B       		.uleb128 0xb
 381 008e 34       		.uleb128 0x34
 382 008f 00       		.byte	0
 383 0090 03       		.uleb128 0x3
 384 0091 0E       		.uleb128 0xe
 385 0092 3A       		.uleb128 0x3a
 386 0093 0B       		.uleb128 0xb
 387 0094 3B       		.uleb128 0x3b
 388 0095 0B       		.uleb128 0xb
 389 0096 49       		.uleb128 0x49
 390 0097 13       		.uleb128 0x13
 391 0098 3F       		.uleb128 0x3f
 392 0099 19       		.uleb128 0x19
 393 009a 3C       		.uleb128 0x3c
 394 009b 19       		.uleb128 0x19
 395 009c 00       		.byte	0
 396 009d 00       		.byte	0
 397 009e 0C       		.uleb128 0xc
 398 009f 2E       		.uleb128 0x2e
 399 00a0 00       		.byte	0
 400 00a1 3F       		.uleb128 0x3f
 401 00a2 19       		.uleb128 0x19
 402 00a3 3C       		.uleb128 0x3c
 403 00a4 19       		.uleb128 0x19
 404 00a5 6E       		.uleb128 0x6e
 405 00a6 0E       		.uleb128 0xe
 406 00a7 03       		.uleb128 0x3
 407 00a8 0E       		.uleb128 0xe
 408 00a9 3A       		.uleb128 0x3a
 409 00aa 0B       		.uleb128 0xb
 410 00ab 3B       		.uleb128 0x3b
 411 00ac 0B       		.uleb128 0xb
 412 00ad 00       		.byte	0
 413 00ae 00       		.byte	0
 414 00af 0D       		.uleb128 0xd
ARM GAS  C:\Users\npat025\AppData\Local\Temp\ccGIoztb.s 			page 10


 415 00b0 2E       		.uleb128 0x2e
 416 00b1 00       		.byte	0
 417 00b2 3F       		.uleb128 0x3f
 418 00b3 19       		.uleb128 0x19
 419 00b4 3C       		.uleb128 0x3c
 420 00b5 19       		.uleb128 0x19
 421 00b6 6E       		.uleb128 0x6e
 422 00b7 0E       		.uleb128 0xe
 423 00b8 03       		.uleb128 0x3
 424 00b9 0E       		.uleb128 0xe
 425 00ba 3A       		.uleb128 0x3a
 426 00bb 0B       		.uleb128 0xb
 427 00bc 3B       		.uleb128 0x3b
 428 00bd 05       		.uleb128 0x5
 429 00be 00       		.byte	0
 430 00bf 00       		.byte	0
 431 00c0 00       		.byte	0
 432              		.section	.debug_loc,"",%progbits
 433              	.Ldebug_loc0:
 434              	.LLST0:
 435 0000 00000000 		.4byte	.LVL0
 436 0004 0E000000 		.4byte	.LVL2
 437 0008 0200     		.2byte	0x2
 438 000a 30       		.byte	0x30
 439 000b 9F       		.byte	0x9f
 440 000c 0E000000 		.4byte	.LVL2
 441 0010 1C000000 		.4byte	.LVL5
 442 0014 0600     		.2byte	0x6
 443 0016 08       		.byte	0x8
 444 0017 65       		.byte	0x65
 445 0018 74       		.byte	0x74
 446 0019 00       		.sleb128 0
 447 001a 1C       		.byte	0x1c
 448 001b 9F       		.byte	0x9f
 449 001c 1C000000 		.4byte	.LVL5
 450 0020 1E000000 		.4byte	.LVL6
 451 0024 0600     		.2byte	0x6
 452 0026 08       		.byte	0x8
 453 0027 66       		.byte	0x66
 454 0028 74       		.byte	0x74
 455 0029 00       		.sleb128 0
 456 002a 1C       		.byte	0x1c
 457 002b 9F       		.byte	0x9f
 458 002c 00000000 		.4byte	0
 459 0030 00000000 		.4byte	0
 460              		.section	.debug_aranges,"",%progbits
 461 0000 1C000000 		.4byte	0x1c
 462 0004 0200     		.2byte	0x2
 463 0006 00000000 		.4byte	.Ldebug_info0
 464 000a 04       		.byte	0x4
 465 000b 00       		.byte	0
 466 000c 0000     		.2byte	0
 467 000e 0000     		.2byte	0
 468 0010 00000000 		.4byte	.LFB32
 469 0014 38000000 		.4byte	.LFE32-.LFB32
 470 0018 00000000 		.4byte	0
 471 001c 00000000 		.4byte	0
ARM GAS  C:\Users\npat025\AppData\Local\Temp\ccGIoztb.s 			page 11


 472              		.section	.debug_ranges,"",%progbits
 473              	.Ldebug_ranges0:
 474 0000 00000000 		.4byte	.LFB32
 475 0004 38000000 		.4byte	.LFE32
 476 0008 00000000 		.4byte	0
 477 000c 00000000 		.4byte	0
 478              		.section	.debug_line,"",%progbits
 479              	.Ldebug_line0:
 480 0000 99000000 		.section	.debug_str,"MS",%progbits,1
 480      02007400 
 480      00000201 
 480      FB0E0D00 
 480      01010101 
 481              	.LASF6:
 482 0000 6C6F6E67 		.ascii	"long long int\000"
 482      206C6F6E 
 482      6720696E 
 482      7400
 483              	.LASF10:
 484 000e 75696E74 		.ascii	"uint32\000"
 484      333200
 485              	.LASF8:
 486 0015 756E7369 		.ascii	"unsigned int\000"
 486      676E6564 
 486      20696E74 
 486      00
 487              	.LASF16:
 488 0022 426F6F74 		.ascii	"Boot_P0_7_Read\000"
 488      5F50305F 
 488      375F5265 
 488      616400
 489              	.LASF21:
 490 0031 6D61696E 		.ascii	"main.c\000"
 490      2E6300
 491              	.LASF19:
 492 0038 426F6F74 		.ascii	"Bootloader_Start\000"
 492      6C6F6164 
 492      65725F53 
 492      74617274 
 492      00
 493              	.LASF23:
 494 0049 6D61696E 		.ascii	"main\000"
 494      00
 495              	.LASF17:
 496 004e 43794465 		.ascii	"CyDelay\000"
 496      6C617900 
 497              	.LASF9:
 498 0056 75696E74 		.ascii	"uint8\000"
 498      3800
 499              	.LASF5:
 500 005c 6C6F6E67 		.ascii	"long unsigned int\000"
 500      20756E73 
 500      69676E65 
 500      6420696E 
 500      7400
 501              	.LASF7:
 502 006e 6C6F6E67 		.ascii	"long long unsigned int\000"
ARM GAS  C:\Users\npat025\AppData\Local\Temp\ccGIoztb.s 			page 12


 502      206C6F6E 
 502      6720756E 
 502      7369676E 
 502      65642069 
 503              	.LASF3:
 504 0085 73686F72 		.ascii	"short unsigned int\000"
 504      7420756E 
 504      7369676E 
 504      65642069 
 504      6E7400
 505              	.LASF20:
 506 0098 474E5520 		.ascii	"GNU C11 5.4.1 20160609 (release) [ARM/embedded-5-br"
 506      43313120 
 506      352E342E 
 506      31203230 
 506      31363036 
 507 00cb 616E6368 		.ascii	"anch revision 237715] -mcpu=cortex-m0 -mthumb -g -O"
 507      20726576 
 507      6973696F 
 507      6E203233 
 507      37373135 
 508 00fe 73202D66 		.ascii	"s -ffunction-sections -ffat-lto-objects\000"
 508      66756E63 
 508      74696F6E 
 508      2D736563 
 508      74696F6E 
 509              	.LASF18:
 510 0126 50574D5F 		.ascii	"PWM_Start\000"
 510      53746172 
 510      7400
 511              	.LASF1:
 512 0130 756E7369 		.ascii	"unsigned char\000"
 512      676E6564 
 512      20636861 
 512      7200
 513              	.LASF13:
 514 013e 63686172 		.ascii	"char\000"
 514      00
 515              	.LASF4:
 516 0143 6C6F6E67 		.ascii	"long int\000"
 516      20696E74 
 516      00
 517              	.LASF2:
 518 014c 73686F72 		.ascii	"short int\000"
 518      7420696E 
 518      7400
 519              	.LASF22:
 520 0156 433A5C55 		.ascii	"C:\\Users\\npat025\\Dropbox (Uni of Auckland)\\mois"
 520      73657273 
 520      5C6E7061 
 520      74303235 
 520      5C44726F 
 521 0185 74757265 		.ascii	"ture\\moisturesensor\\kit049\\watersense\\SCB_Bootl"
 521      5C6D6F69 
 521      73747572 
 521      6573656E 
 521      736F725C 
ARM GAS  C:\Users\npat025\AppData\Local\Temp\ccGIoztb.s 			page 13


 522 01b4 6F616465 		.ascii	"oader_42xx\\UART_Bootloader.cydsn\000"
 522      725F3432 
 522      78785C55 
 522      4152545F 
 522      426F6F74 
 523              	.LASF12:
 524 01d5 646F7562 		.ascii	"double\000"
 524      6C6500
 525              	.LASF24:
 526 01dc 636F756E 		.ascii	"counter\000"
 526      74657200 
 527              	.LASF25:
 528 01e4 63794274 		.ascii	"cyBtldrRunType\000"
 528      6C647252 
 528      756E5479 
 528      706500
 529              	.LASF0:
 530 01f3 7369676E 		.ascii	"signed char\000"
 530      65642063 
 530      68617200 
 531              	.LASF14:
 532 01ff 6C6F6E67 		.ascii	"long double\000"
 532      20646F75 
 532      626C6500 
 533              	.LASF11:
 534 020b 666C6F61 		.ascii	"float\000"
 534      7400
 535              	.LASF15:
 536 0211 73697A65 		.ascii	"sizetype\000"
 536      74797065 
 536      00
 537              		.ident	"GCC: (GNU Tools for ARM Embedded Processors) 5.4.1 20160609 (release) [ARM/embedded-5-bran
