ARM GAS  C:\Users\ash750\AppData\Local\Temp\ccY1VG8s.s 			page 1


   1              		.syntax unified
   2              		.cpu cortex-m3
   3              		.fpu softvfp
   4              		.eabi_attribute 20, 1
   5              		.eabi_attribute 21, 1
   6              		.eabi_attribute 23, 3
   7              		.eabi_attribute 24, 1
   8              		.eabi_attribute 25, 1
   9              		.eabi_attribute 26, 1
  10              		.eabi_attribute 30, 6
  11              		.eabi_attribute 34, 1
  12              		.eabi_attribute 18, 4
  13              		.thumb
  14              		.syntax unified
  15              		.file	"cymetadata.c"
  16              		.text
  17              	.Ltext0:
  18              		.cfi_sections	.debug_frame
  19              		.global	cy_meta_configecc
  20              		.section	.cyconfigecc,"a",%progbits
  21              		.align	2
  22              		.type	cy_meta_configecc, %object
  23              		.size	cy_meta_configecc, 1876
  24              	cy_meta_configecc:
  25 0000 01       		.byte	1
  26 0001 45       		.byte	69
  27 0002 00       		.byte	0
  28 0003 40       		.byte	64
  29 0004 01       		.byte	1
  30 0005 4F       		.byte	79
  31 0006 00       		.byte	0
  32 0007 40       		.byte	64
  33 0008 0A       		.byte	10
  34 0009 52       		.byte	82
  35 000a 00       		.byte	0
  36 000b 40       		.byte	64
  37 000c 01       		.byte	1
  38 000d 5B       		.byte	91
  39 000e 00       		.byte	0
  40 000f 40       		.byte	64
  41 0010 01       		.byte	1
  42 0011 64       		.byte	100
  43 0012 00       		.byte	0
  44 0013 40       		.byte	64
  45 0014 35       		.byte	53
  46 0015 00       		.byte	0
  47 0016 01       		.byte	1
  48 0017 40       		.byte	64
  49 0018 2C       		.byte	44
  50 0019 01       		.byte	1
  51 001a 01       		.byte	1
  52 001b 40       		.byte	64
  53 001c 2C       		.byte	44
  54 001d 02       		.byte	2
  55 001e 01       		.byte	1
  56 001f 40       		.byte	64
  57 0020 3B       		.byte	59
ARM GAS  C:\Users\ash750\AppData\Local\Temp\ccY1VG8s.s 			page 2


  58 0021 03       		.byte	3
  59 0022 01       		.byte	1
  60 0023 40       		.byte	64
  61 0024 1F       		.byte	31
  62 0025 04       		.byte	4
  63 0026 01       		.byte	1
  64 0027 40       		.byte	64
  65 0028 4A       		.byte	74
  66 0029 05       		.byte	5
  67 002a 01       		.byte	1
  68 002b 40       		.byte	64
  69 002c 11       		.byte	17
  70 002d 06       		.byte	6
  71 002e 01       		.byte	1
  72 002f 40       		.byte	64
  73 0030 37       		.byte	55
  74 0031 07       		.byte	7
  75 0032 01       		.byte	1
  76 0033 40       		.byte	64
  77 0034 02       		.byte	2
  78 0035 09       		.byte	9
  79 0036 01       		.byte	1
  80 0037 40       		.byte	64
  81 0038 01       		.byte	1
  82 0039 0B       		.byte	11
  83 003a 01       		.byte	1
  84 003b 40       		.byte	64
  85 003c 05       		.byte	5
  86 003d 0D       		.byte	13
  87 003e 01       		.byte	1
  88 003f 40       		.byte	64
  89 0040 01       		.byte	1
  90 0041 0F       		.byte	15
  91 0042 01       		.byte	1
  92 0043 40       		.byte	64
  93 0044 35       		.byte	53
  94 0045 14       		.byte	20
  95 0046 01       		.byte	1
  96 0047 40       		.byte	64
  97 0048 3C       		.byte	60
  98 0049 15       		.byte	21
  99 004a 01       		.byte	1
 100 004b 40       		.byte	64
 101 004c 39       		.byte	57
 102 004d 16       		.byte	22
 103 004e 01       		.byte	1
 104 004f 40       		.byte	64
 105 0050 40       		.byte	64
 106 0051 17       		.byte	23
 107 0052 01       		.byte	1
 108 0053 40       		.byte	64
 109 0054 03       		.byte	3
 110 0055 19       		.byte	25
 111 0056 01       		.byte	1
 112 0057 40       		.byte	64
 113 0058 02       		.byte	2
 114 0059 1B       		.byte	27
ARM GAS  C:\Users\ash750\AppData\Local\Temp\ccY1VG8s.s 			page 3


 115 005a 01       		.byte	1
 116 005b 40       		.byte	64
 117 005c 10       		.byte	16
 118 005d 40       		.byte	64
 119 005e 01       		.byte	1
 120 005f 40       		.byte	64
 121 0060 15       		.byte	21
 122 0061 41       		.byte	65
 123 0062 01       		.byte	1
 124 0063 40       		.byte	64
 125 0064 11       		.byte	17
 126 0065 42       		.byte	66
 127 0066 01       		.byte	1
 128 0067 40       		.byte	64
 129 0068 0C       		.byte	12
 130 0069 43       		.byte	67
 131 006a 01       		.byte	1
 132 006b 40       		.byte	64
 133 006c 01       		.byte	1
 134 006d 44       		.byte	68
 135 006e 01       		.byte	1
 136 006f 40       		.byte	64
 137 0070 14       		.byte	20
 138 0071 45       		.byte	69
 139 0072 01       		.byte	1
 140 0073 40       		.byte	64
 141 0074 13       		.byte	19
 142 0075 46       		.byte	70
 143 0076 01       		.byte	1
 144 0077 40       		.byte	64
 145 0078 13       		.byte	19
 146 0079 47       		.byte	71
 147 007a 01       		.byte	1
 148 007b 40       		.byte	64
 149 007c 16       		.byte	22
 150 007d 48       		.byte	72
 151 007e 01       		.byte	1
 152 007f 40       		.byte	64
 153 0080 15       		.byte	21
 154 0081 49       		.byte	73
 155 0082 01       		.byte	1
 156 0083 40       		.byte	64
 157 0084 0C       		.byte	12
 158 0085 4C       		.byte	76
 159 0086 01       		.byte	1
 160 0087 40       		.byte	64
 161 0088 03       		.byte	3
 162 0089 4D       		.byte	77
 163 008a 01       		.byte	1
 164 008b 40       		.byte	64
 165 008c 08       		.byte	8
 166 008d 50       		.byte	80
 167 008e 01       		.byte	1
 168 008f 40       		.byte	64
 169 0090 03       		.byte	3
 170 0091 51       		.byte	81
 171 0092 01       		.byte	1
ARM GAS  C:\Users\ash750\AppData\Local\Temp\ccY1VG8s.s 			page 4


 172 0093 40       		.byte	64
 173 0094 7E       		.byte	126
 174 0095 02       		.byte	2
 175 0096 0A       		.byte	10
 176 0097 4B       		.byte	75
 177 0098 00       		.byte	0
 178 0099 C1       		.byte	-63
 179 009a 01       		.byte	1
 180 009b 95       		.byte	-107
 181 009c 08       		.byte	8
 182 009d 80       		.byte	-128
 183 009e 10       		.byte	16
 184 009f 55       		.byte	85
 185 00a0 11       		.byte	17
 186 00a1 96       		.byte	-106
 187 00a2 18       		.byte	24
 188 00a3 36       		.byte	54
 189 00a4 19       		.byte	25
 190 00a5 AC       		.byte	-84
 191 00a6 78       		.byte	120
 192 00a7 28       		.byte	40
 193 00a8 79       		.byte	121
 194 00a9 0A       		.byte	10
 195 00aa 7C       		.byte	124
 196 00ab 40       		.byte	64
 197 00ac 27       		.byte	39
 198 00ad 84       		.byte	-124
 199 00ae 84       		.byte	-124
 200 00af 18       		.byte	24
 201 00b0 01       		.byte	1
 202 00b1 01       		.byte	1
 203 00b2 04       		.byte	4
 204 00b3 01       		.byte	1
 205 00b4 05       		.byte	5
 206 00b5 04       		.byte	4
 207 00b6 07       		.byte	7
 208 00b7 01       		.byte	1
 209 00b8 09       		.byte	9
 210 00b9 0F       		.byte	15
 211 00ba 0A       		.byte	10
 212 00bb 01       		.byte	1
 213 00bc 0D       		.byte	13
 214 00bd 10       		.byte	16
 215 00be 0E       		.byte	14
 216 00bf 01       		.byte	1
 217 00c0 12       		.byte	18
 218 00c1 01       		.byte	1
 219 00c2 15       		.byte	21
 220 00c3 07       		.byte	7
 221 00c4 17       		.byte	23
 222 00c5 08       		.byte	8
 223 00c6 18       		.byte	24
 224 00c7 01       		.byte	1
 225 00c8 19       		.byte	25
 226 00c9 0A       		.byte	10
 227 00ca 1B       		.byte	27
 228 00cb 05       		.byte	5
ARM GAS  C:\Users\ash750\AppData\Local\Temp\ccY1VG8s.s 			page 5


 229 00cc 1C       		.byte	28
 230 00cd 01       		.byte	1
 231 00ce 1F       		.byte	31
 232 00cf 02       		.byte	2
 233 00d0 27       		.byte	39
 234 00d1 30       		.byte	48
 235 00d2 2E       		.byte	46
 236 00d3 01       		.byte	1
 237 00d4 30       		.byte	48
 238 00d5 01       		.byte	1
 239 00d6 31       		.byte	49
 240 00d7 20       		.byte	32
 241 00d8 33       		.byte	51
 242 00d9 03       		.byte	3
 243 00da 35       		.byte	53
 244 00db 0C       		.byte	12
 245 00dc 37       		.byte	55
 246 00dd 10       		.byte	16
 247 00de 52       		.byte	82
 248 00df 03       		.byte	3
 249 00e0 53       		.byte	83
 250 00e1 02       		.byte	2
 251 00e2 58       		.byte	88
 252 00e3 04       		.byte	4
 253 00e4 59       		.byte	89
 254 00e5 0C       		.byte	12
 255 00e6 5B       		.byte	91
 256 00e7 04       		.byte	4
 257 00e8 5F       		.byte	95
 258 00e9 01       		.byte	1
 259 00ea 84       		.byte	-124
 260 00eb 02       		.byte	2
 261 00ec 86       		.byte	-122
 262 00ed 01       		.byte	1
 263 00ee 88       		.byte	-120
 264 00ef 01       		.byte	1
 265 00f0 89       		.byte	-119
 266 00f1 03       		.byte	3
 267 00f2 8A       		.byte	-118
 268 00f3 02       		.byte	2
 269 00f4 8C       		.byte	-116
 270 00f5 03       		.byte	3
 271 00f6 91       		.byte	-111
 272 00f7 03       		.byte	3
 273 00f8 92       		.byte	-110
 274 00f9 03       		.byte	3
 275 00fa 95       		.byte	-107
 276 00fb 03       		.byte	3
 277 00fc 9A       		.byte	-102
 278 00fd 03       		.byte	3
 279 00fe 9C       		.byte	-100
 280 00ff 03       		.byte	3
 281 0100 9F       		.byte	-97
 282 0101 03       		.byte	3
 283 0102 A1       		.byte	-95
 284 0103 02       		.byte	2
 285 0104 A2       		.byte	-94
ARM GAS  C:\Users\ash750\AppData\Local\Temp\ccY1VG8s.s 			page 6


 286 0105 03       		.byte	3
 287 0106 A3       		.byte	-93
 288 0107 01       		.byte	1
 289 0108 A5       		.byte	-91
 290 0109 03       		.byte	3
 291 010a AD       		.byte	-83
 292 010b 03       		.byte	3
 293 010c B1       		.byte	-79
 294 010d 01       		.byte	1
 295 010e B2       		.byte	-78
 296 010f 02       		.byte	2
 297 0110 B5       		.byte	-75
 298 0111 02       		.byte	2
 299 0112 B6       		.byte	-74
 300 0113 01       		.byte	1
 301 0114 D8       		.byte	-40
 302 0115 04       		.byte	4
 303 0116 D9       		.byte	-39
 304 0117 04       		.byte	4
 305 0118 DF       		.byte	-33
 306 0119 01       		.byte	1
 307 011a 00       		.byte	0
 308 011b 20       		.byte	32
 309 011c 01       		.byte	1
 310 011d 08       		.byte	8
 311 011e 02       		.byte	2
 312 011f 02       		.byte	2
 313 0120 05       		.byte	5
 314 0121 88       		.byte	-120
 315 0122 07       		.byte	7
 316 0123 04       		.byte	4
 317 0124 08       		.byte	8
 318 0125 11       		.byte	17
 319 0126 0B       		.byte	11
 320 0127 02       		.byte	2
 321 0128 0C       		.byte	12
 322 0129 21       		.byte	33
 323 012a 0E       		.byte	14
 324 012b 81       		.byte	-127
 325 012c 0F       		.byte	15
 326 012d 80       		.byte	-128
 327 012e 12       		.byte	18
 328 012f 01       		.byte	1
 329 0130 17       		.byte	23
 330 0131 02       		.byte	2
 331 0132 1A       		.byte	26
 332 0133 80       		.byte	-128
 333 0134 1F       		.byte	31
 334 0135 48       		.byte	72
 335 0136 20       		.byte	32
 336 0137 40       		.byte	64
 337 0138 21       		.byte	33
 338 0139 A8       		.byte	-88
 339 013a 24       		.byte	36
 340 013b 04       		.byte	4
 341 013c 26       		.byte	38
 342 013d 01       		.byte	1
ARM GAS  C:\Users\ash750\AppData\Local\Temp\ccY1VG8s.s 			page 7


 343 013e 2A       		.byte	42
 344 013f 01       		.byte	1
 345 0140 2B       		.byte	43
 346 0141 90       		.byte	-112
 347 0142 2C       		.byte	44
 348 0143 30       		.byte	48
 349 0144 2D       		.byte	45
 350 0145 80       		.byte	-128
 351 0146 2E       		.byte	46
 352 0147 01       		.byte	1
 353 0148 2F       		.byte	47
 354 0149 83       		.byte	-125
 355 014a 31       		.byte	49
 356 014b A8       		.byte	-88
 357 014c 35       		.byte	53
 358 014d 08       		.byte	8
 359 014e 36       		.byte	54
 360 014f 42       		.byte	66
 361 0150 37       		.byte	55
 362 0151 02       		.byte	2
 363 0152 38       		.byte	56
 364 0153 42       		.byte	66
 365 0154 39       		.byte	57
 366 0155 14       		.byte	20
 367 0156 3C       		.byte	60
 368 0157 20       		.byte	32
 369 0158 69       		.byte	105
 370 0159 50       		.byte	80
 371 015a 6A       		.byte	106
 372 015b 10       		.byte	16
 373 015c 79       		.byte	121
 374 015d 40       		.byte	64
 375 015e 80       		.byte	-128
 376 015f 04       		.byte	4
 377 0160 83       		.byte	-125
 378 0161 08       		.byte	8
 379 0162 C0       		.byte	-64
 380 0163 E7       		.byte	-25
 381 0164 C2       		.byte	-62
 382 0165 DB       		.byte	-37
 383 0166 C4       		.byte	-60
 384 0167 11       		.byte	17
 385 0168 CA       		.byte	-54
 386 0169 D2       		.byte	-46
 387 016a CC       		.byte	-52
 388 016b DE       		.byte	-34
 389 016c CE       		.byte	-50
 390 016d 2F       		.byte	47
 391 016e DE       		.byte	-34
 392 016f 08       		.byte	8
 393 0170 E4       		.byte	-28
 394 0171 01       		.byte	1
 395 0172 06       		.byte	6
 396 0173 01       		.byte	1
 397 0174 08       		.byte	8
 398 0175 01       		.byte	1
 399 0176 0C       		.byte	12
ARM GAS  C:\Users\ash750\AppData\Local\Temp\ccY1VG8s.s 			page 8


 400 0177 01       		.byte	1
 401 0178 12       		.byte	18
 402 0179 01       		.byte	1
 403 017a 20       		.byte	32
 404 017b 01       		.byte	1
 405 017c 26       		.byte	38
 406 017d 01       		.byte	1
 407 017e 27       		.byte	39
 408 017f 01       		.byte	1
 409 0180 2C       		.byte	44
 410 0181 01       		.byte	1
 411 0182 30       		.byte	48
 412 0183 01       		.byte	1
 413 0184 35       		.byte	53
 414 0185 01       		.byte	1
 415 0186 58       		.byte	88
 416 0187 04       		.byte	4
 417 0188 59       		.byte	89
 418 0189 04       		.byte	4
 419 018a 5F       		.byte	95
 420 018b 01       		.byte	1
 421 018c 82       		.byte	-126
 422 018d 02       		.byte	2
 423 018e 84       		.byte	-124
 424 018f 08       		.byte	8
 425 0190 88       		.byte	-120
 426 0191 10       		.byte	16
 427 0192 89       		.byte	-119
 428 0193 01       		.byte	1
 429 0194 8C       		.byte	-116
 430 0195 04       		.byte	4
 431 0196 8D       		.byte	-115
 432 0197 01       		.byte	1
 433 0198 92       		.byte	-110
 434 0199 40       		.byte	64
 435 019a 96       		.byte	-106
 436 019b 04       		.byte	4
 437 019c 99       		.byte	-103
 438 019d 04       		.byte	4
 439 019e 9A       		.byte	-102
 440 019f 20       		.byte	32
 441 01a0 9C       		.byte	-100
 442 01a1 01       		.byte	1
 443 01a2 A2       		.byte	-94
 444 01a3 08       		.byte	8
 445 01a4 A4       		.byte	-92
 446 01a5 20       		.byte	32
 447 01a6 AA       		.byte	-86
 448 01a7 01       		.byte	1
 449 01a8 AB       		.byte	-85
 450 01a9 06       		.byte	6
 451 01aa AE       		.byte	-82
 452 01ab 10       		.byte	16
 453 01ac B3       		.byte	-77
 454 01ad 01       		.byte	1
 455 01ae B4       		.byte	-76
 456 01af 03       		.byte	3
ARM GAS  C:\Users\ash750\AppData\Local\Temp\ccY1VG8s.s 			page 9


 457 01b0 B5       		.byte	-75
 458 01b1 02       		.byte	2
 459 01b2 B6       		.byte	-74
 460 01b3 7C       		.byte	124
 461 01b4 B7       		.byte	-73
 462 01b5 04       		.byte	4
 463 01b6 B8       		.byte	-72
 464 01b7 80       		.byte	-128
 465 01b8 B9       		.byte	-71
 466 01b9 08       		.byte	8
 467 01ba BE       		.byte	-66
 468 01bb 40       		.byte	64
 469 01bc BF       		.byte	-65
 470 01bd 04       		.byte	4
 471 01be D4       		.byte	-44
 472 01bf 01       		.byte	1
 473 01c0 D8       		.byte	-40
 474 01c1 04       		.byte	4
 475 01c2 D9       		.byte	-39
 476 01c3 0C       		.byte	12
 477 01c4 DB       		.byte	-37
 478 01c5 0C       		.byte	12
 479 01c6 DC       		.byte	-36
 480 01c7 09       		.byte	9
 481 01c8 DF       		.byte	-33
 482 01c9 01       		.byte	1
 483 01ca 00       		.byte	0
 484 01cb 25       		.byte	37
 485 01cc 01       		.byte	1
 486 01cd 08       		.byte	8
 487 01ce 03       		.byte	3
 488 01cf 07       		.byte	7
 489 01d0 04       		.byte	4
 490 01d1 04       		.byte	4
 491 01d2 07       		.byte	7
 492 01d3 09       		.byte	9
 493 01d4 08       		.byte	8
 494 01d5 48       		.byte	72
 495 01d6 09       		.byte	9
 496 01d7 80       		.byte	-128
 497 01d8 0A       		.byte	10
 498 01d9 84       		.byte	-124
 499 01da 0F       		.byte	15
 500 01db 80       		.byte	-128
 501 01dc 10       		.byte	16
 502 01dd 24       		.byte	36
 503 01de 13       		.byte	19
 504 01df 89       		.byte	-119
 505 01e0 16       		.byte	22
 506 01e1 01       		.byte	1
 507 01e2 17       		.byte	23
 508 01e3 06       		.byte	6
 509 01e4 19       		.byte	25
 510 01e5 10       		.byte	16
 511 01e6 1B       		.byte	27
 512 01e7 40       		.byte	64
 513 01e8 1C       		.byte	28
ARM GAS  C:\Users\ash750\AppData\Local\Temp\ccY1VG8s.s 			page 10


 514 01e9 80       		.byte	-128
 515 01ea 21       		.byte	33
 516 01eb 88       		.byte	-120
 517 01ec 22       		.byte	34
 518 01ed 10       		.byte	16
 519 01ee 27       		.byte	39
 520 01ef 08       		.byte	8
 521 01f0 28       		.byte	40
 522 01f1 04       		.byte	4
 523 01f2 29       		.byte	41
 524 01f3 10       		.byte	16
 525 01f4 2E       		.byte	46
 526 01f5 04       		.byte	4
 527 01f6 2F       		.byte	47
 528 01f7 82       		.byte	-126
 529 01f8 32       		.byte	50
 530 01f9 10       		.byte	16
 531 01fa 36       		.byte	54
 532 01fb 02       		.byte	2
 533 01fc 37       		.byte	55
 534 01fd 0A       		.byte	10
 535 01fe 39       		.byte	57
 536 01ff 10       		.byte	16
 537 0200 3A       		.byte	58
 538 0201 80       		.byte	-128
 539 0202 3C       		.byte	60
 540 0203 24       		.byte	36
 541 0204 3F       		.byte	63
 542 0205 80       		.byte	-128
 543 0206 58       		.byte	88
 544 0207 40       		.byte	64
 545 0208 79       		.byte	121
 546 0209 40       		.byte	64
 547 020a 86       		.byte	-122
 548 020b 80       		.byte	-128
 549 020c 91       		.byte	-111
 550 020d 50       		.byte	80
 551 020e 92       		.byte	-110
 552 020f 10       		.byte	16
 553 0210 93       		.byte	-109
 554 0211 80       		.byte	-128
 555 0212 94       		.byte	-108
 556 0213 02       		.byte	2
 557 0214 9A       		.byte	-102
 558 0215 01       		.byte	1
 559 0216 9D       		.byte	-99
 560 0217 08       		.byte	8
 561 0218 9F       		.byte	-97
 562 0219 04       		.byte	4
 563 021a A2       		.byte	-94
 564 021b 01       		.byte	1
 565 021c A4       		.byte	-92
 566 021d 30       		.byte	48
 567 021e A6       		.byte	-90
 568 021f 02       		.byte	2
 569 0220 A7       		.byte	-89
 570 0221 D2       		.byte	-46
ARM GAS  C:\Users\ash750\AppData\Local\Temp\ccY1VG8s.s 			page 11


 571 0222 AA       		.byte	-86
 572 0223 40       		.byte	64
 573 0224 B1       		.byte	-79
 574 0225 04       		.byte	4
 575 0226 B5       		.byte	-75
 576 0227 08       		.byte	8
 577 0228 C0       		.byte	-64
 578 0229 EF       		.byte	-17
 579 022a C2       		.byte	-62
 580 022b 1F       		.byte	31
 581 022c C4       		.byte	-60
 582 022d BF       		.byte	-65
 583 022e CA       		.byte	-54
 584 022f D4       		.byte	-44
 585 0230 CC       		.byte	-52
 586 0231 C4       		.byte	-60
 587 0232 CE       		.byte	-50
 588 0233 7C       		.byte	124
 589 0234 D6       		.byte	-42
 590 0235 08       		.byte	8
 591 0236 DE       		.byte	-34
 592 0237 08       		.byte	8
 593 0238 E2       		.byte	-30
 594 0239 02       		.byte	2
 595 023a E6       		.byte	-26
 596 023b 02       		.byte	2
 597 023c E8       		.byte	-24
 598 023d 02       		.byte	2
 599 023e EA       		.byte	-22
 600 023f 20       		.byte	32
 601 0240 00       		.byte	0
 602 0241 40       		.byte	64
 603 0242 02       		.byte	2
 604 0243 80       		.byte	-128
 605 0244 06       		.byte	6
 606 0245 02       		.byte	2
 607 0246 0A       		.byte	10
 608 0247 04       		.byte	4
 609 0248 0B       		.byte	11
 610 0249 01       		.byte	1
 611 024a 0E       		.byte	14
 612 024b 01       		.byte	1
 613 024c 10       		.byte	16
 614 024d 10       		.byte	16
 615 024e 12       		.byte	18
 616 024f 20       		.byte	32
 617 0250 14       		.byte	20
 618 0251 01       		.byte	1
 619 0252 18       		.byte	24
 620 0253 08       		.byte	8
 621 0254 1C       		.byte	28
 622 0255 02       		.byte	2
 623 0256 20       		.byte	32
 624 0257 04       		.byte	4
 625 0258 26       		.byte	38
 626 0259 08       		.byte	8
 627 025a 28       		.byte	40
ARM GAS  C:\Users\ash750\AppData\Local\Temp\ccY1VG8s.s 			page 12


 628 025b 20       		.byte	32
 629 025c 2A       		.byte	42
 630 025d 10       		.byte	16
 631 025e 2C       		.byte	44
 632 025f 80       		.byte	-128
 633 0260 2E       		.byte	46
 634 0261 40       		.byte	64
 635 0262 30       		.byte	48
 636 0263 FF       		.byte	-1
 637 0264 31       		.byte	49
 638 0265 01       		.byte	1
 639 0266 3E       		.byte	62
 640 0267 01       		.byte	1
 641 0268 56       		.byte	86
 642 0269 02       		.byte	2
 643 026a 57       		.byte	87
 644 026b 39       		.byte	57
 645 026c 58       		.byte	88
 646 026d 04       		.byte	4
 647 026e 59       		.byte	89
 648 026f 04       		.byte	4
 649 0270 5B       		.byte	91
 650 0271 0C       		.byte	12
 651 0272 5F       		.byte	95
 652 0273 01       		.byte	1
 653 0274 B8       		.byte	-72
 654 0275 02       		.byte	2
 655 0276 BE       		.byte	-66
 656 0277 01       		.byte	1
 657 0278 D8       		.byte	-40
 658 0279 04       		.byte	4
 659 027a D9       		.byte	-39
 660 027b 04       		.byte	4
 661 027c DF       		.byte	-33
 662 027d 01       		.byte	1
 663 027e 00       		.byte	0
 664 027f 26       		.byte	38
 665 0280 01       		.byte	1
 666 0281 20       		.byte	32
 667 0282 02       		.byte	2
 668 0283 40       		.byte	64
 669 0284 03       		.byte	3
 670 0285 86       		.byte	-122
 671 0286 04       		.byte	4
 672 0287 84       		.byte	-124
 673 0288 07       		.byte	7
 674 0289 08       		.byte	8
 675 028a 08       		.byte	8
 676 028b 08       		.byte	8
 677 028c 09       		.byte	9
 678 028d 02       		.byte	2
 679 028e 0A       		.byte	10
 680 028f 05       		.byte	5
 681 0290 0F       		.byte	15
 682 0291 C0       		.byte	-64
 683 0292 10       		.byte	16
 684 0293 1A       		.byte	26
ARM GAS  C:\Users\ash750\AppData\Local\Temp\ccY1VG8s.s 			page 13


 685 0294 11       		.byte	17
 686 0295 01       		.byte	1
 687 0296 13       		.byte	19
 688 0297 08       		.byte	8
 689 0298 15       		.byte	21
 690 0299 82       		.byte	-126
 691 029a 17       		.byte	23
 692 029b 04       		.byte	4
 693 029c 1A       		.byte	26
 694 029d 80       		.byte	-128
 695 029e 1F       		.byte	31
 696 029f 01       		.byte	1
 697 02a0 21       		.byte	33
 698 02a1 03       		.byte	3
 699 02a2 22       		.byte	34
 700 02a3 02       		.byte	2
 701 02a4 29       		.byte	41
 702 02a5 20       		.byte	32
 703 02a6 2B       		.byte	43
 704 02a7 42       		.byte	66
 705 02a8 2F       		.byte	47
 706 02a9 02       		.byte	2
 707 02aa 30       		.byte	48
 708 02ab 10       		.byte	16
 709 02ac 31       		.byte	49
 710 02ad 02       		.byte	2
 711 02ae 36       		.byte	54
 712 02af 02       		.byte	2
 713 02b0 37       		.byte	55
 714 02b1 08       		.byte	8
 715 02b2 38       		.byte	56
 716 02b3 04       		.byte	4
 717 02b4 39       		.byte	57
 718 02b5 90       		.byte	-112
 719 02b6 3A       		.byte	58
 720 02b7 40       		.byte	64
 721 02b8 3C       		.byte	60
 722 02b9 26       		.byte	38
 723 02ba 3F       		.byte	63
 724 02bb 80       		.byte	-128
 725 02bc 5A       		.byte	90
 726 02bd 10       		.byte	16
 727 02be 60       		.byte	96
 728 02bf 08       		.byte	8
 729 02c0 61       		.byte	97
 730 02c1 18       		.byte	24
 731 02c2 68       		.byte	104
 732 02c3 8A       		.byte	-118
 733 02c4 69       		.byte	105
 734 02c5 11       		.byte	17
 735 02c6 6A       		.byte	106
 736 02c7 04       		.byte	4
 737 02c8 6B       		.byte	107
 738 02c9 80       		.byte	-128
 739 02ca 70       		.byte	112
 740 02cb 01       		.byte	1
 741 02cc 71       		.byte	113
ARM GAS  C:\Users\ash750\AppData\Local\Temp\ccY1VG8s.s 			page 14


 742 02cd 10       		.byte	16
 743 02ce 72       		.byte	114
 744 02cf 01       		.byte	1
 745 02d0 73       		.byte	115
 746 02d1 05       		.byte	5
 747 02d2 79       		.byte	121
 748 02d3 40       		.byte	64
 749 02d4 83       		.byte	-125
 750 02d5 01       		.byte	1
 751 02d6 8B       		.byte	-117
 752 02d7 40       		.byte	64
 753 02d8 91       		.byte	-111
 754 02d9 40       		.byte	64
 755 02da 92       		.byte	-110
 756 02db 10       		.byte	16
 757 02dc 93       		.byte	-109
 758 02dd 80       		.byte	-128
 759 02de 94       		.byte	-108
 760 02df 07       		.byte	7
 761 02e0 96       		.byte	-106
 762 02e1 84       		.byte	-124
 763 02e2 97       		.byte	-105
 764 02e3 01       		.byte	1
 765 02e4 9B       		.byte	-101
 766 02e5 08       		.byte	8
 767 02e6 9C       		.byte	-100
 768 02e7 08       		.byte	8
 769 02e8 9F       		.byte	-97
 770 02e9 80       		.byte	-128
 771 02ea A1       		.byte	-95
 772 02eb 08       		.byte	8
 773 02ec A2       		.byte	-94
 774 02ed 01       		.byte	1
 775 02ee A3       		.byte	-93
 776 02ef 40       		.byte	64
 777 02f0 A4       		.byte	-92
 778 02f1 10       		.byte	16
 779 02f2 A6       		.byte	-90
 780 02f3 02       		.byte	2
 781 02f4 A7       		.byte	-89
 782 02f5 92       		.byte	-110
 783 02f6 A9       		.byte	-87
 784 02f7 80       		.byte	-128
 785 02f8 AD       		.byte	-83
 786 02f9 80       		.byte	-128
 787 02fa B0       		.byte	-80
 788 02fb 40       		.byte	64
 789 02fc C0       		.byte	-64
 790 02fd EF       		.byte	-17
 791 02fe C2       		.byte	-62
 792 02ff 1F       		.byte	31
 793 0300 C4       		.byte	-60
 794 0301 BF       		.byte	-65
 795 0302 CA       		.byte	-54
 796 0303 1D       		.byte	29
 797 0304 CC       		.byte	-52
 798 0305 C5       		.byte	-59
ARM GAS  C:\Users\ash750\AppData\Local\Temp\ccY1VG8s.s 			page 15


 799 0306 CE       		.byte	-50
 800 0307 FE       		.byte	-2
 801 0308 D6       		.byte	-42
 802 0309 04       		.byte	4
 803 030a D8       		.byte	-40
 804 030b 02       		.byte	2
 805 030c DE       		.byte	-34
 806 030d 08       		.byte	8
 807 030e E6       		.byte	-26
 808 030f 80       		.byte	-128
 809 0310 EC       		.byte	-20
 810 0311 02       		.byte	2
 811 0312 58       		.byte	88
 812 0313 04       		.byte	4
 813 0314 59       		.byte	89
 814 0315 04       		.byte	4
 815 0316 5F       		.byte	95
 816 0317 01       		.byte	1
 817 0318 93       		.byte	-109
 818 0319 02       		.byte	2
 819 031a 9E       		.byte	-98
 820 031b 02       		.byte	2
 821 031c 9F       		.byte	-97
 822 031d 01       		.byte	1
 823 031e A6       		.byte	-90
 824 031f 01       		.byte	1
 825 0320 B0       		.byte	-80
 826 0321 01       		.byte	1
 827 0322 B3       		.byte	-77
 828 0323 01       		.byte	1
 829 0324 B4       		.byte	-76
 830 0325 02       		.byte	2
 831 0326 B7       		.byte	-73
 832 0327 02       		.byte	2
 833 0328 D6       		.byte	-42
 834 0329 08       		.byte	8
 835 032a D8       		.byte	-40
 836 032b 04       		.byte	4
 837 032c D9       		.byte	-39
 838 032d 04       		.byte	4
 839 032e DB       		.byte	-37
 840 032f 04       		.byte	4
 841 0330 DD       		.byte	-35
 842 0331 90       		.byte	-112
 843 0332 DF       		.byte	-33
 844 0333 01       		.byte	1
 845 0334 00       		.byte	0
 846 0335 06       		.byte	6
 847 0336 01       		.byte	1
 848 0337 01       		.byte	1
 849 0338 03       		.byte	3
 850 0339 42       		.byte	66
 851 033a 04       		.byte	4
 852 033b 84       		.byte	-124
 853 033c 07       		.byte	7
 854 033d 40       		.byte	64
 855 033e 09       		.byte	9
ARM GAS  C:\Users\ash750\AppData\Local\Temp\ccY1VG8s.s 			page 16


 856 033f 08       		.byte	8
 857 0340 0A       		.byte	10
 858 0341 01       		.byte	1
 859 0342 0D       		.byte	13
 860 0343 08       		.byte	8
 861 0344 0F       		.byte	15
 862 0345 40       		.byte	64
 863 0346 10       		.byte	16
 864 0347 04       		.byte	4
 865 0348 13       		.byte	19
 866 0349 46       		.byte	70
 867 034a 17       		.byte	23
 868 034b 0A       		.byte	10
 869 034c 18       		.byte	24
 870 034d 84       		.byte	-124
 871 034e 1B       		.byte	27
 872 034f 02       		.byte	2
 873 0350 20       		.byte	32
 874 0351 22       		.byte	34
 875 0352 21       		.byte	33
 876 0353 08       		.byte	8
 877 0354 28       		.byte	40
 878 0355 84       		.byte	-124
 879 0356 2B       		.byte	43
 880 0357 02       		.byte	2
 881 0358 2F       		.byte	47
 882 0359 02       		.byte	2
 883 035a 30       		.byte	48
 884 035b 82       		.byte	-126
 885 035c 31       		.byte	49
 886 035d 08       		.byte	8
 887 035e 36       		.byte	54
 888 035f 02       		.byte	2
 889 0360 37       		.byte	55
 890 0361 4A       		.byte	74
 891 0362 38       		.byte	56
 892 0363 04       		.byte	4
 893 0364 39       		.byte	57
 894 0365 01       		.byte	1
 895 0366 3B       		.byte	59
 896 0367 40       		.byte	64
 897 0368 3C       		.byte	60
 898 0369 24       		.byte	36
 899 036a 3F       		.byte	63
 900 036b 40       		.byte	64
 901 036c 5A       		.byte	90
 902 036d 40       		.byte	64
 903 036e 60       		.byte	96
 904 036f 01       		.byte	1
 905 0370 81       		.byte	-127
 906 0371 10       		.byte	16
 907 0372 8E       		.byte	-114
 908 0373 04       		.byte	4
 909 0374 92       		.byte	-110
 910 0375 41       		.byte	65
 911 0376 93       		.byte	-109
 912 0377 44       		.byte	68
ARM GAS  C:\Users\ash750\AppData\Local\Temp\ccY1VG8s.s 			page 17


 913 0378 94       		.byte	-108
 914 0379 C5       		.byte	-59
 915 037a 9B       		.byte	-101
 916 037b 08       		.byte	8
 917 037c A0       		.byte	-96
 918 037d 82       		.byte	-126
 919 037e A2       		.byte	-94
 920 037f 03       		.byte	3
 921 0380 A4       		.byte	-92
 922 0381 11       		.byte	17
 923 0382 A7       		.byte	-89
 924 0383 02       		.byte	2
 925 0384 AB       		.byte	-85
 926 0385 10       		.byte	16
 927 0386 B4       		.byte	-76
 928 0387 40       		.byte	64
 929 0388 B6       		.byte	-74
 930 0389 40       		.byte	64
 931 038a C0       		.byte	-64
 932 038b BD       		.byte	-67
 933 038c C2       		.byte	-62
 934 038d 35       		.byte	53
 935 038e C4       		.byte	-60
 936 038f 3F       		.byte	63
 937 0390 CA       		.byte	-54
 938 0391 1D       		.byte	29
 939 0392 CC       		.byte	-52
 940 0393 DB       		.byte	-37
 941 0394 CE       		.byte	-50
 942 0395 7B       		.byte	123
 943 0396 D6       		.byte	-42
 944 0397 08       		.byte	8
 945 0398 D8       		.byte	-40
 946 0399 08       		.byte	8
 947 039a E0       		.byte	-32
 948 039b 01       		.byte	1
 949 039c E6       		.byte	-26
 950 039d 01       		.byte	1
 951 039e EA       		.byte	-22
 952 039f 40       		.byte	64
 953 03a0 EC       		.byte	-20
 954 03a1 40       		.byte	64
 955 03a2 E0       		.byte	-32
 956 03a3 41       		.byte	65
 957 03a4 E6       		.byte	-26
 958 03a5 01       		.byte	1
 959 03a6 EC       		.byte	-20
 960 03a7 22       		.byte	34
 961 03a8 E2       		.byte	-30
 962 03a9 02       		.byte	2
 963 03aa E6       		.byte	-26
 964 03ab 02       		.byte	2
 965 03ac E8       		.byte	-24
 966 03ad 02       		.byte	2
 967 03ae EA       		.byte	-22
 968 03af 20       		.byte	32
 969 03b0 EC       		.byte	-20
ARM GAS  C:\Users\ash750\AppData\Local\Temp\ccY1VG8s.s 			page 18


 970 03b1 10       		.byte	16
 971 03b2 E4       		.byte	-28
 972 03b3 01       		.byte	1
 973 03b4 00       		.byte	0
 974 03b5 04       		.byte	4
 975 03b6 02       		.byte	2
 976 03b7 03       		.byte	3
 977 03b8 04       		.byte	4
 978 03b9 07       		.byte	7
 979 03ba 07       		.byte	7
 980 03bb 01       		.byte	1
 981 03bc 08       		.byte	8
 982 03bd 05       		.byte	5
 983 03be 0A       		.byte	10
 984 03bf 02       		.byte	2
 985 03c0 0C       		.byte	12
 986 03c1 07       		.byte	7
 987 03c2 0F       		.byte	15
 988 03c3 01       		.byte	1
 989 03c4 17       		.byte	23
 990 03c5 01       		.byte	1
 991 03c6 1E       		.byte	30
 992 03c7 07       		.byte	7
 993 03c8 1F       		.byte	31
 994 03c9 01       		.byte	1
 995 03ca 21       		.byte	33
 996 03cb 01       		.byte	1
 997 03cc 26       		.byte	38
 998 03cd 07       		.byte	7
 999 03ce 29       		.byte	41
 1000 03cf 01       		.byte	1
 1001 03d0 2C       		.byte	44
 1002 03d1 03       		.byte	3
 1003 03d2 2D       		.byte	45
 1004 03d3 01       		.byte	1
 1005 03d4 2E       		.byte	46
 1006 03d5 04       		.byte	4
 1007 03d6 30       		.byte	48
 1008 03d7 01       		.byte	1
 1009 03d8 32       		.byte	50
 1010 03d9 02       		.byte	2
 1011 03da 36       		.byte	54
 1012 03db 04       		.byte	4
 1013 03dc 37       		.byte	55
 1014 03dd 01       		.byte	1
 1015 03de 58       		.byte	88
 1016 03df 04       		.byte	4
 1017 03e0 59       		.byte	89
 1018 03e1 04       		.byte	4
 1019 03e2 5F       		.byte	95
 1020 03e3 01       		.byte	1
 1021 03e4 80       		.byte	-128
 1022 03e5 02       		.byte	2
 1023 03e6 82       		.byte	-126
 1024 03e7 01       		.byte	1
 1025 03e8 84       		.byte	-124
 1026 03e9 03       		.byte	3
ARM GAS  C:\Users\ash750\AppData\Local\Temp\ccY1VG8s.s 			page 19


 1027 03ea 85       		.byte	-123
 1028 03eb 03       		.byte	3
 1029 03ec 87       		.byte	-121
 1030 03ed 04       		.byte	4
 1031 03ee 88       		.byte	-120
 1032 03ef 03       		.byte	3
 1033 03f0 89       		.byte	-119
 1034 03f1 04       		.byte	4
 1035 03f2 8B       		.byte	-117
 1036 03f3 03       		.byte	3
 1037 03f4 8C       		.byte	-116
 1038 03f5 03       		.byte	3
 1039 03f6 8F       		.byte	-113
 1040 03f7 07       		.byte	7
 1041 03f8 91       		.byte	-111
 1042 03f9 01       		.byte	1
 1043 03fa 92       		.byte	-110
 1044 03fb 03       		.byte	3
 1045 03fc 93       		.byte	-109
 1046 03fd 06       		.byte	6
 1047 03fe 95       		.byte	-107
 1048 03ff 02       		.byte	2
 1049 0400 97       		.byte	-105
 1050 0401 05       		.byte	5
 1051 0402 9D       		.byte	-99
 1052 0403 03       		.byte	3
 1053 0404 9F       		.byte	-97
 1054 0405 04       		.byte	4
 1055 0406 A2       		.byte	-94
 1056 0407 03       		.byte	3
 1057 0408 A4       		.byte	-92
 1058 0409 02       		.byte	2
 1059 040a A6       		.byte	-90
 1060 040b 01       		.byte	1
 1061 040c AD       		.byte	-83
 1062 040d 07       		.byte	7
 1063 040e B0       		.byte	-80
 1064 040f 01       		.byte	1
 1065 0410 B1       		.byte	-79
 1066 0411 01       		.byte	1
 1067 0412 B4       		.byte	-76
 1068 0413 02       		.byte	2
 1069 0414 B5       		.byte	-75
 1070 0415 04       		.byte	4
 1071 0416 B7       		.byte	-73
 1072 0417 02       		.byte	2
 1073 0418 D8       		.byte	-40
 1074 0419 04       		.byte	4
 1075 041a D9       		.byte	-39
 1076 041b 04       		.byte	4
 1077 041c DF       		.byte	-33
 1078 041d 01       		.byte	1
 1079 041e 00       		.byte	0
 1080 041f 64       		.byte	100
 1081 0420 01       		.byte	1
 1082 0421 20       		.byte	32
 1083 0422 03       		.byte	3
ARM GAS  C:\Users\ash750\AppData\Local\Temp\ccY1VG8s.s 			page 20


 1084 0423 44       		.byte	68
 1085 0424 04       		.byte	4
 1086 0425 C4       		.byte	-60
 1087 0426 05       		.byte	5
 1088 0427 80       		.byte	-128
 1089 0428 06       		.byte	6
 1090 0429 01       		.byte	1
 1091 042a 07       		.byte	7
 1092 042b 44       		.byte	68
 1093 042c 09       		.byte	9
 1094 042d 40       		.byte	64
 1095 042e 0F       		.byte	15
 1096 042f 40       		.byte	64
 1097 0430 12       		.byte	18
 1098 0431 02       		.byte	2
 1099 0432 13       		.byte	19
 1100 0433 08       		.byte	8
 1101 0434 17       		.byte	23
 1102 0435 0A       		.byte	10
 1103 0436 18       		.byte	24
 1104 0437 02       		.byte	2
 1105 0438 19       		.byte	25
 1106 0439 02       		.byte	2
 1107 043a 1A       		.byte	26
 1108 043b 20       		.byte	32
 1109 043c 1C       		.byte	28
 1110 043d 08       		.byte	8
 1111 043e 1D       		.byte	29
 1112 043f 01       		.byte	1
 1113 0440 21       		.byte	33
 1114 0441 80       		.byte	-128
 1115 0442 24       		.byte	36
 1116 0443 08       		.byte	8
 1117 0444 25       		.byte	37
 1118 0445 02       		.byte	2
 1119 0446 27       		.byte	39
 1120 0447 01       		.byte	1
 1121 0448 28       		.byte	40
 1122 0449 01       		.byte	1
 1123 044a 29       		.byte	41
 1124 044b 20       		.byte	32
 1125 044c 2A       		.byte	42
 1126 044d 01       		.byte	1
 1127 044e 2D       		.byte	45
 1128 044f 80       		.byte	-128
 1129 0450 30       		.byte	48
 1130 0451 04       		.byte	4
 1131 0452 33       		.byte	51
 1132 0453 40       		.byte	64
 1133 0454 34       		.byte	52
 1134 0455 05       		.byte	5
 1135 0456 36       		.byte	54
 1136 0457 02       		.byte	2
 1137 0458 37       		.byte	55
 1138 0459 4A       		.byte	74
 1139 045a 38       		.byte	56
 1140 045b 04       		.byte	4
ARM GAS  C:\Users\ash750\AppData\Local\Temp\ccY1VG8s.s 			page 21


 1141 045c 3B       		.byte	59
 1142 045d 40       		.byte	64
 1143 045e 3C       		.byte	60
 1144 045f 24       		.byte	36
 1145 0460 3D       		.byte	61
 1146 0461 80       		.byte	-128
 1147 0462 3F       		.byte	63
 1148 0463 40       		.byte	64
 1149 0464 80       		.byte	-128
 1150 0465 01       		.byte	1
 1151 0466 84       		.byte	-124
 1152 0467 04       		.byte	4
 1153 0468 85       		.byte	-123
 1154 0469 40       		.byte	64
 1155 046a 89       		.byte	-119
 1156 046b 82       		.byte	-126
 1157 046c 8D       		.byte	-115
 1158 046d 01       		.byte	1
 1159 046e 90       		.byte	-112
 1160 046f 84       		.byte	-124
 1161 0470 93       		.byte	-109
 1162 0471 40       		.byte	64
 1163 0472 94       		.byte	-108
 1164 0473 08       		.byte	8
 1165 0474 96       		.byte	-106
 1166 0475 20       		.byte	32
 1167 0476 99       		.byte	-103
 1168 0477 40       		.byte	64
 1169 0478 9B       		.byte	-101
 1170 0479 48       		.byte	72
 1171 047a 9F       		.byte	-97
 1172 047b 01       		.byte	1
 1173 047c A0       		.byte	-96
 1174 047d 10       		.byte	16
 1175 047e A2       		.byte	-94
 1176 047f 02       		.byte	2
 1177 0480 A5       		.byte	-91
 1178 0481 02       		.byte	2
 1179 0482 B5       		.byte	-75
 1180 0483 01       		.byte	1
 1181 0484 C0       		.byte	-64
 1182 0485 FF       		.byte	-1
 1183 0486 C2       		.byte	-62
 1184 0487 11       		.byte	17
 1185 0488 C4       		.byte	-60
 1186 0489 35       		.byte	53
 1187 048a CA       		.byte	-54
 1188 048b 1D       		.byte	29
 1189 048c CC       		.byte	-52
 1190 048d DA       		.byte	-38
 1191 048e CE       		.byte	-50
 1192 048f 7A       		.byte	122
 1193 0490 E2       		.byte	-30
 1194 0491 A0       		.byte	-96
 1195 0492 E6       		.byte	-26
 1196 0493 40       		.byte	64
 1197 0494 E8       		.byte	-24
ARM GAS  C:\Users\ash750\AppData\Local\Temp\ccY1VG8s.s 			page 22


 1198 0495 10       		.byte	16
 1199 0496 00       		.byte	0
 1200 0497 01       		.byte	1
 1201 0498 02       		.byte	2
 1202 0499 06       		.byte	6
 1203 049a 04       		.byte	4
 1204 049b 02       		.byte	2
 1205 049c 05       		.byte	5
 1206 049d 05       		.byte	5
 1207 049e 06       		.byte	6
 1208 049f 05       		.byte	5
 1209 04a0 07       		.byte	7
 1210 04a1 02       		.byte	2
 1211 04a2 08       		.byte	8
 1212 04a3 05       		.byte	5
 1213 04a4 09       		.byte	9
 1214 04a5 03       		.byte	3
 1215 04a6 0A       		.byte	10
 1216 04a7 02       		.byte	2
 1217 04a8 0B       		.byte	11
 1218 04a9 04       		.byte	4
 1219 04aa 0C       		.byte	12
 1220 04ab 07       		.byte	7
 1221 04ac 0F       		.byte	15
 1222 04ad 07       		.byte	7
 1223 04ae 11       		.byte	17
 1224 04af 05       		.byte	5
 1225 04b0 12       		.byte	18
 1226 04b1 07       		.byte	7
 1227 04b2 13       		.byte	19
 1228 04b3 02       		.byte	2
 1229 04b4 15       		.byte	21
 1230 04b5 06       		.byte	6
 1231 04b6 17       		.byte	23
 1232 04b7 01       		.byte	1
 1233 04b8 1D       		.byte	29
 1234 04b9 07       		.byte	7
 1235 04ba 20       		.byte	32
 1236 04bb 05       		.byte	5
 1237 04bc 22       		.byte	34
 1238 04bd 02       		.byte	2
 1239 04be 24       		.byte	36
 1240 04bf 04       		.byte	4
 1241 04c0 26       		.byte	38
 1242 04c1 03       		.byte	3
 1243 04c2 2D       		.byte	45
 1244 04c3 07       		.byte	7
 1245 04c4 30       		.byte	48
 1246 04c5 01       		.byte	1
 1247 04c6 31       		.byte	49
 1248 04c7 04       		.byte	4
 1249 04c8 33       		.byte	51
 1250 04c9 01       		.byte	1
 1251 04ca 34       		.byte	52
 1252 04cb 02       		.byte	2
 1253 04cc 35       		.byte	53
 1254 04cd 02       		.byte	2
ARM GAS  C:\Users\ash750\AppData\Local\Temp\ccY1VG8s.s 			page 23


 1255 04ce 36       		.byte	54
 1256 04cf 04       		.byte	4
 1257 04d0 58       		.byte	88
 1258 04d1 04       		.byte	4
 1259 04d2 59       		.byte	89
 1260 04d3 04       		.byte	4
 1261 04d4 5F       		.byte	95
 1262 04d5 01       		.byte	1
 1263 04d6 80       		.byte	-128
 1264 04d7 01       		.byte	1
 1265 04d8 82       		.byte	-126
 1266 04d9 06       		.byte	6
 1267 04da 84       		.byte	-124
 1268 04db 06       		.byte	6
 1269 04dc 86       		.byte	-122
 1270 04dd 01       		.byte	1
 1271 04de 87       		.byte	-121
 1272 04df 01       		.byte	1
 1273 04e0 88       		.byte	-120
 1274 04e1 05       		.byte	5
 1275 04e2 8A       		.byte	-118
 1276 04e3 02       		.byte	2
 1277 04e4 8C       		.byte	-116
 1278 04e5 07       		.byte	7
 1279 04e6 8F       		.byte	-113
 1280 04e7 01       		.byte	1
 1281 04e8 91       		.byte	-111
 1282 04e9 01       		.byte	1
 1283 04ea 92       		.byte	-110
 1284 04eb 07       		.byte	7
 1285 04ec 95       		.byte	-107
 1286 04ed 01       		.byte	1
 1287 04ee 9F       		.byte	-97
 1288 04ef 01       		.byte	1
 1289 04f0 A3       		.byte	-93
 1290 04f1 01       		.byte	1
 1291 04f2 A4       		.byte	-92
 1292 04f3 07       		.byte	7
 1293 04f4 A9       		.byte	-87
 1294 04f5 01       		.byte	1
 1295 04f6 AC       		.byte	-84
 1296 04f7 03       		.byte	3
 1297 04f8 AE       		.byte	-82
 1298 04f9 04       		.byte	4
 1299 04fa B2       		.byte	-78
 1300 04fb 01       		.byte	1
 1301 04fc B4       		.byte	-76
 1302 04fd 02       		.byte	2
 1303 04fe B6       		.byte	-74
 1304 04ff 04       		.byte	4
 1305 0500 B7       		.byte	-73
 1306 0501 01       		.byte	1
 1307 0502 D8       		.byte	-40
 1308 0503 04       		.byte	4
 1309 0504 D9       		.byte	-39
 1310 0505 04       		.byte	4
 1311 0506 DF       		.byte	-33
ARM GAS  C:\Users\ash750\AppData\Local\Temp\ccY1VG8s.s 			page 24


 1312 0507 01       		.byte	1
 1313 0508 00       		.byte	0
 1314 0509 24       		.byte	36
 1315 050a 01       		.byte	1
 1316 050b 20       		.byte	32
 1317 050c 03       		.byte	3
 1318 050d 46       		.byte	70
 1319 050e 04       		.byte	4
 1320 050f 84       		.byte	-124
 1321 0510 07       		.byte	7
 1322 0511 44       		.byte	68
 1323 0512 0B       		.byte	11
 1324 0513 40       		.byte	64
 1325 0514 0F       		.byte	15
 1326 0515 40       		.byte	64
 1327 0516 12       		.byte	18
 1328 0517 02       		.byte	2
 1329 0518 13       		.byte	19
 1330 0519 08       		.byte	8
 1331 051a 14       		.byte	20
 1332 051b 80       		.byte	-128
 1333 051c 17       		.byte	23
 1334 051d 08       		.byte	8
 1335 051e 18       		.byte	24
 1336 051f 20       		.byte	32
 1337 0520 19       		.byte	25
 1338 0521 40       		.byte	64
 1339 0522 1B       		.byte	27
 1340 0523 10       		.byte	16
 1341 0524 1D       		.byte	29
 1342 0525 01       		.byte	1
 1343 0526 1E       		.byte	30
 1344 0527 08       		.byte	8
 1345 0528 1F       		.byte	31
 1346 0529 80       		.byte	-128
 1347 052a 22       		.byte	34
 1348 052b 80       		.byte	-128
 1349 052c 24       		.byte	36
 1350 052d 40       		.byte	64
 1351 052e 25       		.byte	37
 1352 052f 10       		.byte	16
 1353 0530 27       		.byte	39
 1354 0531 10       		.byte	16
 1355 0532 28       		.byte	40
 1356 0533 80       		.byte	-128
 1357 0534 29       		.byte	41
 1358 0535 22       		.byte	34
 1359 0536 2F       		.byte	47
 1360 0537 02       		.byte	2
 1361 0538 30       		.byte	48
 1362 0539 04       		.byte	4
 1363 053a 33       		.byte	51
 1364 053b 42       		.byte	66
 1365 053c 34       		.byte	52
 1366 053d 04       		.byte	4
 1367 053e 35       		.byte	53
 1368 053f 02       		.byte	2
ARM GAS  C:\Users\ash750\AppData\Local\Temp\ccY1VG8s.s 			page 25


 1369 0540 36       		.byte	54
 1370 0541 02       		.byte	2
 1371 0542 37       		.byte	55
 1372 0543 48       		.byte	72
 1373 0544 38       		.byte	56
 1374 0545 04       		.byte	4
 1375 0546 3B       		.byte	59
 1376 0547 40       		.byte	64
 1377 0548 3C       		.byte	60
 1378 0549 24       		.byte	36
 1379 054a 3F       		.byte	63
 1380 054b 40       		.byte	64
 1381 054c 83       		.byte	-125
 1382 054d 10       		.byte	16
 1383 054e 86       		.byte	-122
 1384 054f 80       		.byte	-128
 1385 0550 8B       		.byte	-117
 1386 0551 01       		.byte	1
 1387 0552 8C       		.byte	-116
 1388 0553 14       		.byte	20
 1389 0554 8D       		.byte	-115
 1390 0555 02       		.byte	2
 1391 0556 8E       		.byte	-114
 1392 0557 10       		.byte	16
 1393 0558 90       		.byte	-112
 1394 0559 84       		.byte	-124
 1395 055a 93       		.byte	-109
 1396 055b 40       		.byte	64
 1397 055c 94       		.byte	-108
 1398 055d 40       		.byte	64
 1399 055e 9B       		.byte	-101
 1400 055f 48       		.byte	72
 1401 0560 9C       		.byte	-100
 1402 0561 84       		.byte	-124
 1403 0562 A0       		.byte	-96
 1404 0563 10       		.byte	16
 1405 0564 A2       		.byte	-94
 1406 0565 02       		.byte	2
 1407 0566 A3       		.byte	-93
 1408 0567 02       		.byte	2
 1409 0568 A5       		.byte	-91
 1410 0569 10       		.byte	16
 1411 056a A6       		.byte	-90
 1412 056b 04       		.byte	4
 1413 056c A7       		.byte	-89
 1414 056d 90       		.byte	-112
 1415 056e AA       		.byte	-86
 1416 056f 01       		.byte	1
 1417 0570 B7       		.byte	-73
 1418 0571 90       		.byte	-112
 1419 0572 C0       		.byte	-64
 1420 0573 FF       		.byte	-1
 1421 0574 C2       		.byte	-62
 1422 0575 18       		.byte	24
 1423 0576 C4       		.byte	-60
 1424 0577 35       		.byte	53
 1425 0578 CA       		.byte	-54
ARM GAS  C:\Users\ash750\AppData\Local\Temp\ccY1VG8s.s 			page 26


 1426 0579 15       		.byte	21
 1427 057a CC       		.byte	-52
 1428 057b DB       		.byte	-37
 1429 057c CE       		.byte	-50
 1430 057d 7A       		.byte	122
 1431 057e E2       		.byte	-30
 1432 057f 50       		.byte	80
 1433 0580 E4       		.byte	-28
 1434 0581 08       		.byte	8
 1435 0582 E6       		.byte	-26
 1436 0583 30       		.byte	48
 1437 0584 EA       		.byte	-22
 1438 0585 10       		.byte	16
 1439 0586 EE       		.byte	-18
 1440 0587 02       		.byte	2
 1441 0588 E4       		.byte	-28
 1442 0589 48       		.byte	72
 1443 058a E8       		.byte	-24
 1444 058b 40       		.byte	64
 1445 058c EE       		.byte	-18
 1446 058d 02       		.byte	2
 1447 058e E8       		.byte	-24
 1448 058f 10       		.byte	16
 1449 0590 EC       		.byte	-20
 1450 0591 40       		.byte	64
 1451 0592 12       		.byte	18
 1452 0593 04       		.byte	4
 1453 0594 13       		.byte	19
 1454 0595 04       		.byte	4
 1455 0596 16       		.byte	22
 1456 0597 20       		.byte	32
 1457 0598 32       		.byte	50
 1458 0599 41       		.byte	65
 1459 059a 36       		.byte	54
 1460 059b 41       		.byte	65
 1461 059c 39       		.byte	57
 1462 059d 40       		.byte	64
 1463 059e 3A       		.byte	58
 1464 059f 04       		.byte	4
 1465 05a0 3D       		.byte	61
 1466 05a1 40       		.byte	64
 1467 05a2 3E       		.byte	62
 1468 05a3 08       		.byte	8
 1469 05a4 69       		.byte	105
 1470 05a5 40       		.byte	64
 1471 05a6 6A       		.byte	106
 1472 05a7 80       		.byte	-128
 1473 05a8 80       		.byte	-128
 1474 05a9 10       		.byte	16
 1475 05aa C4       		.byte	-60
 1476 05ab 70       		.byte	112
 1477 05ac CC       		.byte	-52
 1478 05ad F0       		.byte	-16
 1479 05ae CE       		.byte	-50
 1480 05af F0       		.byte	-16
 1481 05b0 E2       		.byte	-30
 1482 05b1 20       		.byte	32
ARM GAS  C:\Users\ash750\AppData\Local\Temp\ccY1VG8s.s 			page 27


 1483 05b2 51       		.byte	81
 1484 05b3 08       		.byte	8
 1485 05b4 56       		.byte	86
 1486 05b5 02       		.byte	2
 1487 05b6 5B       		.byte	91
 1488 05b7 40       		.byte	64
 1489 05b8 5C       		.byte	92
 1490 05b9 01       		.byte	1
 1491 05ba 62       		.byte	98
 1492 05bb 20       		.byte	32
 1493 05bc 65       		.byte	101
 1494 05bd 02       		.byte	2
 1495 05be 86       		.byte	-122
 1496 05bf 01       		.byte	1
 1497 05c0 90       		.byte	-112
 1498 05c1 20       		.byte	32
 1499 05c2 96       		.byte	-106
 1500 05c3 82       		.byte	-126
 1501 05c4 9A       		.byte	-102
 1502 05c5 20       		.byte	32
 1503 05c6 A2       		.byte	-94
 1504 05c7 20       		.byte	32
 1505 05c8 A6       		.byte	-90
 1506 05c9 41       		.byte	65
 1507 05ca AA       		.byte	-86
 1508 05cb 20       		.byte	32
 1509 05cc AF       		.byte	-81
 1510 05cd 04       		.byte	4
 1511 05ce B2       		.byte	-78
 1512 05cf 08       		.byte	8
 1513 05d0 D4       		.byte	-44
 1514 05d1 A0       		.byte	-96
 1515 05d2 D6       		.byte	-42
 1516 05d3 A0       		.byte	-96
 1517 05d4 D8       		.byte	-40
 1518 05d5 C0       		.byte	-64
 1519 05d6 E6       		.byte	-26
 1520 05d7 40       		.byte	64
 1521 05d8 E8       		.byte	-24
 1522 05d9 40       		.byte	64
 1523 05da EE       		.byte	-18
 1524 05db 80       		.byte	-128
 1525 05dc 12       		.byte	18
 1526 05dd 20       		.byte	32
 1527 05de 59       		.byte	89
 1528 05df 08       		.byte	8
 1529 05e0 81       		.byte	-127
 1530 05e1 08       		.byte	8
 1531 05e2 8A       		.byte	-118
 1532 05e3 40       		.byte	64
 1533 05e4 90       		.byte	-112
 1534 05e5 20       		.byte	32
 1535 05e6 94       		.byte	-108
 1536 05e7 01       		.byte	1
 1537 05e8 9A       		.byte	-102
 1538 05e9 20       		.byte	32
 1539 05ea 9D       		.byte	-99
ARM GAS  C:\Users\ash750\AppData\Local\Temp\ccY1VG8s.s 			page 28


 1540 05eb 02       		.byte	2
 1541 05ec 9E       		.byte	-98
 1542 05ed 02       		.byte	2
 1543 05ee 9F       		.byte	-97
 1544 05ef 40       		.byte	64
 1545 05f0 A5       		.byte	-91
 1546 05f1 08       		.byte	8
 1547 05f2 A6       		.byte	-90
 1548 05f3 41       		.byte	65
 1549 05f4 AA       		.byte	-86
 1550 05f5 40       		.byte	64
 1551 05f6 C4       		.byte	-60
 1552 05f7 10       		.byte	16
 1553 05f8 D6       		.byte	-42
 1554 05f9 40       		.byte	64
 1555 05fa E6       		.byte	-26
 1556 05fb 20       		.byte	32
 1557 05fc EE       		.byte	-18
 1558 05fd 80       		.byte	-128
 1559 05fe 82       		.byte	-126
 1560 05ff 01       		.byte	1
 1561 0600 90       		.byte	-112
 1562 0601 20       		.byte	32
 1563 0602 94       		.byte	-108
 1564 0603 01       		.byte	1
 1565 0604 9A       		.byte	-102
 1566 0605 40       		.byte	64
 1567 0606 9D       		.byte	-99
 1568 0607 02       		.byte	2
 1569 0608 9F       		.byte	-97
 1570 0609 40       		.byte	64
 1571 060a A5       		.byte	-91
 1572 060b 08       		.byte	8
 1573 060c A6       		.byte	-90
 1574 060d 41       		.byte	65
 1575 060e AA       		.byte	-86
 1576 060f 20       		.byte	32
 1577 0610 B6       		.byte	-74
 1578 0611 22       		.byte	34
 1579 0612 E6       		.byte	-26
 1580 0613 80       		.byte	-128
 1581 0614 EC       		.byte	-20
 1582 0615 80       		.byte	-128
 1583 0616 82       		.byte	-126
 1584 0617 01       		.byte	1
 1585 0618 53       		.byte	83
 1586 0619 81       		.byte	-127
 1587 061a 54       		.byte	84
 1588 061b 42       		.byte	66
 1589 061c 5C       		.byte	92
 1590 061d 08       		.byte	8
 1591 061e 60       		.byte	96
 1592 061f 04       		.byte	4
 1593 0620 63       		.byte	99
 1594 0621 01       		.byte	1
 1595 0622 64       		.byte	100
 1596 0623 10       		.byte	16
ARM GAS  C:\Users\ash750\AppData\Local\Temp\ccY1VG8s.s 			page 29


 1597 0624 86       		.byte	-122
 1598 0625 40       		.byte	64
 1599 0626 87       		.byte	-121
 1600 0627 20       		.byte	32
 1601 0628 92       		.byte	-110
 1602 0629 10       		.byte	16
 1603 062a A0       		.byte	-96
 1604 062b 40       		.byte	64
 1605 062c A2       		.byte	-94
 1606 062d 01       		.byte	1
 1607 062e A7       		.byte	-89
 1608 062f 08       		.byte	8
 1609 0630 AC       		.byte	-84
 1610 0631 40       		.byte	64
 1611 0632 B3       		.byte	-77
 1612 0633 08       		.byte	8
 1613 0634 B6       		.byte	-74
 1614 0635 10       		.byte	16
 1615 0636 D4       		.byte	-44
 1616 0637 07       		.byte	7
 1617 0638 D6       		.byte	-42
 1618 0639 07       		.byte	7
 1619 063a D8       		.byte	-40
 1620 063b 03       		.byte	3
 1621 063c EA       		.byte	-22
 1622 063d 04       		.byte	4
 1623 063e EC       		.byte	-20
 1624 063f 08       		.byte	8
 1625 0640 1B       		.byte	27
 1626 0641 08       		.byte	8
 1627 0642 27       		.byte	39
 1628 0643 20       		.byte	32
 1629 0644 54       		.byte	84
 1630 0645 08       		.byte	8
 1631 0646 92       		.byte	-110
 1632 0647 10       		.byte	16
 1633 0648 94       		.byte	-108
 1634 0649 04       		.byte	4
 1635 064a 97       		.byte	-105
 1636 064b 03       		.byte	3
 1637 064c 9C       		.byte	-100
 1638 064d 08       		.byte	8
 1639 064e 9F       		.byte	-97
 1640 064f 20       		.byte	32
 1641 0650 A0       		.byte	-96
 1642 0651 08       		.byte	8
 1643 0652 A2       		.byte	-94
 1644 0653 01       		.byte	1
 1645 0654 A4       		.byte	-92
 1646 0655 02       		.byte	2
 1647 0656 A6       		.byte	-90
 1648 0657 40       		.byte	64
 1649 0658 A7       		.byte	-89
 1650 0659 88       		.byte	-120
 1651 065a AC       		.byte	-84
 1652 065b 10       		.byte	16
 1653 065c B0       		.byte	-80
ARM GAS  C:\Users\ash750\AppData\Local\Temp\ccY1VG8s.s 			page 30


 1654 065d 08       		.byte	8
 1655 065e C6       		.byte	-58
 1656 065f 08       		.byte	8
 1657 0660 C8       		.byte	-56
 1658 0661 01       		.byte	1
 1659 0662 D4       		.byte	-44
 1660 0663 02       		.byte	2
 1661 0664 EC       		.byte	-20
 1662 0665 04       		.byte	4
 1663 0666 08       		.byte	8
 1664 0667 80       		.byte	-128
 1665 0668 0B       		.byte	11
 1666 0669 40       		.byte	64
 1667 066a 0E       		.byte	14
 1668 066b 80       		.byte	-128
 1669 066c 42       		.byte	66
 1670 066d 10       		.byte	16
 1671 066e 44       		.byte	68
 1672 066f 02       		.byte	2
 1673 0670 80       		.byte	-128
 1674 0671 80       		.byte	-128
 1675 0672 83       		.byte	-125
 1676 0673 01       		.byte	1
 1677 0674 8F       		.byte	-113
 1678 0675 01       		.byte	1
 1679 0676 92       		.byte	-110
 1680 0677 10       		.byte	16
 1681 0678 94       		.byte	-108
 1682 0679 04       		.byte	4
 1683 067a 97       		.byte	-105
 1684 067b 03       		.byte	3
 1685 067c 9C       		.byte	-100
 1686 067d 08       		.byte	8
 1687 067e A2       		.byte	-94
 1688 067f 01       		.byte	1
 1689 0680 A4       		.byte	-92
 1690 0681 02       		.byte	2
 1691 0682 A6       		.byte	-90
 1692 0683 40       		.byte	64
 1693 0684 A7       		.byte	-89
 1694 0685 80       		.byte	-128
 1695 0686 C2       		.byte	-62
 1696 0687 0E       		.byte	14
 1697 0688 D0       		.byte	-48
 1698 0689 06       		.byte	6
 1699 068a E0       		.byte	-32
 1700 068b 02       		.byte	2
 1701 068c 24       		.byte	36
 1702 068d 08       		.byte	8
 1703 068e 51       		.byte	81
 1704 068f 01       		.byte	1
 1705 0690 52       		.byte	82
 1706 0691 40       		.byte	64
 1707 0692 5C       		.byte	92
 1708 0693 10       		.byte	16
 1709 0694 83       		.byte	-125
 1710 0695 08       		.byte	8
ARM GAS  C:\Users\ash750\AppData\Local\Temp\ccY1VG8s.s 			page 31


 1711 0696 89       		.byte	-119
 1712 0697 08       		.byte	8
 1713 0698 8C       		.byte	-116
 1714 0699 11       		.byte	17
 1715 069a 8D       		.byte	-115
 1716 069b 02       		.byte	2
 1717 069c 90       		.byte	-112
 1718 069d 20       		.byte	32
 1719 069e 94       		.byte	-108
 1720 069f 01       		.byte	1
 1721 06a0 9A       		.byte	-102
 1722 06a1 40       		.byte	64
 1723 06a2 9D       		.byte	-99
 1724 06a3 02       		.byte	2
 1725 06a4 A3       		.byte	-93
 1726 06a5 10       		.byte	16
 1727 06a6 A5       		.byte	-91
 1728 06a7 08       		.byte	8
 1729 06a8 AB       		.byte	-85
 1730 06a9 10       		.byte	16
 1731 06aa AE       		.byte	-82
 1732 06ab 40       		.byte	64
 1733 06ac B7       		.byte	-73
 1734 06ad 40       		.byte	64
 1735 06ae C8       		.byte	-56
 1736 06af 20       		.byte	32
 1737 06b0 D4       		.byte	-44
 1738 06b1 A0       		.byte	-96
 1739 06b2 D6       		.byte	-42
 1740 06b3 20       		.byte	32
 1741 06b4 E2       		.byte	-30
 1742 06b5 20       		.byte	32
 1743 06b6 EE       		.byte	-18
 1744 06b7 C0       		.byte	-64
 1745 06b8 50       		.byte	80
 1746 06b9 10       		.byte	16
 1747 06ba 57       		.byte	87
 1748 06bb 10       		.byte	16
 1749 06bc 58       		.byte	88
 1750 06bd 48       		.byte	72
 1751 06be 5F       		.byte	95
 1752 06bf 48       		.byte	72
 1753 06c0 62       		.byte	98
 1754 06c1 01       		.byte	1
 1755 06c2 67       		.byte	103
 1756 06c3 08       		.byte	8
 1757 06c4 80       		.byte	-128
 1758 06c5 08       		.byte	8
 1759 06c6 84       		.byte	-124
 1760 06c7 40       		.byte	64
 1761 06c8 87       		.byte	-121
 1762 06c9 40       		.byte	64
 1763 06ca 89       		.byte	-119
 1764 06cb 01       		.byte	1
 1765 06cc 8B       		.byte	-117
 1766 06cd 04       		.byte	4
 1767 06ce 8E       		.byte	-114
ARM GAS  C:\Users\ash750\AppData\Local\Temp\ccY1VG8s.s 			page 32


 1768 06cf 01       		.byte	1
 1769 06d0 90       		.byte	-112
 1770 06d1 20       		.byte	32
 1771 06d2 95       		.byte	-107
 1772 06d3 02       		.byte	2
 1773 06d4 9B       		.byte	-101
 1774 06d5 08       		.byte	8
 1775 06d6 A3       		.byte	-93
 1776 06d7 10       		.byte	16
 1777 06d8 B4       		.byte	-76
 1778 06d9 04       		.byte	4
 1779 06da D4       		.byte	-44
 1780 06db E0       		.byte	-32
 1781 06dc D6       		.byte	-42
 1782 06dd E0       		.byte	-32
 1783 06de D8       		.byte	-40
 1784 06df C0       		.byte	-64
 1785 06e0 E6       		.byte	-26
 1786 06e1 70       		.byte	112
 1787 06e2 5E       		.byte	94
 1788 06e3 02       		.byte	2
 1789 06e4 84       		.byte	-124
 1790 06e5 08       		.byte	8
 1791 06e6 8C       		.byte	-116
 1792 06e7 02       		.byte	2
 1793 06e8 94       		.byte	-108
 1794 06e9 04       		.byte	4
 1795 06ea 9C       		.byte	-100
 1796 06eb 0A       		.byte	10
 1797 06ec A2       		.byte	-94
 1798 06ed 01       		.byte	1
 1799 06ee A4       		.byte	-92
 1800 06ef 02       		.byte	2
 1801 06f0 AF       		.byte	-81
 1802 06f1 40       		.byte	64
 1803 06f2 B7       		.byte	-73
 1804 06f3 80       		.byte	-128
 1805 06f4 D6       		.byte	-42
 1806 06f5 01       		.byte	1
 1807 06f6 E4       		.byte	-28
 1808 06f7 02       		.byte	2
 1809 06f8 E8       		.byte	-24
 1810 06f9 02       		.byte	2
 1811 06fa B4       		.byte	-76
 1812 06fb 06       		.byte	6
 1813 06fc E8       		.byte	-24
 1814 06fd 08       		.byte	8
 1815 06fe EC       		.byte	-20
 1816 06ff 02       		.byte	2
 1817 0700 00       		.byte	0
 1818 0701 01       		.byte	1
 1819 0702 01       		.byte	1
 1820 0703 01       		.byte	1
 1821 0704 08       		.byte	8
 1822 0705 01       		.byte	1
 1823 0706 09       		.byte	9
 1824 0707 01       		.byte	1
ARM GAS  C:\Users\ash750\AppData\Local\Temp\ccY1VG8s.s 			page 33


 1825 0708 0A       		.byte	10
 1826 0709 01       		.byte	1
 1827 070a 0B       		.byte	11
 1828 070b 01       		.byte	1
 1829 070c 10       		.byte	16
 1830 070d 01       		.byte	1
 1831 070e 1A       		.byte	26
 1832 070f 01       		.byte	1
 1833 0710 00       		.byte	0
 1834 0711 AB       		.byte	-85
 1835 0712 01       		.byte	1
 1836 0713 03       		.byte	3
 1837 0714 10       		.byte	16
 1838 0715 2A       		.byte	42
 1839 0716 00       		.byte	0
 1840 0717 00       		.byte	0
 1841 0718 00       		.byte	0
 1842 0719 00       		.byte	0
 1843 071a 00       		.byte	0
 1844 071b 00       		.byte	0
 1845 071c 00       		.byte	0
 1846 071d DD       		.byte	-35
 1847 071e DD       		.byte	-35
 1848 071f 00       		.byte	0
 1849 0720 00       		.byte	0
 1850 0721 FF       		.byte	-1
 1851 0722 FF       		.byte	-1
 1852 0723 00       		.byte	0
 1853 0724 FF       		.byte	-1
 1854 0725 00       		.byte	0
 1855 0726 00       		.byte	0
 1856 0727 00       		.byte	0
 1857 0728 40       		.byte	64
 1858 0729 00       		.byte	0
 1859 072a 00       		.byte	0
 1860 072b 00       		.byte	0
 1861 072c 00       		.byte	0
 1862 072d 00       		.byte	0
 1863 072e 00       		.byte	0
 1864 072f 2E       		.byte	46
 1865 0730 EE       		.byte	-18
 1866 0731 00       		.byte	0
 1867 0732 00       		.byte	0
 1868 0733 00       		.byte	0
 1869 0734 00       		.byte	0
 1870 0735 0B       		.byte	11
 1871 0736 0B       		.byte	11
 1872 0737 00       		.byte	0
 1873 0738 00       		.byte	0
 1874 0739 80       		.byte	-128
 1875 073a 80       		.byte	-128
 1876 073b 00       		.byte	0
 1877 073c 00       		.byte	0
 1878 073d 11       		.byte	17
 1879 073e 11       		.byte	17
 1880 073f 00       		.byte	0
 1881 0740 11       		.byte	17
ARM GAS  C:\Users\ash750\AppData\Local\Temp\ccY1VG8s.s 			page 34


 1882 0741 EE       		.byte	-18
 1883 0742 EE       		.byte	-18
 1884 0743 00       		.byte	0
 1885 0744 00       		.byte	0
 1886 0745 00       		.byte	0
 1887 0746 00       		.byte	0
 1888 0747 00       		.byte	0
 1889 0748 00       		.byte	0
 1890 0749 FF       		.byte	-1
 1891 074a FF       		.byte	-1
 1892 074b 00       		.byte	0
 1893 074c 00       		.byte	0
 1894 074d 01       		.byte	1
 1895 074e 00       		.byte	0
 1896 074f 00       		.byte	0
 1897 0750 00       		.byte	0
 1898 0751 02       		.byte	2
 1899 0752 00       		.byte	0
 1900 0753 00       		.byte	0
 1901              		.global	cy_meta_custnvl
 1902              		.section	.cycustnvl,"a",%progbits
 1903              		.align	2
 1904              		.type	cy_meta_custnvl, %object
 1905              		.size	cy_meta_custnvl, 4
 1906              	cy_meta_custnvl:
 1907 0000 00       		.byte	0
 1908 0001 00       		.byte	0
 1909 0002 40       		.byte	64
 1910 0003 05       		.byte	5
 1911              		.global	cy_meta_wonvl
 1912              		.section	.cywolatch,"a",%progbits
 1913              		.align	2
 1914              		.type	cy_meta_wonvl, %object
 1915              		.size	cy_meta_wonvl, 4
 1916              	cy_meta_wonvl:
 1917 0000 BC       		.byte	-68
 1918 0001 90       		.byte	-112
 1919 0002 AC       		.byte	-84
 1920 0003 AF       		.byte	-81
 1921              		.global	cy_meta_flashprotect
 1922              		.section	.cyflashprotect,"a",%progbits
 1923              		.align	2
 1924              		.type	cy_meta_flashprotect, %object
 1925              		.size	cy_meta_flashprotect, 256
 1926              	cy_meta_flashprotect:
 1927 0000 00000000 		.space	256
 1927      00000000 
 1927      00000000 
 1927      00000000 
 1927      00000000 
 1928              		.global	cy_metadata
 1929              		.section	.cymeta,"a",%progbits
 1930              		.align	2
 1931              		.type	cy_metadata, %object
 1932              		.size	cy_metadata, 12
 1933              	cy_metadata:
 1934 0000 00       		.byte	0
ARM GAS  C:\Users\ash750\AppData\Local\Temp\ccY1VG8s.s 			page 35


 1935 0001 01       		.byte	1
 1936 0002 2E       		.byte	46
 1937 0003 16       		.byte	22
 1938 0004 10       		.byte	16
 1939 0005 69       		.byte	105
 1940 0006 00       		.byte	0
 1941 0007 01       		.byte	1
 1942 0008 00       		.byte	0
 1943 0009 00       		.byte	0
 1944 000a 00       		.byte	0
 1945 000b 00       		.byte	0
 1946              		.text
 1947              	.Letext0:
 1948              		.file 1 "c:\\program files (x86)\\cypress\\psoc creator\\4.2\\psoc creator\\import\\gnu\\arm\\5.4.
 1949              		.file 2 "c:\\program files (x86)\\cypress\\psoc creator\\4.2\\psoc creator\\import\\gnu\\arm\\5.4.
 1950              		.file 3 "Generated_Source\\PSoC5\\cymetadata.c"
 1951              		.section	.debug_info,"",%progbits
 1952              	.Ldebug_info0:
 1953 0000 35010000 		.4byte	0x135
 1954 0004 0400     		.2byte	0x4
 1955 0006 00000000 		.4byte	.Ldebug_abbrev0
 1956 000a 04       		.byte	0x4
 1957 000b 01       		.uleb128 0x1
 1958 000c 0A000000 		.4byte	.LASF17
 1959 0010 0C       		.byte	0xc
 1960 0011 C6010000 		.4byte	.LASF18
 1961 0015 E7000000 		.4byte	.LASF19
 1962 0019 00000000 		.4byte	.Ldebug_line0
 1963 001d 02       		.uleb128 0x2
 1964 001e 01       		.byte	0x1
 1965 001f 06       		.byte	0x6
 1966 0020 BA010000 		.4byte	.LASF0
 1967 0024 03       		.uleb128 0x3
 1968 0025 00000000 		.4byte	.LASF9
 1969 0029 01       		.byte	0x1
 1970 002a 1D       		.byte	0x1d
 1971 002b 2F000000 		.4byte	0x2f
 1972 002f 02       		.uleb128 0x2
 1973 0030 01       		.byte	0x1
 1974 0031 08       		.byte	0x8
 1975 0032 A4000000 		.4byte	.LASF1
 1976 0036 02       		.uleb128 0x2
 1977 0037 02       		.byte	0x2
 1978 0038 05       		.byte	0x5
 1979 0039 A7010000 		.4byte	.LASF2
 1980 003d 02       		.uleb128 0x2
 1981 003e 02       		.byte	0x2
 1982 003f 07       		.byte	0x7
 1983 0040 C4000000 		.4byte	.LASF3
 1984 0044 02       		.uleb128 0x2
 1985 0045 04       		.byte	0x4
 1986 0046 05       		.byte	0x5
 1987 0047 B1010000 		.4byte	.LASF4
 1988 004b 02       		.uleb128 0x2
 1989 004c 04       		.byte	0x4
 1990 004d 07       		.byte	0x7
 1991 004e B2000000 		.4byte	.LASF5
ARM GAS  C:\Users\ash750\AppData\Local\Temp\ccY1VG8s.s 			page 36


 1992 0052 02       		.uleb128 0x2
 1993 0053 08       		.byte	0x8
 1994 0054 05       		.byte	0x5
 1995 0055 99010000 		.4byte	.LASF6
 1996 0059 02       		.uleb128 0x2
 1997 005a 08       		.byte	0x8
 1998 005b 07       		.byte	0x7
 1999 005c 4E010000 		.4byte	.LASF7
 2000 0060 04       		.uleb128 0x4
 2001 0061 04       		.byte	0x4
 2002 0062 05       		.byte	0x5
 2003 0063 696E7400 		.ascii	"int\000"
 2004 0067 02       		.uleb128 0x2
 2005 0068 04       		.byte	0x4
 2006 0069 07       		.byte	0x7
 2007 006a 41010000 		.4byte	.LASF8
 2008 006e 03       		.uleb128 0x3
 2009 006f 65010000 		.4byte	.LASF10
 2010 0073 02       		.byte	0x2
 2011 0074 18       		.byte	0x18
 2012 0075 24000000 		.4byte	0x24
 2013 0079 05       		.uleb128 0x5
 2014 007a 91000000 		.4byte	0x91
 2015 007e 8A000000 		.4byte	0x8a
 2016 0082 06       		.uleb128 0x6
 2017 0083 8A000000 		.4byte	0x8a
 2018 0087 5307     		.2byte	0x753
 2019 0089 00       		.byte	0
 2020 008a 02       		.uleb128 0x2
 2021 008b 04       		.byte	0x4
 2022 008c 07       		.byte	0x7
 2023 008d 90010000 		.4byte	.LASF11
 2024 0091 07       		.uleb128 0x7
 2025 0092 6E000000 		.4byte	0x6e
 2026 0096 08       		.uleb128 0x8
 2027 0097 2F010000 		.4byte	.LASF12
 2028 009b 03       		.byte	0x3
 2029 009c 1F       		.byte	0x1f
 2030 009d A7000000 		.4byte	0xa7
 2031 00a1 05       		.uleb128 0x5
 2032 00a2 03       		.byte	0x3
 2033 00a3 00000000 		.4byte	cy_meta_configecc
 2034 00a7 07       		.uleb128 0x7
 2035 00a8 79000000 		.4byte	0x79
 2036 00ac 05       		.uleb128 0x5
 2037 00ad 91000000 		.4byte	0x91
 2038 00b1 BC000000 		.4byte	0xbc
 2039 00b5 09       		.uleb128 0x9
 2040 00b6 8A000000 		.4byte	0x8a
 2041 00ba 03       		.byte	0x3
 2042 00bb 00       		.byte	0
 2043 00bc 0A       		.uleb128 0xa
 2044 00bd D7000000 		.4byte	.LASF13
 2045 00c1 03       		.byte	0x3
 2046 00c2 1701     		.2byte	0x117
 2047 00c4 CE000000 		.4byte	0xce
 2048 00c8 05       		.uleb128 0x5
ARM GAS  C:\Users\ash750\AppData\Local\Temp\ccY1VG8s.s 			page 37


 2049 00c9 03       		.byte	0x3
 2050 00ca 00000000 		.4byte	cy_meta_custnvl
 2051 00ce 07       		.uleb128 0x7
 2052 00cf AC000000 		.4byte	0xac
 2053 00d3 0A       		.uleb128 0xa
 2054 00d4 82010000 		.4byte	.LASF14
 2055 00d8 03       		.byte	0x3
 2056 00d9 2501     		.2byte	0x125
 2057 00db E5000000 		.4byte	0xe5
 2058 00df 05       		.uleb128 0x5
 2059 00e0 03       		.byte	0x3
 2060 00e1 00000000 		.4byte	cy_meta_wonvl
 2061 00e5 07       		.uleb128 0x7
 2062 00e6 AC000000 		.4byte	0xac
 2063 00ea 05       		.uleb128 0x5
 2064 00eb 91000000 		.4byte	0x91
 2065 00ef FA000000 		.4byte	0xfa
 2066 00f3 09       		.uleb128 0x9
 2067 00f4 8A000000 		.4byte	0x8a
 2068 00f8 FF       		.byte	0xff
 2069 00f9 00       		.byte	0
 2070 00fa 0A       		.uleb128 0xa
 2071 00fb 6D010000 		.4byte	.LASF15
 2072 00ff 03       		.byte	0x3
 2073 0100 3301     		.2byte	0x133
 2074 0102 0C010000 		.4byte	0x10c
 2075 0106 05       		.uleb128 0x5
 2076 0107 03       		.byte	0x3
 2077 0108 00000000 		.4byte	cy_meta_flashprotect
 2078 010c 07       		.uleb128 0x7
 2079 010d EA000000 		.4byte	0xea
 2080 0111 05       		.uleb128 0x5
 2081 0112 91000000 		.4byte	0x91
 2082 0116 21010000 		.4byte	0x121
 2083 011a 09       		.uleb128 0x9
 2084 011b 8A000000 		.4byte	0x8a
 2085 011f 0B       		.byte	0xb
 2086 0120 00       		.byte	0
 2087 0121 0A       		.uleb128 0xa
 2088 0122 98000000 		.4byte	.LASF16
 2089 0126 03       		.byte	0x3
 2090 0127 6001     		.2byte	0x160
 2091 0129 33010000 		.4byte	0x133
 2092 012d 05       		.uleb128 0x5
 2093 012e 03       		.byte	0x3
 2094 012f 00000000 		.4byte	cy_metadata
 2095 0133 07       		.uleb128 0x7
 2096 0134 11010000 		.4byte	0x111
 2097 0138 00       		.byte	0
 2098              		.section	.debug_abbrev,"",%progbits
 2099              	.Ldebug_abbrev0:
 2100 0000 01       		.uleb128 0x1
 2101 0001 11       		.uleb128 0x11
 2102 0002 01       		.byte	0x1
 2103 0003 25       		.uleb128 0x25
 2104 0004 0E       		.uleb128 0xe
 2105 0005 13       		.uleb128 0x13
ARM GAS  C:\Users\ash750\AppData\Local\Temp\ccY1VG8s.s 			page 38


 2106 0006 0B       		.uleb128 0xb
 2107 0007 03       		.uleb128 0x3
 2108 0008 0E       		.uleb128 0xe
 2109 0009 1B       		.uleb128 0x1b
 2110 000a 0E       		.uleb128 0xe
 2111 000b 10       		.uleb128 0x10
 2112 000c 17       		.uleb128 0x17
 2113 000d 00       		.byte	0
 2114 000e 00       		.byte	0
 2115 000f 02       		.uleb128 0x2
 2116 0010 24       		.uleb128 0x24
 2117 0011 00       		.byte	0
 2118 0012 0B       		.uleb128 0xb
 2119 0013 0B       		.uleb128 0xb
 2120 0014 3E       		.uleb128 0x3e
 2121 0015 0B       		.uleb128 0xb
 2122 0016 03       		.uleb128 0x3
 2123 0017 0E       		.uleb128 0xe
 2124 0018 00       		.byte	0
 2125 0019 00       		.byte	0
 2126 001a 03       		.uleb128 0x3
 2127 001b 16       		.uleb128 0x16
 2128 001c 00       		.byte	0
 2129 001d 03       		.uleb128 0x3
 2130 001e 0E       		.uleb128 0xe
 2131 001f 3A       		.uleb128 0x3a
 2132 0020 0B       		.uleb128 0xb
 2133 0021 3B       		.uleb128 0x3b
 2134 0022 0B       		.uleb128 0xb
 2135 0023 49       		.uleb128 0x49
 2136 0024 13       		.uleb128 0x13
 2137 0025 00       		.byte	0
 2138 0026 00       		.byte	0
 2139 0027 04       		.uleb128 0x4
 2140 0028 24       		.uleb128 0x24
 2141 0029 00       		.byte	0
 2142 002a 0B       		.uleb128 0xb
 2143 002b 0B       		.uleb128 0xb
 2144 002c 3E       		.uleb128 0x3e
 2145 002d 0B       		.uleb128 0xb
 2146 002e 03       		.uleb128 0x3
 2147 002f 08       		.uleb128 0x8
 2148 0030 00       		.byte	0
 2149 0031 00       		.byte	0
 2150 0032 05       		.uleb128 0x5
 2151 0033 01       		.uleb128 0x1
 2152 0034 01       		.byte	0x1
 2153 0035 49       		.uleb128 0x49
 2154 0036 13       		.uleb128 0x13
 2155 0037 01       		.uleb128 0x1
 2156 0038 13       		.uleb128 0x13
 2157 0039 00       		.byte	0
 2158 003a 00       		.byte	0
 2159 003b 06       		.uleb128 0x6
 2160 003c 21       		.uleb128 0x21
 2161 003d 00       		.byte	0
 2162 003e 49       		.uleb128 0x49
ARM GAS  C:\Users\ash750\AppData\Local\Temp\ccY1VG8s.s 			page 39


 2163 003f 13       		.uleb128 0x13
 2164 0040 2F       		.uleb128 0x2f
 2165 0041 05       		.uleb128 0x5
 2166 0042 00       		.byte	0
 2167 0043 00       		.byte	0
 2168 0044 07       		.uleb128 0x7
 2169 0045 26       		.uleb128 0x26
 2170 0046 00       		.byte	0
 2171 0047 49       		.uleb128 0x49
 2172 0048 13       		.uleb128 0x13
 2173 0049 00       		.byte	0
 2174 004a 00       		.byte	0
 2175 004b 08       		.uleb128 0x8
 2176 004c 34       		.uleb128 0x34
 2177 004d 00       		.byte	0
 2178 004e 03       		.uleb128 0x3
 2179 004f 0E       		.uleb128 0xe
 2180 0050 3A       		.uleb128 0x3a
 2181 0051 0B       		.uleb128 0xb
 2182 0052 3B       		.uleb128 0x3b
 2183 0053 0B       		.uleb128 0xb
 2184 0054 49       		.uleb128 0x49
 2185 0055 13       		.uleb128 0x13
 2186 0056 3F       		.uleb128 0x3f
 2187 0057 19       		.uleb128 0x19
 2188 0058 02       		.uleb128 0x2
 2189 0059 18       		.uleb128 0x18
 2190 005a 00       		.byte	0
 2191 005b 00       		.byte	0
 2192 005c 09       		.uleb128 0x9
 2193 005d 21       		.uleb128 0x21
 2194 005e 00       		.byte	0
 2195 005f 49       		.uleb128 0x49
 2196 0060 13       		.uleb128 0x13
 2197 0061 2F       		.uleb128 0x2f
 2198 0062 0B       		.uleb128 0xb
 2199 0063 00       		.byte	0
 2200 0064 00       		.byte	0
 2201 0065 0A       		.uleb128 0xa
 2202 0066 34       		.uleb128 0x34
 2203 0067 00       		.byte	0
 2204 0068 03       		.uleb128 0x3
 2205 0069 0E       		.uleb128 0xe
 2206 006a 3A       		.uleb128 0x3a
 2207 006b 0B       		.uleb128 0xb
 2208 006c 3B       		.uleb128 0x3b
 2209 006d 05       		.uleb128 0x5
 2210 006e 49       		.uleb128 0x49
 2211 006f 13       		.uleb128 0x13
 2212 0070 3F       		.uleb128 0x3f
 2213 0071 19       		.uleb128 0x19
 2214 0072 02       		.uleb128 0x2
 2215 0073 18       		.uleb128 0x18
 2216 0074 00       		.byte	0
 2217 0075 00       		.byte	0
 2218 0076 00       		.byte	0
 2219              		.section	.debug_aranges,"",%progbits
ARM GAS  C:\Users\ash750\AppData\Local\Temp\ccY1VG8s.s 			page 40


 2220 0000 14000000 		.4byte	0x14
 2221 0004 0200     		.2byte	0x2
 2222 0006 00000000 		.4byte	.Ldebug_info0
 2223 000a 04       		.byte	0x4
 2224 000b 00       		.byte	0
 2225 000c 0000     		.2byte	0
 2226 000e 0000     		.2byte	0
 2227 0010 00000000 		.4byte	0
 2228 0014 00000000 		.4byte	0
 2229              		.section	.debug_line,"",%progbits
 2230              	.Ldebug_line0:
 2231 0000 3D010000 		.section	.debug_str,"MS",%progbits,1
 2231      02003701 
 2231      00000201 
 2231      FB0E0D00 
 2231      01010101 
 2232              	.LASF9:
 2233 0000 5F5F7569 		.ascii	"__uint8_t\000"
 2233      6E74385F 
 2233      7400
 2234              	.LASF17:
 2235 000a 474E5520 		.ascii	"GNU C11 5.4.1 20160609 (release) [ARM/embedded-5-br"
 2235      43313120 
 2235      352E342E 
 2235      31203230 
 2235      31363036 
 2236 003d 616E6368 		.ascii	"anch revision 237715] -mcpu=cortex-m3 -mthumb -g -O"
 2236      20726576 
 2236      6973696F 
 2236      6E203233 
 2236      37373135 
 2237 0070 30202D66 		.ascii	"0 -ffunction-sections -ffat-lto-objects\000"
 2237      66756E63 
 2237      74696F6E 
 2237      2D736563 
 2237      74696F6E 
 2238              	.LASF16:
 2239 0098 63795F6D 		.ascii	"cy_metadata\000"
 2239      65746164 
 2239      61746100 
 2240              	.LASF1:
 2241 00a4 756E7369 		.ascii	"unsigned char\000"
 2241      676E6564 
 2241      20636861 
 2241      7200
 2242              	.LASF5:
 2243 00b2 6C6F6E67 		.ascii	"long unsigned int\000"
 2243      20756E73 
 2243      69676E65 
 2243      6420696E 
 2243      7400
 2244              	.LASF3:
 2245 00c4 73686F72 		.ascii	"short unsigned int\000"
 2245      7420756E 
 2245      7369676E 
 2245      65642069 
 2245      6E7400
ARM GAS  C:\Users\ash750\AppData\Local\Temp\ccY1VG8s.s 			page 41


 2246              	.LASF13:
 2247 00d7 63795F6D 		.ascii	"cy_meta_custnvl\000"
 2247      6574615F 
 2247      63757374 
 2247      6E766C00 
 2248              	.LASF19:
 2249 00e7 433A5C55 		.ascii	"C:\\Users\\ash750\\Documents\\GitHub\\Summer_resear"
 2249      73657273 
 2249      5C617368 
 2249      3735305C 
 2249      446F6375 
 2250 0115 63685F61 		.ascii	"ch_ash750\\DMA25READ.cydsn\000"
 2250      73683735 
 2250      305C444D 
 2250      41323552 
 2250      4541442E 
 2251              	.LASF12:
 2252 012f 63795F6D 		.ascii	"cy_meta_configecc\000"
 2252      6574615F 
 2252      636F6E66 
 2252      69676563 
 2252      6300
 2253              	.LASF8:
 2254 0141 756E7369 		.ascii	"unsigned int\000"
 2254      676E6564 
 2254      20696E74 
 2254      00
 2255              	.LASF7:
 2256 014e 6C6F6E67 		.ascii	"long long unsigned int\000"
 2256      206C6F6E 
 2256      6720756E 
 2256      7369676E 
 2256      65642069 
 2257              	.LASF10:
 2258 0165 75696E74 		.ascii	"uint8_t\000"
 2258      385F7400 
 2259              	.LASF15:
 2260 016d 63795F6D 		.ascii	"cy_meta_flashprotect\000"
 2260      6574615F 
 2260      666C6173 
 2260      6870726F 
 2260      74656374 
 2261              	.LASF14:
 2262 0182 63795F6D 		.ascii	"cy_meta_wonvl\000"
 2262      6574615F 
 2262      776F6E76 
 2262      6C00
 2263              	.LASF11:
 2264 0190 73697A65 		.ascii	"sizetype\000"
 2264      74797065 
 2264      00
 2265              	.LASF6:
 2266 0199 6C6F6E67 		.ascii	"long long int\000"
 2266      206C6F6E 
 2266      6720696E 
 2266      7400
 2267              	.LASF2:
ARM GAS  C:\Users\ash750\AppData\Local\Temp\ccY1VG8s.s 			page 42


 2268 01a7 73686F72 		.ascii	"short int\000"
 2268      7420696E 
 2268      7400
 2269              	.LASF4:
 2270 01b1 6C6F6E67 		.ascii	"long int\000"
 2270      20696E74 
 2270      00
 2271              	.LASF0:
 2272 01ba 7369676E 		.ascii	"signed char\000"
 2272      65642063 
 2272      68617200 
 2273              	.LASF18:
 2274 01c6 47656E65 		.ascii	"Generated_Source\\PSoC5\\cymetadata.c\000"
 2274      72617465 
 2274      645F536F 
 2274      75726365 
 2274      5C50536F 
 2275              		.ident	"GCC: (GNU Tools for ARM Embedded Processors) 5.4.1 20160609 (release) [ARM/embedded-5-bran
