#***************************************************************************

#sjplacer

#Version:            1.1

#Build Date:         Dec  5 2017 15:35:27

#File Generated:     Dec 16 2025 15:54:55

#Purpose:            

#Copyright (C) 2010-2011 by Softjin Technologies Pvt Ltd. All rights reserved.

#***************************************************************************

Executing : C:\Program Files (x86)\Cypress\PSoC Creator\4.2\PSoC Creator\bin/sjplacer.exe --proj-name v1_6x1 --netlist-vh2 v1_6x1_p.vh2 --arch p4_udb2x2a --arch-file C:\Program Files (x86)\Cypress\PSoC Creator\4.2\PSoC Creator\dev\arch/udbdsi_2x2_04.cydata --ip-file C:\Program Files (x86)\Cypress\PSoC Creator\4.2\PSoC Creator\dev\psoc4/psoc4a/ip_blocks.cydata --rrg-file C:\Program Files (x86)\Cypress\PSoC Creator\4.2\PSoC Creator\dev\psoc4/psoc4a/route_arch-rrg.cydata --irq-file C:\Program Files (x86)\Cypress\PSoC Creator\4.2\PSoC Creator\dev\psoc4/psoc4a/irqconn.cydata --dsi-conn-file C:\Program Files (x86)\Cypress\PSoC Creator\4.2\PSoC Creator\dev\psoc4/psoc4a/dsiconn.cydata --pins-file pins_44-TQFP.xml --lib-file v1_6x1_p.lib --sdc-file v1_6x1.sdc --io-pcf v1_6x1.pci --outdir .

		Softjin Techologies Placer, Version 1.1

Build Date : Dec  5 2017	15:33:41

D2004: Option and Settings Summary
=============================================================
Netlist vh2 file          - v1_6x1_p.vh2
Architecture file         - C:\Program Files (x86)\Cypress\PSoC Creator\4.2\PSoC Creator\dev\arch/udbdsi_2x2_04.cydata
Package                   - 
Defparam file             - 
SDC file                  - v1_6x1.sdc
Output directory          - .
Timing library            - v1_6x1_p.lib
IO Placement file         - v1_6x1.pci

D2050: Starting reading inputs for placer
=============================================================
D2065: Reading netlist file : "v1_6x1_p.vh2"
D2065: Reading arch file : "C:\Program Files (x86)\Cypress\PSoC Creator\4.2\PSoC Creator\dev\arch/udbdsi_2x2_04.cydata"
D2051: Reading of inputs for placer completed successfully

D2053: Starting placement of the design
=============================================================

Phase 2
Phase 3

Design Statistics after Packing
    Number of Combinational MCs 	:	5
    Number of Sequential MCs    	:	3
    Number of DPs               	:	2
    Number of Controls          	:	2
    Number of Status            	:	2
    Number of SyncCells         	:	1
    Number of count7cells       	:	0

Device Utilization Summary after Packing
    Macrocells                  :	8/32
    UDBS                        :	4/4
    IOs                         :	24/36


D2088: Phase 3, elapsed time : 0.0 (sec)

Phase 4
D2088: Phase 4, elapsed time : 0.0 (sec)

Phase 6

######################################################################
Placement Timing Summary

The timing summary is based on estimated routing delays after
placement. For final timing report, please carry out the timing
analysis after routing.
======================================================================

######################################################################
                     Clock Summary 
======================================================================
Number of clocks: 13
Clock: CapSense_ModClk      | Frequency: N/A       | Target:   0.1 MHz
Clock: CapSense_ModClk(FFB) | Frequency: N/A       | Target:   0.1 MHz
Clock: CapSense_SnsClk      | Frequency: N/A       | Target:   0.1 MHz
Clock: CapSense_SnsClk(FFB) | Frequency: N/A       | Target:   0.1 MHz
Clock: CyHFClk              | Frequency: 115.5 MHz | Target:  24.0 MHz
Clock: CyILO                | Frequency: N/A       | Target:   0.0 MHz
Clock: CyIMO                | Frequency: N/A       | Target:  24.0 MHz
Clock: CyLFClk              | Frequency: N/A       | Target:   0.0 MHz
Clock: CyRouted1            | Frequency: N/A       | Target:  24.0 MHz
Clock: CySysClk             | Frequency: N/A       | Target:  24.0 MHz
Clock: UART_SCBCLK          | Frequency: N/A       | Target:   1.5 MHz
Clock: UART_SCBCLK(FFB)     | Frequency: N/A       | Target:   1.5 MHz
Clock: timer_clock          | Frequency:  41.7 MHz | Target:   0.0 MHz

======================================================================
                     End of Clock Summary
######################################################################

D2088: Phase 6, elapsed time : 0.0 (sec)

Phase 7
######################################################################
                     Clock Summary 
======================================================================
Number of clocks: 13
Clock: CapSense_ModClk      | Frequency: N/A       | Target:   0.1 MHz
Clock: CapSense_ModClk(FFB) | Frequency: N/A       | Target:   0.1 MHz
Clock: CapSense_SnsClk      | Frequency: N/A       | Target:   0.1 MHz
Clock: CapSense_SnsClk(FFB) | Frequency: N/A       | Target:   0.1 MHz
Clock: CyHFClk              | Frequency: 115.5 MHz | Target:  24.0 MHz
Clock: CyILO                | Frequency: N/A       | Target:   0.0 MHz
Clock: CyIMO                | Frequency: N/A       | Target:  24.0 MHz
Clock: CyLFClk              | Frequency: N/A       | Target:   0.0 MHz
Clock: CyRouted1            | Frequency: N/A       | Target:  24.0 MHz
Clock: CySysClk             | Frequency: N/A       | Target:  24.0 MHz
Clock: UART_SCBCLK          | Frequency: N/A       | Target:   1.5 MHz
Clock: UART_SCBCLK(FFB)     | Frequency: N/A       | Target:   1.5 MHz
Clock: timer_clock          | Frequency:  41.7 MHz | Target:   0.0 MHz

======================================================================
                     End of Clock Summary
######################################################################
D2088: Phase 7, elapsed time : 0.1 (sec)

Final Design Statistics
    Number of Combinational MCs 	:	5
    Number of Sequential MCs    	:	3
    Number of DPs               	:	2
    Number of Controls          	:	2
    Number of Status            	:	2
    Number of SyncCells         	:	1
    Number of count7cells       	:	0
    Number of IOs       	:	24

Device Utilization Summary
    Macrocells                  :	8/32
    IOs                         :	24/36



######################################################################
Placement Timing Summary

The timing summary is based on estimated routing delays after
placement. For final timing report, please carry out the timing
analysis after routing.
======================================================================


######################################################################
                     Clock Summary 
======================================================================
Number of clocks: 13
Clock: CapSense_ModClk      | Frequency: N/A       | Target:   0.1 MHz
Clock: CapSense_ModClk(FFB) | Frequency: N/A       | Target:   0.1 MHz
Clock: CapSense_SnsClk      | Frequency: N/A       | Target:   0.1 MHz
Clock: CapSense_SnsClk(FFB) | Frequency: N/A       | Target:   0.1 MHz
Clock: CyHFClk              | Frequency: 115.5 MHz | Target:  26.3 MHz
Clock: CyILO                | Frequency: N/A       | Target:   0.0 MHz
Clock: CyIMO                | Frequency: N/A       | Target:  24.0 MHz
Clock: CyLFClk              | Frequency: N/A       | Target:   0.0 MHz
Clock: CyRouted1            | Frequency: N/A       | Target:  24.0 MHz
Clock: CySysClk             | Frequency: N/A       | Target:  24.0 MHz
Clock: UART_SCBCLK          | Frequency: N/A       | Target:   1.5 MHz
Clock: UART_SCBCLK(FFB)     | Frequency: N/A       | Target:   1.5 MHz
Clock: timer_clock          | Frequency:  40.8 MHz | Target:   0.0 MHz

======================================================================
                     End of Clock Summary
######################################################################

Phase 8
D2088: Phase 8, elapsed time : 0.0 (sec)

D2054: Placement of the design completed successfully

I2076: Total run-time: 0.4 sec.

